SWA1898 330
SWA1899 330
SWA1900 330
SWA1901 330
SWA1902 330
SWA1903 330
SWA1904 330
SWA1905 330
SWA1906 330
SWA1907 330
SWA1908 330
SWA1909 330
SWA1910 330
SWA1911 330
SWA1912 330
SWA1913 330
SWA1914 330
SWA1915 330
SWA1916 330
SWA1917 330
SWA1918 330
SWA1919 330
SWA1920 330
SWA1921 330
SWA1922 330
SWA1923 330
SWA1924 330
SWA1925 330
SWA1926 330
SWA1927 330
SWA1928 330
SWA1929 330
SWA1930 330
SWA1931 330
SWA1932 330
SWA1933 330
SWA1934 330
SWA1935 330
SWA1936 330
SWA1937 330
SWA1938 330
SWA1939 330
SWA1940 330
SWA1941 330
SWA1942 330
SWA1943 330
SWA1944 330
SWA1945 330
SWA1946 330
SWA1947 330
SWA1948 330
SWA1949 330
SWA1950 330
SWA1951 330
SWA1952 330
SWA1953 330
SWA1954 330
SWA1955 330
SWA1956 330
SWA1957 330
SWA1958 330
SWA1959 330
SWA1960 330
SWA1961 330
SWA1962 330
SWA1963 330
SWA1964 330
SWA1965 330
SWA1966 330
SWA1967 330
SWA1968 330
SWA1969 330
SWA1970 330
SWA1971 330
SWA1972 330
SWA1973 330
SWA1974 330
SWA1975 330
SWA1976 330
SWA1977 330
SWA1978 330
SWA1979 330
SWA1980 330
SWA1981 330
SWA1982 330
SWA1983 330
SWA1984 330
SWA1985 330
SWA1986 330
SWA1987 330
SWA1988 330
SWA1989 330
SWA1990 330
SWA1991 330
SWA1992 330
SWA1993 330
SWA1994 330
SWA1995 330
SWA1996 330
SWA1997 330
