TRACK_TIME 1121238067
TRACK ULI-3AFSD3DC24 B733 373638 1222286 130 0 28 ZOA ZOA46
    FP_ROUTE KSFO.<>.<>.KPHX

TRACK ULI-3E6A0495F1 ALOR3 414500 875700 332 109 228 ZAU ZAUOR
    FP_ROUTE KORD.<>.<>.KATL

TRACK ULI-3AFAB4BC27 ALOR1 295600 941200 394 229 85 ZHU NONE
    FP_ROUTE KIAH.<>.<>.KATL

TRACK ULI-707397319B MD80 343400 871000 452 3 96 ZME ZME31
    FP_ROUTE KMEM.<>.<>.KATL

TRACK ULI-1F32553603 B752 384800 1182000 484 350 0 ZOA ZOA33
    FP_ROUTE KSFO.<>.<>.KJFK

TRACK ULI-A757D65C39 ALOR1 324500 1152300 409 293 81 ZLA ZLA31
    FP_ROUTE KSAN.<>.<>.KPHL

TRACK ULI-3533A88AE5 MD82 350300 1202300 465 320 315 ZLA ZLA25
    FP_ROUTE KLAX.<>.<>.KSFO

TRACK ULI-BC2EE76E60 E45X 311100 960000 377 0 334 ZHU ZHU86
    FP_ROUTE KIAH.<>.<>.KMSP

TRACK ULI-BB6249E781 A319 384900 800900 456 313 266 ZDC ZDC03
    FP_ROUTE KIAD.<>.<>.KSFO

