ULI-3AFSD3DC24 330
ULI-3E6A0495F1 350
ULI-FEA47106EB 380
ULI-3AFAB4BC27 290
ULI-707397319B 310
ULI-1F32553603 387
ULI-A757D65C39 370
ULI-3533A88AE5 320
ULI-BC2EE76E60 370
ULI-BB6249E781 380
ULI-08BE3533E2 350
ULI-DD3D5925AA 397
ULI-FDEAB8A1E2 340
ULI-405563A8E8 330
ULI-728FD12A69 370
ULI-8B03E1A861 330
ULI-318D6B576B 370
ULI-197E8BE428 380
ULI-98440B3030 350
ULI-4606CE85AA 370
ULI-942CCE5052 367
ULI-BEFCCFD52F 330
ULI-63EC561B15 380
ULI-CD56FD0D20 390
ULI-901AF7D6DA 370
ULI-BCA19120E5 370
ULI-B559E40231 360
ULI-61DEF4C8F1 380
ULI-5E8E452DE2 350
ULI-ABECA42EED 390
ULI-F1EF442248 370
ULI-51CD092A80 370
ULI-0DC4BD1363 370
ULI-51B72EEFFB 340
ULI-2FC6380C89 370
ULI-931FA81AB2 330
ULI-ECF2C0EA0B 370
ULI-0A375EA3D3 330
ULI-E03FF15397 430
ULI-3D9CB227FE 370
ULI-746E5CC9BB 390
ULI-2E8104CF1B 370
ULI-CFB1A98DCF 370
ULI-B91B80F509 350
ULI-DF9C1E717E 370
ULI-47E290BAD5 390
ULI-BA27F9309C 350
ULI-1A123FF78D 370
ULI-93CA1378ED 330
ULI-B138F12352 370
