SWA1897 330
SWA6516 330

