TRACK_TIME 1121238282
TRACK SWA1898 B733 373638 1222286 130 0.0 28 ZOA ZOA46
    FP_ROUTE KSFO.<>..SSTIK3.LOSHN..BOILE..BLH.HYDRR1.I07R..<>.KPHX

TRACK_TIME 1121238347
TRACK SWA1899 B733 373638 1222286 130 0.0 28 ZOA ZOA46
    FP_ROUTE KSFO.<>..SSTIK3.LOSHN..BOILE..BLH.HYDRR1.I07R..<>.KPHX

TRACK_TIME 1121238548
TRACK SWA1900 B733 373638 1222286 130 0.0 28 ZOA ZOA46
    FP_ROUTE KSFO.<>..SSTIK3.LOSHN..BOILE..BLH.HYDRR1.I07R..<>.KPHX

TRACK_TIME 1121238678
TRACK SWA1901 B733 373638 1222286 130 0.0 28 ZOA ZOA46
    FP_ROUTE KSFO.<>..SSTIK3.LOSHN..BOILE..BLH.HYDRR1.I07R..<>.KPHX

TRACK_TIME 1121238898
TRACK SWA1902 B733 373638 1222286 130 0.0 28 ZOA ZOA46
    FP_ROUTE KSFO.<>..SSTIK3.LOSHN..BOILE..BLH.HYDRR1.I07R..<>.KPHX

TRACK_TIME 1121239025
TRACK SWA1903 B733 373638 1222286 130 0.0 28 ZOA ZOA46
    FP_ROUTE KSFO.<>..SSTIK3.LOSHN..BOILE..BLH.HYDRR1.I07R..<>.KPHX

TRACK_TIME 1121239240
TRACK SWA1904 B733 373638 1222286 130 0.0 28 ZOA ZOA46
    FP_ROUTE KSFO.<>..SSTIK3.LOSHN..BOILE..BLH.HYDRR1.I07R..<>.KPHX

TRACK_TIME 1121239379
TRACK SWA1905 B733 373638 1222286 130 0.0 28 ZOA ZOA46
    FP_ROUTE KSFO.<>..SSTIK3.LOSHN..BOILE..BLH.HYDRR1.I07R..<>.KPHX

TRACK_TIME 1121239430
TRACK SWA1906 B733 373638 1222286 130 0.0 28 ZOA ZOA46
    FP_ROUTE KSFO.<>..SSTIK3.LOSHN..BOILE..BLH.HYDRR1.I07R..<>.KPHX

TRACK_TIME 1121239612
TRACK SWA1907 B733 373638 1222286 130 0.0 28 ZOA ZOA46
    FP_ROUTE KSFO.<>..SSTIK3.LOSHN..BOILE..BLH.HYDRR1.I07R..<>.KPHX

TRACK_TIME 1121239803
TRACK SWA1908 B733 373638 1222286 130 0.0 28 ZOA ZOA46
    FP_ROUTE KSFO.<>..SSTIK3.LOSHN..BOILE..BLH.HYDRR1.I07R..<>.KPHX

TRACK_TIME 1121239966
TRACK SWA1909 B733 373638 1222286 130 0.0 28 ZOA ZOA46
    FP_ROUTE KSFO.<>..SSTIK3.LOSHN..BOILE..BLH.HYDRR1.I07R..<>.KPHX

TRACK_TIME 1121240073
TRACK SWA1910 B733 373638 1222286 130 0.0 28 ZOA ZOA46
    FP_ROUTE KSFO.<>..SSTIK3.LOSHN..BOILE..BLH.HYDRR1.I07R..<>.KPHX

TRACK_TIME 1121240128
TRACK SWA1911 B733 373638 1222286 130 0.0 28 ZOA ZOA46
    FP_ROUTE KSFO.<>..SSTIK3.LOSHN..BOILE..BLH.HYDRR1.I07R..<>.KPHX

TRACK_TIME 1121240260
TRACK SWA1912 B733 373638 1222286 130 0.0 28 ZOA ZOA46
    FP_ROUTE KSFO.<>..SSTIK3.LOSHN..BOILE..BLH.HYDRR1.I07R..<>.KPHX

TRACK_TIME 1121240374
TRACK SWA1913 B733 373638 1222286 130 0.0 28 ZOA ZOA46
    FP_ROUTE KSFO.<>..SSTIK3.LOSHN..BOILE..BLH.HYDRR1.I07R..<>.KPHX

TRACK_TIME 1121240570
TRACK SWA1914 B733 373638 1222286 130 0.0 28 ZOA ZOA46
    FP_ROUTE KSFO.<>..SSTIK3.LOSHN..BOILE..BLH.HYDRR1.I07R..<>.KPHX

TRACK_TIME 1121240711
TRACK SWA1915 B733 373638 1222286 130 0.0 28 ZOA ZOA46
    FP_ROUTE KSFO.<>..SSTIK3.LOSHN..BOILE..BLH.HYDRR1.I07R..<>.KPHX

TRACK_TIME 1121240792
TRACK SWA1916 B733 373638 1222286 130 0.0 28 ZOA ZOA46
    FP_ROUTE KSFO.<>..SSTIK3.LOSHN..BOILE..BLH.HYDRR1.I07R..<>.KPHX

TRACK_TIME 1121240860
TRACK SWA1917 B733 373638 1222286 130 0.0 28 ZOA ZOA46
    FP_ROUTE KSFO.<>..SSTIK3.LOSHN..BOILE..BLH.HYDRR1.I07R..<>.KPHX

TRACK_TIME 1121241067
TRACK SWA1918 B733 373638 1222286 130 0.0 28 ZOA ZOA46
    FP_ROUTE KSFO.<>..SSTIK3.LOSHN..BOILE..BLH.HYDRR1.I07R..<>.KPHX

TRACK_TIME 1121241228
TRACK SWA1919 B733 373638 1222286 130 0.0 28 ZOA ZOA46
    FP_ROUTE KSFO.<>..SSTIK3.LOSHN..BOILE..BLH.HYDRR1.I07R..<>.KPHX

TRACK_TIME 1121241424
TRACK SWA1920 B733 373638 1222286 130 0.0 28 ZOA ZOA46
    FP_ROUTE KSFO.<>..SSTIK3.LOSHN..BOILE..BLH.HYDRR1.I07R..<>.KPHX

TRACK_TIME 1121241554
TRACK SWA1921 B733 373638 1222286 130 0.0 28 ZOA ZOA46
    FP_ROUTE KSFO.<>..SSTIK3.LOSHN..BOILE..BLH.HYDRR1.I07R..<>.KPHX

TRACK_TIME 1121241692
TRACK SWA1922 B733 373638 1222286 130 0.0 28 ZOA ZOA46
    FP_ROUTE KSFO.<>..SSTIK3.LOSHN..BOILE..BLH.HYDRR1.I07R..<>.KPHX

TRACK_TIME 1121241879
TRACK SWA1923 B733 373638 1222286 130 0.0 28 ZOA ZOA46
    FP_ROUTE KSFO.<>..SSTIK3.LOSHN..BOILE..BLH.HYDRR1.I07R..<>.KPHX

TRACK_TIME 1121242066
TRACK SWA1924 B733 373638 1222286 130 0.0 28 ZOA ZOA46
    FP_ROUTE KSFO.<>..SSTIK3.LOSHN..BOILE..BLH.HYDRR1.I07R..<>.KPHX

TRACK_TIME 1121242253
TRACK SWA1925 B733 373638 1222286 130 0.0 28 ZOA ZOA46
    FP_ROUTE KSFO.<>..SSTIK3.LOSHN..BOILE..BLH.HYDRR1.I07R..<>.KPHX

TRACK_TIME 1121242408
TRACK SWA1926 B733 373638 1222286 130 0.0 28 ZOA ZOA46
    FP_ROUTE KSFO.<>..SSTIK3.LOSHN..BOILE..BLH.HYDRR1.I07R..<>.KPHX

TRACK_TIME 1121242472
TRACK SWA1927 B733 373638 1222286 130 0.0 28 ZOA ZOA46
    FP_ROUTE KSFO.<>..SSTIK3.LOSHN..BOILE..BLH.HYDRR1.I07R..<>.KPHX

TRACK_TIME 1121242537
TRACK SWA1928 B733 373638 1222286 130 0.0 28 ZOA ZOA46
    FP_ROUTE KSFO.<>..SSTIK3.LOSHN..BOILE..BLH.HYDRR1.I07R..<>.KPHX

TRACK_TIME 1121242632
TRACK SWA1929 B733 373638 1222286 130 0.0 28 ZOA ZOA46
    FP_ROUTE KSFO.<>..SSTIK3.LOSHN..BOILE..BLH.HYDRR1.I07R..<>.KPHX

TRACK_TIME 1121242686
TRACK SWA1930 B733 373638 1222286 130 0.0 28 ZOA ZOA46
    FP_ROUTE KSFO.<>..SSTIK3.LOSHN..BOILE..BLH.HYDRR1.I07R..<>.KPHX

TRACK_TIME 1121242734
TRACK SWA1931 B733 373638 1222286 130 0.0 28 ZOA ZOA46
    FP_ROUTE KSFO.<>..SSTIK3.LOSHN..BOILE..BLH.HYDRR1.I07R..<>.KPHX

TRACK_TIME 1121242842
TRACK SWA1932 B733 373638 1222286 130 0.0 28 ZOA ZOA46
    FP_ROUTE KSFO.<>..SSTIK3.LOSHN..BOILE..BLH.HYDRR1.I07R..<>.KPHX

TRACK_TIME 1121242932
TRACK SWA1933 B733 373638 1222286 130 0.0 28 ZOA ZOA46
    FP_ROUTE KSFO.<>..SSTIK3.LOSHN..BOILE..BLH.HYDRR1.I07R..<>.KPHX

TRACK_TIME 1121243141
TRACK SWA1934 B733 373638 1222286 130 0.0 28 ZOA ZOA46
    FP_ROUTE KSFO.<>..SSTIK3.LOSHN..BOILE..BLH.HYDRR1.I07R..<>.KPHX

TRACK_TIME 1121243274
TRACK SWA1935 B733 373638 1222286 130 0.0 28 ZOA ZOA46
    FP_ROUTE KSFO.<>..SSTIK3.LOSHN..BOILE..BLH.HYDRR1.I07R..<>.KPHX

TRACK_TIME 1121243450
TRACK SWA1936 B733 373638 1222286 130 0.0 28 ZOA ZOA46
    FP_ROUTE KSFO.<>..SSTIK3.LOSHN..BOILE..BLH.HYDRR1.I07R..<>.KPHX

TRACK_TIME 1121243621
TRACK SWA1937 B733 373638 1222286 130 0.0 28 ZOA ZOA46
    FP_ROUTE KSFO.<>..SSTIK3.LOSHN..BOILE..BLH.HYDRR1.I07R..<>.KPHX

TRACK_TIME 1121243754
TRACK SWA1938 B733 373638 1222286 130 0.0 28 ZOA ZOA46
    FP_ROUTE KSFO.<>..SSTIK3.LOSHN..BOILE..BLH.HYDRR1.I07R..<>.KPHX

TRACK_TIME 1121243857
TRACK SWA1939 B733 373638 1222286 130 0.0 28 ZOA ZOA46
    FP_ROUTE KSFO.<>..SSTIK3.LOSHN..BOILE..BLH.HYDRR1.I07R..<>.KPHX

TRACK_TIME 1121243907
TRACK SWA1940 B733 373638 1222286 130 0.0 28 ZOA ZOA46
    FP_ROUTE KSFO.<>..SSTIK3.LOSHN..BOILE..BLH.HYDRR1.I07R..<>.KPHX

TRACK_TIME 1121243982
TRACK SWA1941 B733 373638 1222286 130 0.0 28 ZOA ZOA46
    FP_ROUTE KSFO.<>..SSTIK3.LOSHN..BOILE..BLH.HYDRR1.I07R..<>.KPHX

TRACK_TIME 1121244176
TRACK SWA1942 B733 373638 1222286 130 0.0 28 ZOA ZOA46
    FP_ROUTE KSFO.<>..SSTIK3.LOSHN..BOILE..BLH.HYDRR1.I07R..<>.KPHX

TRACK_TIME 1121244401
TRACK SWA1943 B733 373638 1222286 130 0.0 28 ZOA ZOA46
    FP_ROUTE KSFO.<>..SSTIK3.LOSHN..BOILE..BLH.HYDRR1.I07R..<>.KPHX

TRACK_TIME 1121244577
TRACK SWA1944 B733 373638 1222286 130 0.0 28 ZOA ZOA46
    FP_ROUTE KSFO.<>..SSTIK3.LOSHN..BOILE..BLH.HYDRR1.I07R..<>.KPHX

TRACK_TIME 1121244639
TRACK SWA1945 B733 373638 1222286 130 0.0 28 ZOA ZOA46
    FP_ROUTE KSFO.<>..SSTIK3.LOSHN..BOILE..BLH.HYDRR1.I07R..<>.KPHX

TRACK_TIME 1121244810
TRACK SWA1946 B733 373638 1222286 130 0.0 28 ZOA ZOA46
    FP_ROUTE KSFO.<>..SSTIK3.LOSHN..BOILE..BLH.HYDRR1.I07R..<>.KPHX

TRACK_TIME 1121244908
TRACK SWA1947 B733 373638 1222286 130 0.0 28 ZOA ZOA46
    FP_ROUTE KSFO.<>..SSTIK3.LOSHN..BOILE..BLH.HYDRR1.I07R..<>.KPHX

TRACK_TIME 1121245064
TRACK SWA1948 B733 373638 1222286 130 0.0 28 ZOA ZOA46
    FP_ROUTE KSFO.<>..SSTIK3.LOSHN..BOILE..BLH.HYDRR1.I07R..<>.KPHX

TRACK_TIME 1121245225
TRACK SWA1949 B733 373638 1222286 130 0.0 28 ZOA ZOA46
    FP_ROUTE KSFO.<>..SSTIK3.LOSHN..BOILE..BLH.HYDRR1.I07R..<>.KPHX

TRACK_TIME 1121245338
TRACK SWA1950 B733 373638 1222286 130 0.0 28 ZOA ZOA46
    FP_ROUTE KSFO.<>..SSTIK3.LOSHN..BOILE..BLH.HYDRR1.I07R..<>.KPHX

TRACK_TIME 1121245441
TRACK SWA1951 B733 373638 1222286 130 0.0 28 ZOA ZOA46
    FP_ROUTE KSFO.<>..SSTIK3.LOSHN..BOILE..BLH.HYDRR1.I07R..<>.KPHX

TRACK_TIME 1121245515
TRACK SWA1952 B733 373638 1222286 130 0.0 28 ZOA ZOA46
    FP_ROUTE KSFO.<>..SSTIK3.LOSHN..BOILE..BLH.HYDRR1.I07R..<>.KPHX

TRACK_TIME 1121245674
TRACK SWA1953 B733 373638 1222286 130 0.0 28 ZOA ZOA46
    FP_ROUTE KSFO.<>..SSTIK3.LOSHN..BOILE..BLH.HYDRR1.I07R..<>.KPHX

TRACK_TIME 1121245840
TRACK SWA1954 B733 373638 1222286 130 0.0 28 ZOA ZOA46
    FP_ROUTE KSFO.<>..SSTIK3.LOSHN..BOILE..BLH.HYDRR1.I07R..<>.KPHX

TRACK_TIME 1121246054
TRACK SWA1955 B733 373638 1222286 130 0.0 28 ZOA ZOA46
    FP_ROUTE KSFO.<>..SSTIK3.LOSHN..BOILE..BLH.HYDRR1.I07R..<>.KPHX

TRACK_TIME 1121246266
TRACK SWA1956 B733 373638 1222286 130 0.0 28 ZOA ZOA46
    FP_ROUTE KSFO.<>..SSTIK3.LOSHN..BOILE..BLH.HYDRR1.I07R..<>.KPHX

TRACK_TIME 1121246315
TRACK SWA1957 B733 373638 1222286 130 0.0 28 ZOA ZOA46
    FP_ROUTE KSFO.<>..SSTIK3.LOSHN..BOILE..BLH.HYDRR1.I07R..<>.KPHX

TRACK_TIME 1121246428
TRACK SWA1958 B733 373638 1222286 130 0.0 28 ZOA ZOA46
    FP_ROUTE KSFO.<>..SSTIK3.LOSHN..BOILE..BLH.HYDRR1.I07R..<>.KPHX

TRACK_TIME 1121246584
TRACK SWA1959 B733 373638 1222286 130 0.0 28 ZOA ZOA46
    FP_ROUTE KSFO.<>..SSTIK3.LOSHN..BOILE..BLH.HYDRR1.I07R..<>.KPHX

TRACK_TIME 1121246738
TRACK SWA1960 B733 373638 1222286 130 0.0 28 ZOA ZOA46
    FP_ROUTE KSFO.<>..SSTIK3.LOSHN..BOILE..BLH.HYDRR1.I07R..<>.KPHX

TRACK_TIME 1121246844
TRACK SWA1961 B733 373638 1222286 130 0.0 28 ZOA ZOA46
    FP_ROUTE KSFO.<>..SSTIK3.LOSHN..BOILE..BLH.HYDRR1.I07R..<>.KPHX

TRACK_TIME 1121247026
TRACK SWA1962 B733 373638 1222286 130 0.0 28 ZOA ZOA46
    FP_ROUTE KSFO.<>..SSTIK3.LOSHN..BOILE..BLH.HYDRR1.I07R..<>.KPHX

TRACK_TIME 1121247212
TRACK SWA1963 B733 373638 1222286 130 0.0 28 ZOA ZOA46
    FP_ROUTE KSFO.<>..SSTIK3.LOSHN..BOILE..BLH.HYDRR1.I07R..<>.KPHX

TRACK_TIME 1121247342
TRACK SWA1964 B733 373638 1222286 130 0.0 28 ZOA ZOA46
    FP_ROUTE KSFO.<>..SSTIK3.LOSHN..BOILE..BLH.HYDRR1.I07R..<>.KPHX

TRACK_TIME 1121247446
TRACK SWA1965 B733 373638 1222286 130 0.0 28 ZOA ZOA46
    FP_ROUTE KSFO.<>..SSTIK3.LOSHN..BOILE..BLH.HYDRR1.I07R..<>.KPHX

TRACK_TIME 1121247660
TRACK SWA1966 B733 373638 1222286 130 0.0 28 ZOA ZOA46
    FP_ROUTE KSFO.<>..SSTIK3.LOSHN..BOILE..BLH.HYDRR1.I07R..<>.KPHX

TRACK_TIME 1121247812
TRACK SWA1967 B733 373638 1222286 130 0.0 28 ZOA ZOA46
    FP_ROUTE KSFO.<>..SSTIK3.LOSHN..BOILE..BLH.HYDRR1.I07R..<>.KPHX

TRACK_TIME 1121247966
TRACK SWA1968 B733 373638 1222286 130 0.0 28 ZOA ZOA46
    FP_ROUTE KSFO.<>..SSTIK3.LOSHN..BOILE..BLH.HYDRR1.I07R..<>.KPHX

TRACK_TIME 1121248119
TRACK SWA1969 B733 373638 1222286 130 0.0 28 ZOA ZOA46
    FP_ROUTE KSFO.<>..SSTIK3.LOSHN..BOILE..BLH.HYDRR1.I07R..<>.KPHX

TRACK_TIME 1121248310
TRACK SWA1970 B733 373638 1222286 130 0.0 28 ZOA ZOA46
    FP_ROUTE KSFO.<>..SSTIK3.LOSHN..BOILE..BLH.HYDRR1.I07R..<>.KPHX

TRACK_TIME 1121248374
TRACK SWA1971 B733 373638 1222286 130 0.0 28 ZOA ZOA46
    FP_ROUTE KSFO.<>..SSTIK3.LOSHN..BOILE..BLH.HYDRR1.I07R..<>.KPHX

TRACK_TIME 1121248592
TRACK SWA1972 B733 373638 1222286 130 0.0 28 ZOA ZOA46
    FP_ROUTE KSFO.<>..SSTIK3.LOSHN..BOILE..BLH.HYDRR1.I07R..<>.KPHX

TRACK_TIME 1121248802
TRACK SWA1973 B733 373638 1222286 130 0.0 28 ZOA ZOA46
    FP_ROUTE KSFO.<>..SSTIK3.LOSHN..BOILE..BLH.HYDRR1.I07R..<>.KPHX

TRACK_TIME 1121248887
TRACK SWA1974 B733 373638 1222286 130 0.0 28 ZOA ZOA46
    FP_ROUTE KSFO.<>..SSTIK3.LOSHN..BOILE..BLH.HYDRR1.I07R..<>.KPHX

TRACK_TIME 1121249107
TRACK SWA1975 B733 373638 1222286 130 0.0 28 ZOA ZOA46
    FP_ROUTE KSFO.<>..SSTIK3.LOSHN..BOILE..BLH.HYDRR1.I07R..<>.KPHX

TRACK_TIME 1121249181
TRACK SWA1976 B733 373638 1222286 130 0.0 28 ZOA ZOA46
    FP_ROUTE KSFO.<>..SSTIK3.LOSHN..BOILE..BLH.HYDRR1.I07R..<>.KPHX

TRACK_TIME 1121249301
TRACK SWA1977 B733 373638 1222286 130 0.0 28 ZOA ZOA46
    FP_ROUTE KSFO.<>..SSTIK3.LOSHN..BOILE..BLH.HYDRR1.I07R..<>.KPHX

TRACK_TIME 1121249436
TRACK SWA1978 B733 373638 1222286 130 0.0 28 ZOA ZOA46
    FP_ROUTE KSFO.<>..SSTIK3.LOSHN..BOILE..BLH.HYDRR1.I07R..<>.KPHX

TRACK_TIME 1121249591
TRACK SWA1979 B733 373638 1222286 130 0.0 28 ZOA ZOA46
    FP_ROUTE KSFO.<>..SSTIK3.LOSHN..BOILE..BLH.HYDRR1.I07R..<>.KPHX

TRACK_TIME 1121249691
TRACK SWA1980 B733 373638 1222286 130 0.0 28 ZOA ZOA46
    FP_ROUTE KSFO.<>..SSTIK3.LOSHN..BOILE..BLH.HYDRR1.I07R..<>.KPHX

TRACK_TIME 1121249831
TRACK SWA1981 B733 373638 1222286 130 0.0 28 ZOA ZOA46
    FP_ROUTE KSFO.<>..SSTIK3.LOSHN..BOILE..BLH.HYDRR1.I07R..<>.KPHX

TRACK_TIME 1121249968
TRACK SWA1982 B733 373638 1222286 130 0.0 28 ZOA ZOA46
    FP_ROUTE KSFO.<>..SSTIK3.LOSHN..BOILE..BLH.HYDRR1.I07R..<>.KPHX

TRACK_TIME 1121250113
TRACK SWA1983 B733 373638 1222286 130 0.0 28 ZOA ZOA46
    FP_ROUTE KSFO.<>..SSTIK3.LOSHN..BOILE..BLH.HYDRR1.I07R..<>.KPHX

TRACK_TIME 1121250319
TRACK SWA1984 B733 373638 1222286 130 0.0 28 ZOA ZOA46
    FP_ROUTE KSFO.<>..SSTIK3.LOSHN..BOILE..BLH.HYDRR1.I07R..<>.KPHX

TRACK_TIME 1121250376
TRACK SWA1985 B733 373638 1222286 130 0.0 28 ZOA ZOA46
    FP_ROUTE KSFO.<>..SSTIK3.LOSHN..BOILE..BLH.HYDRR1.I07R..<>.KPHX

TRACK_TIME 1121250512
TRACK SWA1986 B733 373638 1222286 130 0.0 28 ZOA ZOA46
    FP_ROUTE KSFO.<>..SSTIK3.LOSHN..BOILE..BLH.HYDRR1.I07R..<>.KPHX

TRACK_TIME 1121250599
TRACK SWA1987 B733 373638 1222286 130 0.0 28 ZOA ZOA46
    FP_ROUTE KSFO.<>..SSTIK3.LOSHN..BOILE..BLH.HYDRR1.I07R..<>.KPHX

TRACK_TIME 1121250742
TRACK SWA1988 B733 373638 1222286 130 0.0 28 ZOA ZOA46
    FP_ROUTE KSFO.<>..SSTIK3.LOSHN..BOILE..BLH.HYDRR1.I07R..<>.KPHX

TRACK_TIME 1121250834
TRACK SWA1989 B733 373638 1222286 130 0.0 28 ZOA ZOA46
    FP_ROUTE KSFO.<>..SSTIK3.LOSHN..BOILE..BLH.HYDRR1.I07R..<>.KPHX

TRACK_TIME 1121250939
TRACK SWA1990 B733 373638 1222286 130 0.0 28 ZOA ZOA46
    FP_ROUTE KSFO.<>..SSTIK3.LOSHN..BOILE..BLH.HYDRR1.I07R..<>.KPHX

TRACK_TIME 1121251136
TRACK SWA1991 B733 373638 1222286 130 0.0 28 ZOA ZOA46
    FP_ROUTE KSFO.<>..SSTIK3.LOSHN..BOILE..BLH.HYDRR1.I07R..<>.KPHX

TRACK_TIME 1121251200
TRACK SWA1992 B733 373638 1222286 130 0.0 28 ZOA ZOA46
    FP_ROUTE KSFO.<>..SSTIK3.LOSHN..BOILE..BLH.HYDRR1.I07R..<>.KPHX

TRACK_TIME 1121251402
TRACK SWA1993 B733 373638 1222286 130 0.0 28 ZOA ZOA46
    FP_ROUTE KSFO.<>..SSTIK3.LOSHN..BOILE..BLH.HYDRR1.I07R..<>.KPHX

TRACK_TIME 1121251449
TRACK SWA1994 B733 373638 1222286 130 0.0 28 ZOA ZOA46
    FP_ROUTE KSFO.<>..SSTIK3.LOSHN..BOILE..BLH.HYDRR1.I07R..<>.KPHX

TRACK_TIME 1121251502
TRACK SWA1995 B733 373638 1222286 130 0.0 28 ZOA ZOA46
    FP_ROUTE KSFO.<>..SSTIK3.LOSHN..BOILE..BLH.HYDRR1.I07R..<>.KPHX

TRACK_TIME 1121251670
TRACK SWA1996 B733 373638 1222286 130 0.0 28 ZOA ZOA46
    FP_ROUTE KSFO.<>..SSTIK3.LOSHN..BOILE..BLH.HYDRR1.I07R..<>.KPHX

TRACK_TIME 1121251871
TRACK SWA1997 B733 373638 1222286 130 0.0 28 ZOA ZOA46
    FP_ROUTE KSFO.<>..SSTIK3.LOSHN..BOILE..BLH.HYDRR1.I07R..<>.KPHX

