TRACK_TIME 1121238067
TRACK SWA1897 B733 373638 1222286 130 0.0 28 ZOA ZOA46
    FP_ROUTE KSFO.<>.<>.KPHX

TRACK_TIME 1121238167
TRACK SWA1898 B733 373638 1222286 130 0.0 28 ZOA ZOA46
    FP_ROUTE KSFO.<>.<>.KPHX

TRACK_TIME 1121238267
TRACK SWA1899 B733 373638 1222286 130 0.0 28 ZOA ZOA46
    FP_ROUTE KSFO.<>.<>.KPHX



