TRACK_TIME 1121238067
TRACK ULI-3AFSD3DC24 B733 373638 1222286 130 0 28 ZOA ZOA46
    FP_ROUTE KSFO.<{"id": "Gate_A_012"}, {"id": "Ramp_01_003"}, {"id": "Ramp_01_004"}, {"id": "Ramp_01_005"}, {"id": "Ramp_01_006"}, {"id": "Ramp_01_007"}, {"id": "Txy_M_H"}, {"id": "Txy_M_001"}, {"id": "Txy_A_M"}, {"id": "Txy_B_M"}, {"id": "Txy_M_002"}, {"id": "Rwy_01_001"}>.RW01L.OFFSH1.KSFO.SUNSS8.I26.RW26.<{"id": "Rwy_01_003"}, {"id": "Txy_B3_001"}, {"id": "Txy_B_003"}, {"id": "Txy_B_004"}, {"id": "Txy_B_005"}, {"id": "Txy_B_006"}, {"id": "Txy_B_007"}, {"id": "Txy_B_008"}, {"id": "Txy_B_009"}, {"id": "Txy_B_010"}, {"id": "Txy_B_011"}, {"id": "Txy_B_012"}, {"id": "Txy_B_013"}, {"id": "Txy_B_014"}, {"id": "Txy_C_011"}, {"id": "Txy_C_012"}, {"id": "Ramp_03_007"}, {"id": "Ramp_03_006"}, {"id": "Txy_C_013"}, {"id": "Txy_C_014"}, {"id": "Ramp_02_008"}, {"id": "Gate_04_B12"}>.KPHX

TRACK_TIME 1121238067
TRACK ULI-3E6A0495F1 ALOR3 414500 875700 332 6 228 ZAU ZAUOR
    FP_ROUTE KORD.<{"id": "Gate_01_C19"}, {"id": "Ramp_01_032"}, {"id": "Ramp_01_031"}, {"id": "Ramp_01_030"}, {"id": "Ramp_01_029"}, {"id": "Ramp_01_028"}, {"id": "Ramp_01_027"}, {"id": "Ramp_01_026"}, {"id": "Ramp_01_025"}, {"id": "Ramp_01_024"}, {"id": "Txy_A_A8"}, {"id": "Txy_A_003"}, {"id": "Txy_A_004"}, {"id": "Txy_A_A10"}, {"id": "Txy_A_005"}, {"id": "Txy_A_006"}, {"id": "Txy_A_007"}, {"id": "Txy_A_A11"}, {"id": "Txy_A_030"}, {"id": "Txy_A_A12"}, {"id": "Txy_A_008"}, {"id": "Txy_A_009"}, {"id": "Txy_A_010"}, {"id": "Txy_A_A13"}, {"id": "Txy_A_A14"}, {"id": "Txy_B_A14"}, {"id": "Txy_B_A15"}, {"id": "Txy_N4_N3"}, {"id": "Txy_N_N5"}, {"id": "Txy_N_EE"}, {"id": "Txy_GG_N"}, {"id": "Txy_N_V4"}, {"id": "Txy_Y_N"}, {"id": "Txy_Y5_N"}, {"id": "Txy_V_001"}, {"id": "Rwy_02_006"}>.RW22L.KORD.SITTH2.I10.RW10.<{"id": "Rwy_05_009"}, {"id": "Txy_SG_017"}, {"id": "Txy_SG_016"}, {"id": "Txy_SG_015"}, {"id": "Txy_SG_014"}, {"id": "Txy_SG_012"}, {"id": "Txy_SG_011"}, {"id": "Txy_SG_010"}, {"id": "Txy_SG_009"}, {"id": "Txy_SG_008"}, {"id": "Txy_SJ_001"}, {"id": "Txy_SJ_002"}, {"id": "Txy_SC_002"}, {"id": "Txy_R_004"}, {"id": "Txy_R_003"}, {"id": "Txy_R_002"}, {"id": "Txy_R_001"}, {"id": "Rwy_04_001"}, {"id": "Txy_P_001"}, {"id": "Txy_P_002"}, {"id": "Txy_N_001"}, {"id": "Txy_P_003"}, {"id": "Rwy_03_001"}, {"id": "Txy_L_001"}, {"id": "Txy_L_101"}, {"id": "Txy_L_002"}, {"id": "Txy_L_003"}, {"id": "Txy_L_004"}, {"id": "Txy_L_005"}, {"id": "Txy_1S_001"}, {"id": "Ramp_01_001"}, {"id": "Gate_T_001"}>.KATL

TRACK_TIME 1121238067
TRACK ULI-3AFAB4BC27 ALOR1 295600 941200 394 0 85 ZHU NONE
    FP_ROUTE KIAH.<{"id": "Gate_04_009"}, {"id": "Ramp_04_011"}, {"id": "Ramp_04_010"}, {"id": "Ramp_04_009"}, {"id": "Ramp_04_004"}, {"id": "Ramp_04_008"}, {"id": "Txy_NB_NK"}, {"id": "Txy_NB_NJ"}, {"id": "Txy_NB_NG"}, {"id": "Txy_NB_007"}, {"id": "Txy_NB_ND"}, {"id": "Txy_NC_ND"}, {"id": "Txy_NC_NF"}, {"id": "Txy_NC_002"}, {"id": "Txy_NC_NR"}, {"id": "Txy_WW_NR"}, {"id": "Txy_WW_NE"}, {"id": "Txy_WB_WW"}, {"id": "Txy_WA_WW"}, {"id": "Txy_WW_004"}, {"id": "Rwy_03_001"}>.RW15L.HOODO5.KIAH.OZZZI1.I08L.RW08L.<{"id": "Rwy_01_012"}, {"id": "Txy_B15_001"}, {"id": "Txy_B_015"}, {"id": "Txy_B_013"}, {"id": "Txy_B_012"}, {"id": "Txy_B_011"}, {"id": "Txy_B_010"}, {"id": "Txy_B_009"}, {"id": "Txy_D_B"}, {"id": "Txy_D_011"}, {"id": "Rwy_02_008"}, {"id": "Txy_D_010"}, {"id": "Txy_D_E"}, {"id": "Txy_D_009"}, {"id": "Txy_F_012"}, {"id": "Txy_F_011"}, {"id": "Txy_F_010"}, {"id": "Txy_F_009"}, {"id": "Txy_F_008"}, {"id": "Txy_F_007"}, {"id": "Txy_4N_002"}, {"id": "Ramp_05_001"}, {"id": "Ramp_04_027"}, {"id": "Ramp_04_031"}, {"id": "Ramp_04_105"}, {"id": "Ramp_04_026"}, {"id": "Ramp_04_025"}, {"id": "Ramp_04_104"}, {"id": "Ramp_04_024"}, {"id": "Gate_C_037"}>.KATL

TRACK_TIME 1121238067
TRACK ULI-707397319B MD80 343400 871000 452 3 96 ZME ZME31
    FP_ROUTE KMEM.<{"id": "Parking_Cargo_003"}, {"id": "Ramp_03_003"}, {"id": "Ramp_03_004"}, {"id": "Ramp_03_005"}, {"id": "Ramp_03_006"}, {"id": "Ramp_03_007"}, {"id": "Ramp_03_008"}, {"id": "Ramp_02_030"}, {"id": "Ramp_02_031"}, {"id": "Txy_S_003"}, {"id": "Txy_S_004"}, {"id": "Txy_V_S"}, {"id": "Txy_S_005"}, {"id": "Rwy_04_004"}, {"id": "Txy_S_006"}, {"id": "Txy_A_S"}, {"id": "Txy_S_007"}, {"id": "Txy_S_008"}, {"id": "Txy_B_S"}, {"id": "Txy_S_009"}, {"id": "Txy_S_010"}, {"id": "Txy_S_S7"}, {"id": "Txy_S_011"}, {"id": "Txy_S_012"}, {"id": "Txy_S_D"}, {"id": "Txy_S_013"}, {"id": "Txy_S_S6"}, {"id": "Txy_S_K"}, {"id": "Txy_S_S3"}, {"id": "Txy_S_014"}, {"id": "Txy_S_P"}, {"id": "Txy_S_015"}, {"id": "Txy_E_S"}, {"id": "Txy_S_S1"}, {"id": "Txy_H_S"}, {"id": "Txy_S_016"}, {"id": "Txy_R_S"}, {"id": "Txy_R_003"}, {"id": "Rwy_02_015"}>.RW36C.BBKNG5.KMEM.SITTH2.I10.RW10.<{"id": "Rwy_05_009"}, {"id": "Txy_SG_017"}, {"id": "Txy_SG_016"}, {"id": "Txy_SG_015"}, {"id": "Txy_SG_014"}, {"id": "Txy_SG_012"}, {"id": "Txy_SG_011"}, {"id": "Txy_SG_010"}, {"id": "Txy_SG_009"}, {"id": "Txy_SG_008"}, {"id": "Txy_SJ_001"}, {"id": "Txy_SJ_002"}, {"id": "Txy_SC_002"}, {"id": "Txy_R_004"}, {"id": "Txy_R_003"}, {"id": "Txy_R_002"}, {"id": "Txy_R_001"}, {"id": "Rwy_04_001"}, {"id": "Txy_P_001"}, {"id": "Txy_P_002"}, {"id": "Txy_N_001"}, {"id": "Txy_P_003"}, {"id": "Rwy_03_001"}, {"id": "Txy_L_001"}, {"id": "Txy_L_101"}, {"id": "Txy_L_002"}, {"id": "Txy_L_003"}, {"id": "Txy_L_004"}, {"id": "Txy_L_005"}, {"id": "Txy_L_006"}, {"id": "Txy_L_007"}, {"id": "Txy_L_107"}, {"id": "Txy_L_008"}, {"id": "Txy_L_009"}, {"id": "Txy_L_010"}, {"id": "Txy_3S_001"}, {"id": "Ramp_03_019"}, {"id": "Ramp_03_020"}, {"id": "Ramp_03_021"}, {"id": "Ramp_03_022"}, {"id": "Ramp_03_023"}, {"id": "Ramp_03_024"}, {"id": "Ramp_03_025"}, {"id": "Ramp_03_026"}, {"id": "Ramp_03_226"}, {"id": "Ramp_03_035"}, {"id": "Ramp_03_028"}, {"id": "Ramp_03_029"}, {"id": "Ramp_03_030"}, {"id": "Ramp_03_031"}, {"id": "Ramp_03_033"}, {"id": "Ramp_03_034"}, {"id": "Gate_B_031"}>.KATL

TRACK_TIME 1121238067
TRACK ULI-1F32553603 B752 384800 1182000 484 0 0 ZOA ZOA33
    FP_ROUTE KSFO.<{"id": "Gate_B_038"}, {"id": "Ramp_02_006"}, {"id": "Txy_H_005"}, {"id": "Txy_H_006"}, {"id": "Txy_A_004"}, {"id": "Txy_A_H"}, {"id": "Txy_B_H"}, {"id": "Txy_H_007"}, {"id": "Rwy_01_002"}, {"id": "Txy_H_008"}, {"id": "Txy_H_009"}, {"id": "Rwy_02_004"}, {"id": "Txy_G_005"}, {"id": "Txy_L_004"}, {"id": "Txy_L_005"}, {"id": "Txy_F_005"}, {"id": "Txy_F_N"}, {"id": "Txy_F_004"}, {"id": "Txy_F_003"}, {"id": "Txy_F_002"}, {"id": "Txy_F_001"}, {"id": "Rwy_03_001"}, {"id": "Txy_C_001"}, {"id": "Txy_C_002"}, {"id": "Rwy_04_001"}>.RW28R.OFFSH1.KSFO.ROBER2.I04L.RW04L.<{"id": "Rwy_03_015"}, {"id": "Rwy_03_011"}, {"id": "Txy_F_006"}, {"id": "Txy_B_F"}, {"id": "Txy_A_F"}, {"id": "Txy_G_A"}, {"id": "Txy_G_003"}, {"id": "Ramp_04_035"}, {"id": "Ramp_04_034"}, {"id": "Ramp_04_010"}, {"id": "Ramp_04_020"}, {"id": "Ramp_04_033"}, {"id": "Ramp_04_053"}, {"id": "Ramp_04_047"}, {"id": "Ramp_04_050"}, {"id": "Ramp_04_044"}, {"id": "Ramp_03_006"}, {"id": "Ramp_03_005"}, {"id": "Ramp_03_004"}, {"id": "Ramp_03_003"}, {"id": "Gate_03_5"}>.KJFK

TRACK_TIME 1121238067
TRACK ULI-A757D65C39 ALOR1 324500 1152300 409 0 81 ZLA ZLA31
    FP_ROUTE KSAN.<{"id": "Gate_02_043"}, {"id": "Ramp_04_002"}, {"id": "Ramp_04_001"}, {"id": "Ramp_01_001"}, {"id": "Txy_B8_B"}, {"id": "Txy_B7_B"}, {"id": "Txy_B_001"}, {"id": "Txy_B6_B"}, {"id": "Txy_B_003"}, {"id": "Txy_B5_B"}, {"id": "Txy_B_005"}, {"id": "Txy_B_007"}, {"id": "Txy_B_B4"}, {"id": "Txy_B_009"}, {"id": "Txy_B_012"}, {"id": "Txy_B3_B"}, {"id": "Txy_B_B2"}, {"id": "Txy_D_B"}, {"id": "Txy_B_B1"}, {"id": "Txy_B1_002"}, {"id": "Txy_B1_003"}, {"id": "Rwy_01_013"}, {"id": "Rwy_01_012"}>.RW27.ZZOOO2.KSAN.SPUDS4.I27L.RW27L.<{"id": "Rwy_01_001"}, {"id": "Txy_S_001"}, {"id": "Txy_S_102"}, {"id": "Txy_S_002"}, {"id": "Txy_S_003"}, {"id": "Txy_S_Z"}, {"id": "Txy_S_004"}, {"id": "Txy_S_Y"}, {"id": "Txy_S_005"}, {"id": "Txy_S_006"}, {"id": "Txy_S_007"}, {"id": "Txy_S_008"}, {"id": "Txy_S_009"}, {"id": "Txy_S_101"}, {"id": "Txy_M_001"}, {"id": "Txy_K3_002"}, {"id": "Rwy_02_006"}, {"id": "Txy_K3_001"}, {"id": "Txy_K_011"}, {"id": "spot_09S"}, {"id": "Txy_J_008"}, {"id": "spot_09E"}, {"id": "Ramp_05_001"}, {"id": "Ramp_05_003"}, {"id": "Ramp_05_004"}, {"id": "Gate_D_015"}>.KPHL

TRACK_TIME 1121238067
TRACK ULI-3533A88AE5 MD82 350300 1202300 465 1 315 ZLA ZLA25
    FP_ROUTE KLAX.<{"id": "Gate_02_025"}, {"id": "Txy_D_004"}, {"id": "Txy_D_005"}, {"id": "Txy_D_D9"}, {"id": "Txy_D_006"}, {"id": "Txy_D_007"}, {"id": "Txy_D_D10"}, {"id": "Txy_D_008"}, {"id": "Txy_D_Q"}, {"id": "Txy_D_S"}, {"id": "Txy_S_002"}, {"id": "Ramp_I_001"}, {"id": "Ramp_I_002"}, {"id": "Ramp_I_003"}, {"id": "Ramp_I_004"}, {"id": "Ramp_I_005"}, {"id": "Ramp_I_006"}, {"id": "Ramp_I_007"}, {"id": "Txy_C_S"}, {"id": "Txy_C_Q"}, {"id": "Txy_C_P"}, {"id": "Txy_C_C10"}, {"id": "Txy_B_M"}, {"id": "Txy_B_C9"}, {"id": "Txy_B_K"}, {"id": "Txy_B_C7"}, {"id": "Txy_B_J"}, {"id": "Txy_B_H"}, {"id": "Txy_B_C5"}, {"id": "Txy_B_G"}, {"id": "Txy_B_C4"}, {"id": "Txy_B_C3"}, {"id": "Txy_B_BF"}, {"id": "Txy_B_003"}, {"id": "Txy_B_F"}, {"id": "Txy_F_004"}, {"id": "Rwy_02_002"}>.RW25R.OSHNN8.KLAX.BSR3.I28R.RW28R.<{"id": "Rwy_04_018"}, {"id": "Txy_S_002"}, {"id": "Txy_S2_002"}, {"id": "Txy_S_001"}, {"id": "Txy_S_R"}, {"id": "Txy_Z_R"}, {"id": "Txy_Z_S1"}, {"id": "Txy_Z_B1"}, {"id": "Txy_Z_Q"}, {"id": "Txy_B_003"}, {"id": "Txy_Q1_001"}, {"id": "Txy_A_014"}, {"id": "Txy_A_K"}, {"id": "Txy_A_013"}, {"id": "Txy_A_012"}, {"id": "Txy_A_011"}, {"id": "Txy_A_D"}, {"id": "Txy_A_010"}, {"id": "Ramp_05_003"}, {"id": "Ramp_05_002"}, {"id": "Ramp_05_001"}, {"id": "Gate_D_58A"}>.KSFO

TRACK_TIME 1121238067
TRACK ULI-BC2EE76E60 E45X 311100 960000 377 0 334 ZHU ZHU86
    FP_ROUTE KIAH.<{"id": "Gate_B_085"}, {"id": "Ramp_02_043"}, {"id": "Ramp_02_042"}, {"id": "Ramp_02_041"}, {"id": "Ramp_02_040"}, {"id": "Ramp_02_031"}, {"id": "Ramp_02_024"}, {"id": "Txy_ND_002"}, {"id": "Txy_NC_003"}, {"id": "Txy_NC_ND"}, {"id": "Txy_NC_NF"}, {"id": "Txy_NC_002"}, {"id": "Txy_NC_NR"}, {"id": "Txy_WW_NR"}, {"id": "Txy_WW_NE"}, {"id": "Txy_WB_WW"}, {"id": "Txy_WA_WW"}, {"id": "Txy_WW_004"}, {"id": "Rwy_03_001"}>.RW15L.HOODO5.KIAH.GEP1.I12L.RW12L.<{"id": "Rwy_03_014"}, {"id": "Rwy_03_015"}, {"id": "Txy_P1_001"}, {"id": "Txy_P1_P"}, {"id": "Txy_P2_P"}, {"id": "Txy_P_005"}, {"id": "Txy_P3_P"}, {"id": "Ramp_01_029"}, {"id": "Ramp_01_030"}, {"id": "Ramp_01_031"}, {"id": "Ramp_01_032"}, {"id": "Ramp_01_033"}, {"id": "Ramp_01_034"}, {"id": "Ramp_01_035"}, {"id": "Ramp_01_036"}, {"id": "Ramp_01_037"}, {"id": "Ramp_01_038"}, {"id": "Ramp_01_039"}, {"id": "Ramp_01_040"}, {"id": "Ramp_01_041"}, {"id": "Ramp_01_042"}, {"id": "Ramp_01_043"}, {"id": "Ramp_01_044"}, {"id": "Ramp_01_045"}, {"id": "Ramp_01_046"}, {"id": "Ramp_01_047"}, {"id": "Ramp_01_051"}, {"id": "Txy_Q_004"}, {"id": "Txy_Q_003"}, {"id": "Ramp_01_052"}, {"id": "Ramp_01_053"}, {"id": "Ramp_01_054"}, {"id": "Txy_C6_D"}, {"id": "Ramp_01_061"}, {"id": "Txy_C5_D"}, {"id": "Ramp_01_062"}, {"id": "Ramp_01_063"}, {"id": "Ramp_01_064"}, {"id": "Ramp_01_098"}, {"id": "Txy_B_006"}, {"id": "Ramp_01_065"}, {"id": "Ramp_01_066"}, {"id": "Txy_B_007"}, {"id": "Gate_F_006"}>.KMSP

TRACK_TIME 1121238067
TRACK ULI-BB6249E781 A319 384900 800900 456 3 266 ZDC ZDC03
    FP_ROUTE KIAD.<{"id": "Gate_D_018"}, {"id": "Ramp_04_016"}, {"id": "Txy_E_006"}, {"id": "Txy_E_007"}, {"id": "Txy_E_008"}, {"id": "Txy_E_009"}, {"id": "Txy_E_010"}, {"id": "Txy_E_011"}, {"id": "Txy_E_012"}, {"id": "Txy_E_013"}, {"id": "Txy_E_014"}, {"id": "Txy_E_015"}, {"id": "Txy_E_016"}, {"id": "Txy_E_017"}, {"id": "Txy_E_018"}, {"id": "Txy_E_019"}, {"id": "Txy_E_020"}, {"id": "Txy_E_021"}, {"id": "Txy_E_022"}, {"id": "Txy_J_E"}, {"id": "Txy_J_D"}, {"id": "Txy_K_D"}, {"id": "Txy_K_C"}, {"id": "Txy_K_J3"}, {"id": "Txy_K_B"}, {"id": "Txy_K_A"}, {"id": "Txy_K_002"}, {"id": "Txy_K_J2"}, {"id": "Txy_K_K1"}, {"id": "Txy_K_001"}, {"id": "Txy_K_J1"}, {"id": "Txy_J1_003"}, {"id": "Rwy_02_001"}>.RW19L.WOOLY1.KIAD.BSR3.I28R.RW28R.<{"id": "Rwy_04_018"}, {"id": "Txy_S_002"}, {"id": "Txy_S2_002"}, {"id": "Txy_S_001"}, {"id": "Txy_S_R"}, {"id": "Txy_Z_R"}, {"id": "Txy_Z_S1"}, {"id": "Txy_Z_B1"}, {"id": "Txy_Z_Q"}, {"id": "Txy_B_003"}, {"id": "Txy_Q1_001"}, {"id": "Txy_A_014"}, {"id": "Txy_A_K"}, {"id": "Txy_A_013"}, {"id": "Txy_A_012"}, {"id": "Txy_A_011"}, {"id": "Txy_A_D"}, {"id": "Txy_A_010"}, {"id": "Ramp_05_004"}, {"id": "Gate_E_064"}>.KSFO

