TRACK_TIME 1121238067
TRACK ULI-3AFSD3DC24 B733 373638 1222286 130 0 28 ZOA ZOA46
    FP_ROUTE KSFO.<{"id": "Gate_F_086"}, {"id": "Ramp_06_011"}, {"id": "Txy_A_B1"}, {"id": "Txy_A_016"}, {"id": "Txy_A_015"}, {"id": "Txy_A_012"}, {"id": "Txy_A_011"}, {"id": "Txy_A_D"}, {"id": "Txy_A_010"}, {"id": "Txy_A_E"}, {"id": "Txy_A_009"}, {"id": "Txy_A_F1"}, {"id": "Txy_A_008"}, {"id": "Txy_A_G"}, {"id": "Txy_A_007"}, {"id": "Txy_A_006"}, {"id": "Txy_A_005"}, {"id": "Txy_A_H"}, {"id": "Txy_A_004"}, {"id": "Txy_A_M"}, {"id": "Txy_A_003"}, {"id": "Txy_A_002"}, {"id": "Txy_A_A1"}, {"id": "Txy_A_001"}, {"id": "Rwy_02_001"}, {"id": "Rwy_02_002"}>.RW01R.SSTIK3.LOSHN..BOILE..BLH.HYDRR1.I07R.RW07R.<{"id": "Rwy_03_009"}, {"id": "Txy_G7_001"}, {"id": "Txy_F_009"}, {"id": "Txy_F_010"}, {"id": "Txy_F_011"}, {"id": "Txy_F_012"}, {"id": "Txy_F_013"}, {"id": "Txy_F13_001"}, {"id": "Rwy_02_018"}, {"id": "Txy_E13_001"}, {"id": "Txy_E_022"}, {"id": "Txy_D13_001"}, {"id": "Ramp_10_005"}, {"id": "Ramp_10_006"} {"id": "Gate_04_C16"}>.KPHX

TRACK ULI-3E6A0495F1 ALOR3 414500 875700 332 109 228 ZAU ZAUOR
    FP_ROUTE KORD.<>..JOT053019..BNA.CHPPR1.I08L.RW08L.<{"id": "Rwy_01_012"}, {"id": "Txy_B15_001"}, {"id": "Txy_B_015"}, {"id": "Txy_B_013"}, {"id": "Txy_B_012"}, {"id": "Txy_B_011"}, {"id": "Txy_B_010"}, {"id": "Txy_B_009"}, {"id": "Txy_D_B"}, {"id": "Txy_B_C"}, {"id": "Txy_B_008"}, {"id": "Txy_B_007"}, {"id": "Txy_B4_001"}, {"id": "Rwy_02_004"}, {"id": "Txy_E3_001"}, {"id": "Txy_E_104"}, {"id": "Txy_E_004"}, {"id": "Txy_E_003"}, {"id": "Txy_F_003"}, {"id": "Txy_F_002"}, {"id": "Txy_F_001"}, {"id": "Txy_1N_001"}, {"id": "Ramp_02_001"}, {"id": "Ramp_02_002"}, {"id": "Ramp_02_003"}, {"id": "Ramp_02_004"}, {"id": "Ramp_02_005"}, {"id": "Ramp_02_006"}, {"id": "Ramp_02_007"}, {"id": "Ramp_02_008"}, {"id": "Ramp_02_009"}, {"id": "Ramp_02_010"}, {"id": "Ramp_02_011"}, {"id": "Ramp_02_012"}, {"id": "Ramp_02_013"}, {"id": "Ramp_02_014"}, {"id": "Ramp_01_001"}, {"id": "Gate_T_001"}>.KATL

TRACK ULI-FEA47106EB B763 395900 760100 454 321 236 ZNY ZNY09
    FP_ROUTE KLGA.<>..LGA.OZZZI1.I08L.RW08L.<{"id": "Rwy_01_012"}, {"id": "Txy_B15_001"}, {"id": "Txy_B_015"}, {"id": "Txy_B_013"}, {"id": "Txy_B_012"}, {"id": "Txy_B_011"}, {"id": "Txy_B_010"}, {"id": "Txy_B_009"}, {"id": "Txy_D_B"}, {"id": "Txy_B_C"}, {"id": "Txy_B_008"}, {"id": "Txy_B_007"}, {"id": "Txy_B4_001"}, {"id": "Rwy_02_004"}, {"id": "Txy_E3_001"}, {"id": "Txy_E_104"}, {"id": "Txy_E_004"}, {"id": "Txy_E_003"}, {"id": "Txy_F_003"}, {"id": "Txy_F_002"}, {"id": "Txy_F_001"}, {"id": "Txy_1N_001"}, {"id": "Ramp_02_001"}, {"id": "Ramp_02_002"}, {"id": "Ramp_02_003"}, {"id": "Ramp_02_004"}, {"id": "Ramp_02_005"}, {"id": "Ramp_02_006"}, {"id": "Ramp_02_007"}, {"id": "Ramp_02_008"}, {"id": "Ramp_02_009"}, {"id": "Ramp_02_010"}, {"id": "Ramp_02_011"}, {"id": "Ramp_02_012"}, {"id": "Ramp_02_013"}, {"id": "Ramp_02_014"}, {"id": "Ramp_01_001"}, {"id": "Gate_T_001"}>.KATL

TRACK ULI-3AFAB4BC27 ALOR1 295600 941200 394 229 85 ZHU NONE
    FP_ROUTE KIAH.<>..LCH251063..GCV.ONDRE1.I08L.RW08L.<{"id": "Rwy_01_012"}, {"id": "Txy_B15_001"}, {"id": "Txy_B_015"}, {"id": "Txy_B_013"}, {"id": "Txy_B_012"}, {"id": "Txy_B_011"}, {"id": "Txy_B_010"}, {"id": "Txy_B_009"}, {"id": "Txy_D_B"}, {"id": "Txy_B_C"}, {"id": "Txy_B_008"}, {"id": "Txy_B_007"}, {"id": "Txy_B4_001"}, {"id": "Rwy_02_004"}, {"id": "Txy_E3_001"}, {"id": "Txy_E_104"}, {"id": "Txy_E_004"}, {"id": "Txy_E_003"}, {"id": "Txy_F_003"}, {"id": "Txy_F_002"}, {"id": "Txy_F_001"}, {"id": "Txy_1N_001"}, {"id": "Ramp_02_001"}, {"id": "Ramp_02_002"}, {"id": "Ramp_02_003"}, {"id": "Ramp_02_004"}, {"id": "Ramp_02_005"}, {"id": "Ramp_02_006"}, {"id": "Ramp_02_007"}, {"id": "Ramp_02_008"}, {"id": "Ramp_02_009"}, {"id": "Ramp_02_010"}, {"id": "Ramp_02_011"}, {"id": "Ramp_02_012"}, {"id": "Ramp_02_013"}, {"id": "Ramp_02_014"}, {"id": "Ramp_01_001"}, {"id": "Gate_T_001"}>.KATL

TRACK ULI-707397319B MD80 343400 871000 452 3 96 ZME ZME31
    FP_ROUTE KMEM.<{"id": "Parking_Cargo_029"}, {"id": "Ramp_03_020"}, {"id": "Ramp_03_019"}, {"id": "Ramp_03_018"}, {"id": "Ramp_03_017"}, {"id": "Ramp_03_016"}, {"id": "Ramp_03_015"}, {"id": "Ramp_03_014"}, {"id": "Ramp_03_013"}, {"id": "Ramp_03_011"}, {"id": "Ramp_03_010"}, {"id": "Ramp_03_009"}, {"id": "Txy_S_003"}, {"id": "Txy_S_004"}, {"id": "Txy_V_S"}, {"id": "Txy_S_005"}, {"id": "Rwy_04_004"}, {"id": "Txy_S_006"}, {"id": "Txy_A_S"}, {"id": "Txy_S_007"}, {"id": "Txy_S_008"}, {"id": "Txy_B_S"}, {"id": "Txy_S_009"}, {"id": "Txy_S_010"}, {"id": "Txy_S_S7"}, {"id": "Txy_S_011"}, {"id": "Txy_S_012"}, {"id": "Txy_S_D"}, {"id": "Txy_S_013"}, {"id": "Txy_S_S6"}, {"id": "Txy_S_K"}, {"id": "Txy_S_S3"}, {"id": "Txy_S_014"}, {"id": "Txy_S_P"}, {"id": "Txy_S_015"}, {"id": "Txy_E_S"}, {"id": "Txy_S_S1"}, {"id": "Txy_H_S"}, {"id": "Txy_S_016"}, {"id": "Txy_R_S"}, {"id": "Txy_R_003"}, {"id": "Rwy_02_015"}>.RW36C.OLEMS4.MEM.CHPPR1.I08L.RW08L.<{"id": "Rwy_01_012"}, {"id": "Txy_B15_001"}, {"id": "Txy_B_015"}, {"id": "Txy_B_013"}, {"id": "Txy_B_012"}, {"id": "Txy_B_011"}, {"id": "Txy_B_010"}, {"id": "Txy_B_009"}, {"id": "Txy_D_B"}, {"id": "Txy_B_C"}, {"id": "Txy_B_008"}, {"id": "Txy_B_007"}, {"id": "Txy_B4_001"}, {"id": "Rwy_02_004"}, {"id": "Txy_E3_001"}, {"id": "Txy_E_104"}, {"id": "Txy_E_004"}, {"id": "Txy_E_003"}, {"id": "Txy_F_003"}, {"id": "Txy_F_002"}, {"id": "Txy_F_001"}, {"id": "Txy_1N_001"}, {"id": "Ramp_02_001"}, {"id": "Ramp_02_002"}, {"id": "Ramp_02_003"}, {"id": "Ramp_02_004"}, {"id": "Ramp_02_005"}, {"id": "Ramp_02_006"}, {"id": "Ramp_02_007"}, {"id": "Ramp_02_008"}, {"id": "Ramp_02_009"}, {"id": "Ramp_02_010"}, {"id": "Ramp_02_011"}, {"id": "Ramp_02_012"}, {"id": "Ramp_02_013"}, {"id": "Ramp_02_014"}, {"id": "Ramp_01_001"}, {"id": "Gate_T_001"}>.KATL

TRACK ULI-1F32553603 B752 384800 1182000 484 350 0 ZOA ZOA33
    FP_ROUTE KSFO.<>..SAC131031..LVZ.IGN1.I04R.RW04R.<{"id": "Rwy_04_009"}, {"id": "Txy_E_002"}, {"id": "Txy_Y_E"}, {"id": "Txy_FB_Y"}, {"id": "Txy_FB_004"}, {"id": "Rwy_03_12"}, {"id": "Txy_ZA_006"}, {"id": "Txy_ZA_005"}, {"id": "Txy_C_ZA"}, {"id": "Txy_E_C"}, {"id": "Rwy_02_012"}, {"id": "Txy_E_008"}, {"id": "Txy_B_E"}, {"id": "Txy_A_E"}, {"id": "Txy_A_DA"}, {"id": "Txy_DA_001"}, {"id": "Ramp_06_014"}, {"id": "Ramp_06_013"}, {"id": "Ramp_06_012"}, {"id": "Ramp_06_011"}, {"id": "Ramp_06_008"}, {"id": "Ramp_06_009"}, {"id": "Gate_06_15"}>.KJFK

TRACK ULI-A757D65C39 ALOR1 324500 1152300 409 293 81 ZLA ZLA31
    FP_ROUTE KSAN.<>..SCPGT..ABQ.J18.LVS..LVS.J19.BUM..BUM.J110.STL..STL..TTH..ROD.BOJID2.I27L.RW27L.<{"id": "Rwy_01_001"}, {"id": "Txy_S_001"}, {"id": "Txy_S_102"}, {"id": "Txy_S_002"}, {"id": "Txy_S_003"}, {"id": "Txy_Z_009"}, {"id": "Txy_Z_010"}, {"id": "Txy_Z_011"}, {"id": "Txy_Z_012"}, {"id": "Txy_Z_013"}, {"id": "Txy_Z_014"}, {"id": "Parking_deice1_002"}, {"id": "Txy_Z_003"}, {"id": "Txy_Z_016"}, {"id": "Txy_Z_017"}, {"id": "Txy_K_001"}, {"id": "Txy_K_002"}, {"id": "Txy_K_003"}, {"id": "Txy_K_004"}, {"id": "spot_02S"}, {"id": "Ramp_13_001"}, {"id": "spot_02E"}, {"id": "Txy_J_004"}, {"id": "Ramp_01_001"}, {"id": "Ramp_01_002"}, {"id": "Ramp_01_003"}, {"id": "Ramp_01_004"}, {"id": "Ramp_01_005"}, {"id": "Gate_AW_018"}>.KPHL

TRACK ULI-3533A88AE5 MD82 350300 1202300 465 320 315 ZLA ZLA25
    FP_ROUTE KLAX.<>..LAX.MOD8.I28L.RW28L.<{"id": "Rwy_04_016"}, {"id": "Txy_S2_001"}, {"id": "Txy_S_001"}, {"id": "Txy_S_R"}, {"id": "Txy_Z_R"}, {"id": "Txy_Z_S1"}, {"id": "Txy_Z_B1"}, {"id": "Txy_Z_Q"}, {"id": "Txy_B_003"}, {"id": "Txy_Q1_001"}, {"id": "Txy_A_014"}, {"id": "Txy_A_K"}, {"id": "Txy_A_013"}, {"id": "Txy_A_012"}, {"id": "Txy_A_011"}, {"id": "Txy_A_D"}, {"id": "Txy_A_010"}, {"id": "Txy_A_E"}, {"id": "Txy_A_009"}, {"id": "Txy_A_F1"}, {"id": "Txy_A_008"}, {"id": "Txy_A_G"}, {"id": "Txy_A_007"}, {"id": "Txy_A_006"}, {"id": "Txy_A_005"}, {"id": "Txy_A_H"}, {"id": "Txy_A_004"}, {"id": "Txy_H_006"}, {"id": "Txy_H_005"}, {"id": "Txy_H_004"}, {"id": "Txy_H_003"}, {"id": "Txy_H_002"}, {"id": "Txy_H_001"}, {"id": "Txy_M_H"}, {"id": "Ramp_01_007"}, {"id": "Ramp_01_006"}, {"id": "Ramp_01_005"}, {"id": "Ramp_01_004"}, {"id": "Ramp_01_003"}, {"id": "Ramp_01_002"}, {"id": "Ramp_01_001"}, {"id": "Gate_A_006"}>.KSFO

TRACK ULI-BC2EE76E60 E45X 311100 960000 377 0 334 ZHU ZHU86
    FP_ROUTE KIAH.<{"id": "Gate_A_002"}, {"id": "Ramp_01_010"}, {"id": "Ramp_01_006"}, {"id": "Ramp_01_002"}, {"id": "Ramp_01_001"}, {"id": "Txy_WD_NR"}, {"id": "Txy_WW_NR"}, {"id": "Txy_WW_NE"}, {"id": "Txy_WB_WW"}, {"id": "Txy_WA_WW"}, {"id": "Txy_WW_004"}, {"id": "Rwy_03_001"}>.RW15L.PITZZ4.CQY..BYP..TUL.KASPR6.I12L.RW12L.<{"id": "Rwy_03_014"}, {"id": "Rwy_03_015"}, {"id": "Txy_P1_001"}, {"id": "Txy_P1_P"}, {"id": "Ramp_Deice_016"}, {"id": "Parking_Deice_022"}, {"id": "Ramp_Deice_020"}, {"id": "Ramp_Deice_021"}, {"id": "Ramp_Deice_022"}, {"id": "Gate_A_011"}>.KMSP

TRACK ULI-BB6249E781 A319 384900 800900 456 313 266 ZDC ZDC03
    FP_ROUTE KIAD.<>..IAD.BSR3.I28L.RW28L.<{"id": "Rwy_04_016"}, {"id": "Txy_S2_001"}, {"id": "Txy_S_001"}, {"id": "Txy_S_R"}, {"id": "Txy_Z_R"}, {"id": "Txy_Z_S1"}, {"id": "Txy_Z_B1"}, {"id": "Txy_Z_Q"}, {"id": "Txy_B_003"}, {"id": "Txy_Q1_001"}, {"id": "Txy_A_014"}, {"id": "Txy_A_K"}, {"id": "Txy_A_013"}, {"id": "Txy_A_012"}, {"id": "Txy_A_011"}, {"id": "Txy_A_D"}, {"id": "Txy_A_010"}, {"id": "Txy_A_E"}, {"id": "Txy_A_009"}, {"id": "Txy_A_F1"}, {"id": "Txy_A_008"}, {"id": "Txy_A_G"}, {"id": "Txy_A_007"}, {"id": "Txy_A_006"}, {"id": "Txy_A_005"}, {"id": "Txy_A_H"}, {"id": "Txy_A_004"}, {"id": "Txy_H_006"}, {"id": "Txy_H_005"}, {"id": "Txy_H_004"}, {"id": "Txy_H_003"}, {"id": "Txy_H_002"}, {"id": "Txy_H_001"}, {"id": "Txy_M_H"}, {"id": "Ramp_01_007"}, {"id": "Ramp_01_006"}, {"id": "Ramp_01_005"}, {"id": "Ramp_01_004"}, {"id": "Ramp_01_003"}, {"id": "Ramp_01_002"}, {"id": "Ramp_01_001"}, {"id": "Gate_A_006"}>.KSFO

TRACK ULI-08BE3533E2 B738 351300 962200 467 6 25 ZFW ZFW50
    FP_ROUTE KDFW.<{"id": "Gate_08_005"}, {"id": "Ramp_08_008"}, {"id": "Ramp_08_012"}, {"id": "Ramp_08_013"}, {"id": "Ramp_08_001"}, {"id": "Txy_C_005"}, {"id": "Txy_C_Z"}, {"id": "Rwy_02_004"}, {"id": "Txy_E_Z"}, {"id": "Rwy_03_005"}, {"id": "Txy_F_Z"}, {"id": "Txy_G_Z"}, {"id": "Txy_Z_008"}, {"id": "Txy_Z_HY"}, {"id": "Txy_Z_009"}, {"id": "Txy_Z_010"}, {"id": "Txy_Z_JY"}, {"id": "Txy_Z_011"}, {"id": "Txy_K_Z"}, {"id": "Txy_L_Z"}, {"id": "Rwy_04_005"}, {"id": "Txy_M_Z"}, {"id": "Rwy_05_004"}, {"id": "Txy_Z_N"}, {"id": "Txy_Z_P"}, {"id": "Txy_Z_Q"}, {"id": "Txy_R_003"}, {"id": "Txy_R_EJ"}, {"id": "Txy_R_005"}, {"id": "Txy_R_006"}, {"id": "Rwy_06_006"}>.RW31R.WYLIE9.SGF..FAM.HAARP3.I22.RW22.<{"id": "Rwy_01_001"}, {"id": "Txy_B_001"}, {"id": "Txy_B_002"}, {"id": "Txy_B_003"}, {"id": "Txy_B_004"}, {"id": "Txy_B_005"}, {"id": "Txy_B_006"}, {"id": "Txy_E_005"}, {"id": "Txy_A_001"}, {"id": "Txy_A_002"}, {"id": "Txy_A_003"}, {"id": "Txy_A_004"}, {"id": "Txy_A_005"}, {"id": "Txy_A_006"}, {"id": "Txy_A_007"}, {"id": "Txy_A_008"}, {"id": "Txy_A_009"}, {"id": "Txy_A_011"}, {"id": "Txy_A_010"}, {"id": "Txy_ZA_003"}, {"id": "Ramp_02005"}, {"id": "Ramp_02004"}, {"id": "Gate_C_C28"}>.KLGA

TRACK ULI-DD3D5925AA B737 305500 955200 439 0 336 ZHU ZHU46
    FP_ROUTE KIAH.<{"id": "Gate_A_002"}, {"id": "Ramp_01_010"}, {"id": "Ramp_01_006"}, {"id": "Ramp_01_002"}, {"id": "Ramp_01_001"}, {"id": "Txy_WD_NR"}, {"id": "Txy_WW_NR"}, {"id": "Txy_WW_NE"}, {"id": "Txy_WB_WW"}, {"id": "Txy_WA_WW"}, {"id": "Txy_WW_004"}, {"id": "Rwy_03_001"}>.RW15L.PITZZ4.SPS.J58.PNH..PNH..ALS..JNC.LEEHY5.I34L.RW34L.<{"id": "Rwy_01_001"}, {"id": "Txy_A11_001"}, {"id": "Txy_A_A11"}, {"id": "Txy_A11_B"}, {"id": "Txy_A10_B"}, {"id": "Txy_B_A9"}, {"id": "Txy_B_A8"}, {"id": "Txy_B_A7"}, {"id": "Txy_A6_B"}, {"id": "Txy_F_001"}, {"id": "Txy_F4_F"}, {"id": "Txy_F_F3"}, {"id": "Txy_F3_E"}, {"id": "Txy_F3_001"}, {"id": "Ramp_01_046"}, {"id": "Ramp_01_047"}, {"id": "Ramp_01_048"}, {"id": "Ramp_03_049"}, {"id": "Ramp_01_050"}, {"id": "Ramp_01_051"}, {"id": "Ramp_01_052"}, {"id": "Ramp_01_071"}, {"id": "Ramp_01_072"}, {"id": "Ramp_01_073"}, {"id": "Ramp_01_076"}, {"id": "Ramp_01_075"}, {"id": "Gate_E_016"}>.KSLC

TRACK ULI-FDEAB8A1E2 ALOR1 414800 901600 461 305 266 ZAU ZAU92
    FP_ROUTE KORD.<>..VORIN290040..LBF.WAHUU2.I16L.RW16L.<{"id": "Rwy_02_011"}, {"id": "Txy_F1_001"}, {"id": "Txy_F_F1"}, {"id": "Txy_G_F1"}, {"id": "Txy_F1_002"}, {"id": "Txy_H_F1"}, {"id": "Txy_H_CS"}, {"id": "Ramp_02_019"}, {"id": "Ramp_02_018"}, {"id": "Ramp_02_017"}, {"id": "Ramp_02_016"}, {"id": "Ramp_02_015"}, {"id": "Gate_C_015"}>.KDEN

TRACK ULI-405563A8E8 B752 395300 1190000 496 330 50 ZOA ZOA43
    FP_ROUTE KSFO.<>..SAC.J32.BAM..BAM.J32.BAM..CZI.J82.RAP..RAP.J158.ABR..ABR..CESNA..SSM..YCF..TULEG..ENE..SCUPP.GDM4.I27.RW27.<{"id": "rwy_04_001"}, {"id": "txy_M_004"}, {"id": "txy_M_K"}, {"id": "txy_K_001"}, {"id": "txy_B_K"}, {"id": "txy_K_002"}, {"id": "txy_K_002b"}, {"id": "ramp_C_004"}, {"id": "ramp_C_003"}, {"id": "ramp_C_002"}, {"id": "txy_K_003"}, {"id": "ramp_C_001"}, {"id": "ramp_C_005"}, {"id": "ramp_C_006"}, {"id": "spot_01_08"}, {"id": "ramp_02_006"}, {"id": "ramp_02_005"}, {"id": "spot_01_07"}, {"id": "ramp_02_004"}, {"id": "ramp_02_003"}, {"id": "spot_01_06"}, {"id": "ramp_02_002"}, {"id": "ramp_02_001"}, {"id": "txy_K_006"}, {"id": "ramp_01_004"}, {"id": "spot_01_05"}, {"id": "ramp_01_003"}, {"id": "ramp_01_002"}, {"id": "ramp_01_001"}, {"id": "gate_A_001"}>.KBOS

TRACK ULI-728FD12A69 ALOR1 370500 1030900 470 370 0 ZAB ZAB71
    FP_ROUTE KPHX.<>..KENTO334019..SLT.PENNS2.I04L.RW04L.<{"id": "Rwy_02_005"}, {"id": "Txy_M_004"}, {"id": "Txy_M_003"}, {"id": "Txy_R_M"}, {"id": "Txy_S_M"}, {"id": "Txy_S_K"}, {"id": "Txy_S_J"}, {"id": "Txy_S_B"}, {"id": "Txy_A_010"}, {"id": "Txy_A_110"}, {"id": "Txy_A_011"}, {"id": "Txy_A_G"}, {"id": "Txy_A_114"}, {"id": "Txy_A_015"}, {"id": "Txy_A_E"}, {"id": "Txy_DK_001"}, {"id": "Ramp_02_007"}, {"id": "Ramp_02_006"}, {"id": "Ramp_02_005"}, {"id": "Ramp_01_018"}, {"id": "Parking_08_002"}>.KEWR

TRACK ULI-8B03E1A861 B733 381300 1103400 424 330 38 ZLC ZLC46
    FP_ROUTE KLAS.<>..BLD050037..RWF.SKETR5.I12L.RW12L.<{"id": "Rwy_03_014"}, {"id": "Rwy_03_015"}, {"id": "Txy_P1_001"}, {"id": "Txy_P1_P"}, {"id": "Ramp_Deice_016"}, {"id": "Parking_Deice_022"}, {"id": "Ramp_Deice_020"}, {"id": "Ramp_Deice_021"}, {"id": "Ramp_Deice_022"}, {"id": "Gate_A_011"}>.KMSP

TRACK ULI-318D6B576B A320 365000 1114500 451 350 74 ZLA ZLA32
    FP_ROUTE KLAX.<>..SKEBR..APE..MGW.DOCCS2.I19L.RW19L.<{"id": "Rwy_02_010"}, {"id": "Txy_K9_001"}, {"id": "Txy_K_K9"}, {"id": "Txy_K_K8"}, {"id": "Txy_J_K8"}, {"id": "Txy_J_J5"}, {"id": "Txy_J_G"}, {"id": "Txy_J_F"}, {"id": "Txy_J_E"}, {"id": "Txy_J_D"}, {"id": "Txy_D_022"}, {"id": "Txy_D_021"}, {"id": "Txy_D_020"}, {"id": "Txy_D_019"}, {"id": "Txy_D_018"}, {"id": "Txy_D_017"}, {"id": "Txy_D_016"}, {"id": "Txy_D_015"}, {"id": "Txy_D_014"}, {"id": "Txy_D_013"}, {"id": "Txy_D_012"}, {"id": "Txy_D_011"}, {"id": "Txy_D_010"}, {"id": "Txy_D_009"}, {"id": "Ramp_04_003"}, {"id": "Gate_D_003"}>.KIAD

TRACK ULI-197E8BE428 B762 442600 1174300 433 380 292 ZLC ZLC41
    FP_ROUTE KATL.<>..BOI085115..DUFUR..BONVL.OCITY1.I10L.RW10L.<{"id": "Rwy_03_006"}, {"id": "Txy_A_014"}, {"id": "Txy_A_013"}, {"id": "Txy_A_012"}, {"id": "Txy_A_011"}, {"id": "Txy_A_010"}, {"id": "Txy_A_009"}, {"id": "Txy_A_008"}, {"id": "Txy_A_007"}, {"id": "Txy_A_006"}, {"id": "Ramp_01_001"}, {"id": "Gate_E_007"}>.KPDX

TRACK ULI-98440B3030 A320 363900 1121800 455 21 0 ZLA ZLA33
    FP_ROUTE KLAS.<{"id": "Gate_terminalA_023"}, {"id": "Ramp_01_031"}, {"id": "Ramp_01_030"}, {"id": "Ramp_01_029"}, {"id": "Ramp_01_028"}, {"id": "Ramp_01_027"}, {"id": "Txy_S_D"}, {"id": "Ramp_02_032"}, {"id": "Ramp_02_033"}, {"id": "Ramp_02_034"}, {"id": "Ramp_02_037"}, {"id": "Ramp_02_035"}, {"id": "Txy_D_N"}, {"id": "Txy_D_M"}, {"id": "Txy_D_L"}, {"id": "Txy_L_001"}, {"id": "Rwy_2_004"}>.RW19L.LAS5.HCT..PUMKN..DBQ..MKG.POLAR6.I21L.RW21L.<{"id": "Rwy_04_002"}, {"id": "Txy_W1_001"}, {"id": "Txy_W_001"}, {"id": "Txy_W_002"}, {"id": "Rwy_06_104"}, {"id": "Txy_T5_W"}, {"id": "Txy_T5_001"}, {"id": "Txy_T_T5"}, {"id": "Txy_J_PP"}, {"id": "Txy_PP_003"}, {"id": "Txy_PP_104"}, {"id": "Txy_PP_105"}, {"id": "Txy_PP_015"}, {"id": "Txy_PP_017"}, {"id": "Txy_PP_106"}, {"id": "Txy_PP1_001"}, {"id": "Rwy_03_002"}, {"id": "Txy_M_001"}, {"id": "Txy_M_002"}, {"id": "Txy_F_M"}, {"id": "Txy_F_003"}, {"id": "Txy_F_U"}, {"id": "Txy_F_002"}, {"id": "Rwy_05_109"}, {"id": "Txy_F_001"}, {"id": "Txy_V_F"}, {"id": "Txy_H_F"}, {"id": "Txy_F_201"}, {"id": "Parking_deice2_002"}, {"id": "Txy_K_123"}, {"id": "Txy_K_102"}, {"id": "Txy_K_101"}, {"id": "Txy_K_024"}, {"id": "Txy_K_026"}, {"id": "Txy_K_027"}, {"id": "Txy_K_028"}, {"id": "Txy_K_029"}, {"id": "Txy_K_030"}, {"id": "Txy_K_031"}, {"id": "Txy_K_331"}, {"id": "Ramp_01_001"}, {"id": "Gate_01_001"}>.KDTW

TRACK ULI-4606CE85AA ALOR1 340100 1075800 435 350 78 ZAB ZAB68
    FP_ROUTE KPHX.<>..ABQ210085..IRW..FSM..ARG.FILPZ3.I18R.RW18R.<{"id": "Rwy_01_002"}, {"id": "Txy_E2_001"}, {"id": "Txy_E_003"}, {"id": "Txy_E_004"}, {"id": "Txy_E_006"}, {"id": "Txy_E_005"}, {"id": "Txy_E_005b"}, {"id": "Txy_E_007"}, {"id": "Txy_E_008"}, {"id": "Rwy_03_001"}, {"id": "Txy_E_009"}, {"id": "Txy_E_010"}, {"id": "Txy_F_003"}, {"id": "Txy_F_004"}, {"id": "Txy_F_005"}, {"id": "Txy_F_006"}, {"id": "HardStand_02"}, {"id": "Spot_03"}, {"id": "HardStand_01"}, {"id": "Spot_02"}, {"id": "Ramp_01_008"}, {"id": "Ramp_01_007"}, {"id": "Ramp_01_006"}, {"id": "Txy_E11_001"}, {"id": "Spot_01"}, {"id": "Ramp_01_004"}, {"id": "Ramp_01_003"}, {"id": "Ramp_01_005"}, {"id": "Ramp_01_002"}, {"id": "Ramp_01_001"}, {"id": "Gate_A_001"}>.KCLT

TRACK ULI-942CCE5052 A319 402000 1100800 455 340 82 ZLC ZLC03
    FP_ROUTE KSFO.<>..SAC084069..JST.BOJID2.I27L.RW27L.<{"id": "Rwy_01_001"}, {"id": "Txy_S_001"}, {"id": "Txy_S_102"}, {"id": "Txy_S_002"}, {"id": "Txy_S_003"}, {"id": "Txy_Z_009"}, {"id": "Txy_Z_010"}, {"id": "Txy_Z_011"}, {"id": "Txy_Z_012"}, {"id": "Txy_Z_013"}, {"id": "Txy_Z_014"}, {"id": "Parking_deice1_002"}, {"id": "Txy_Z_003"}, {"id": "Txy_Z_016"}, {"id": "Txy_Z_017"}, {"id": "Txy_K_001"}, {"id": "Txy_K_002"}, {"id": "Txy_K_003"}, {"id": "Txy_K_004"}, {"id": "spot_02S"}, {"id": "Ramp_13_001"}, {"id": "spot_02E"}, {"id": "Txy_J_004"}, {"id": "Ramp_01_001"}, {"id": "Ramp_01_002"}, {"id": "Ramp_01_003"}, {"id": "Ramp_01_004"}, {"id": "Ramp_01_005"}, {"id": "Gate_AW_018"}>.KPHL

TRACK ULI-BEFCCFD52F ALOR2 392300 870400 301 215 22 ZID ZID35
    FP_ROUTE KSJC.<>..TTH127012..MAIZE.MBELL3.I35L.RW35L.<{"id": "Rwy_01_018"}, {"id": "Txy_B_019"}, {"id": "Txy_B_018"}, {"id": "Txy_B_017"}, {"id": "Txy_B_G"}, {"id": "Rwy_03_002"}, {"id": "Rwy_03_003"}, {"id": "Txy_C_013"}, {"id": "Txy_C_G"}, {"id": "Txy_M_002"}, {"id": "Txy_M_003"}, {"id": "Ramp_01_003"}, {"id": "Ramp_01_002"}, {"id": "Ramp_01_001"}, {"id": "Gate_B_004"}>.KSDF

TRACK ULI-63EC561B15 ALOR2 380300 862600 339 380 270 ZID ZID17
    FP_ROUTE KSDF.<>..PXV079059..STL.J24.MCI..MCI.J80.HLC..HLC..HBU056101..HBU258140..MLF.EMZOH3.I12.RW12.<{"id": "Rwy_01_001"}, {"id": "Txy_W_001"}, {"id": "Txy_W_002"}, {"id": "Txy_W_003"}, {"id": "Txy_U_W"}, {"id": "Txy_U_002"}, {"id": "Txy_U_T"}, {"id": "Txy_T_001"}, {"id": "Txy_T_002"}, {"id": "Txy_T_003"}, {"id": "Txy_T_004"}, {"id": "Txy_T_005"}, {"id": "Ramp_01_006"}, {"id": "Ramp_01_005"}, {"id": "Ramp_01_004"}, {"id": "Ramp_01_003"}, {"id": "Ramp_01_002"}, {"id": "Ramp_01_001"}, {"id": "Txy_S_001"}, {"id": "Ramp_03_002"}, {"id": "Txy_B_002"}, {"id": "Txy_B_003"}, {"id": "Txy_B_004"}, {"id": "Txy_B_006"}, {"id": "Txy_B_007"}, {"id": "Rwy_02_001"}, {"id": "Txy_B_008"}, {"id": "Txy_A_B"}, {"id": "Txy_B_009"}, {"id": "Rwy_03_001"}, {"id": "Txy_B_010"}, {"id": "Txy_A_007"}, {"id": "Txy_C_007"}, {"id": "Txy_C_006"}, {"id": "Ramp_08_003"}, {"id": "Parking_08_003"}>.KOAK

TRACK ULI-CD56FD0D20 B737 360300 1014400 444 390 93 ZAB ZAB98
    FP_ROUTE KLAS.<>..BLD124012..MEM.CHPPR1.I08L.RW08L.<{"id": "Rwy_01_012"}, {"id": "Txy_B15_001"}, {"id": "Txy_B_015"}, {"id": "Txy_B_013"}, {"id": "Txy_B_012"}, {"id": "Txy_B_011"}, {"id": "Txy_B_010"}, {"id": "Txy_B_009"}, {"id": "Txy_D_B"}, {"id": "Txy_B_C"}, {"id": "Txy_B_008"}, {"id": "Txy_B_007"}, {"id": "Txy_B4_001"}, {"id": "Rwy_02_004"}, {"id": "Txy_E3_001"}, {"id": "Txy_E_104"}, {"id": "Txy_E_004"}, {"id": "Txy_E_003"}, {"id": "Txy_F_003"}, {"id": "Txy_F_002"}, {"id": "Txy_F_001"}, {"id": "Txy_1N_001"}, {"id": "Ramp_02_001"}, {"id": "Ramp_02_002"}, {"id": "Ramp_02_003"}, {"id": "Ramp_02_004"}, {"id": "Ramp_02_005"}, {"id": "Ramp_02_006"}, {"id": "Ramp_02_007"}, {"id": "Ramp_02_008"}, {"id": "Ramp_02_009"}, {"id": "Ramp_02_010"}, {"id": "Ramp_02_011"}, {"id": "Ramp_02_012"}, {"id": "Ramp_02_013"}, {"id": "Ramp_02_014"}, {"id": "Ramp_01_001"}, {"id": "Gate_T_001"}>.KATL

TRACK ULI-901AF7D6DA B752 321500 1045300 469 370 101 ZAB ZAB78
    FP_ROUTE KLAX.<>..BXK243056..LEV.CYY9.I08R.RW08R.<{"id": "Rwy_02_013"}, {"id": "Txy_M11_001"}, {"id": "Txy_M_001"}, {"id": "Txy_N_001"}, {"id": "Ramp_01_007"}, {"id": "Ramp_01_006"}, {"id": "Ramp_01_005"}, {"id": "Ramp_01_004"}, {"id": "Ramp_01_003"}, {"id": "Ramp_01_002"}, {"id": "Ramp_01_001"}, {"id": "Gate_D_019"}>.KMIA

TRACK ULI-BCA19120E5 ALOR1 422300 1112300 471 350 75 ZLC ZLC08
    FP_ROUTE KSFO.<>..PIH102061..PMM.J70.SVM..SVM..BUF.GDM4.I27.RW27.<{"id": "rwy_04_001"}, {"id": "txy_M_004"}, {"id": "txy_M_K"}, {"id": "txy_K_001"}, {"id": "txy_B_K"}, {"id": "txy_K_002"}, {"id": "txy_K_002b"}, {"id": "ramp_C_004"}, {"id": "ramp_C_003"}, {"id": "ramp_C_002"}, {"id": "txy_K_003"}, {"id": "ramp_C_001"}, {"id": "ramp_C_005"}, {"id": "ramp_C_006"}, {"id": "spot_01_08"}, {"id": "ramp_02_006"}, {"id": "ramp_02_005"}, {"id": "spot_01_07"}, {"id": "ramp_02_004"}, {"id": "ramp_02_003"}, {"id": "spot_01_06"}, {"id": "ramp_02_002"}, {"id": "ramp_02_001"}, {"id": "txy_K_006"}, {"id": "ramp_01_004"}, {"id": "spot_01_05"}, {"id": "ramp_01_003"}, {"id": "ramp_01_002"}, {"id": "ramp_01_001"}, {"id": "gate_A_001"}>.KBOS

TRACK ULI-B559E40231 B752 321300 1043100 484 350 99 ZAB ZAB78
    FP_ROUTE KLAX.<>..BXK241048..LEV.BLOND4.I19L.RW19L.<{"id": "Rwy_02_014"}, {"id": "Txy_P_001"}, {"id": "Txy_P_002"}, {"id": "Txy_Q_C"}, {"id": "Txy_C_R"}, {"id": "Txy_C_S"}, {"id": "Txy_C_005"}, {"id": "Rwy_03_009"}, {"id": "Txy_C_004"}, {"id": "Txy_N_C"}, {"id": "Txy_L_N"}, {"id": "Txy_J_L"}, {"id": "Txy_J_004"}, {"id": "Txy_J_Y1"}, {"id": "Txy_Y1_001"}, {"id": "Txy_Y1_Y"}, {"id": "Ramp_03_008"}, {"id": "Ramp_03_007"}, {"id": "Ramp_03_006"}, {"id": "Ramp_03_005"}, {"id": "Ramp_03_004"}, {"id": "Ramp_03_003"}, {"id": "Ramp_03_002"}, {"id": "Ramp_03_088"}, {"id": "Ramp_02_008"}, {"id": "Ramp_02_007"}, {"id": "Ramp_02_006"}, {"id": "Txy_V5_V"}, {"id": "Ramp_02_005"}, {"id": "Ramp_02_003"}, {"id": "Ramp_02_004"}, {"id": "Ramp_01_009"}, {"id": "Ramp_01_010"}, {"id": "Ramp_02_002"}, {"id": "Ramp_01_011"}, {"id": "Ramp_02_001"}, {"id": "Gate_E_062"}>.KTPA

TRACK ULI-61DEF4C8F1 B752 395800 993500 446 350 75 ZDV ZDV08
    FP_ROUTE KLAS.<>..BCE198099..HNK..GDM.GDM4.I27.RW27.<{"id": "rwy_04_001"}, {"id": "txy_M_004"}, {"id": "txy_M_K"}, {"id": "txy_K_001"}, {"id": "txy_B_K"}, {"id": "txy_K_002"}, {"id": "txy_K_002b"}, {"id": "ramp_C_004"}, {"id": "ramp_C_003"}, {"id": "ramp_C_002"}, {"id": "txy_K_003"}, {"id": "ramp_C_001"}, {"id": "ramp_C_005"}, {"id": "ramp_C_006"}, {"id": "spot_01_08"}, {"id": "ramp_02_006"}, {"id": "ramp_02_005"}, {"id": "spot_01_07"}, {"id": "ramp_02_004"}, {"id": "ramp_02_003"}, {"id": "spot_01_06"}, {"id": "ramp_02_002"}, {"id": "ramp_02_001"}, {"id": "txy_K_006"}, {"id": "ramp_01_004"}, {"id": "spot_01_05"}, {"id": "ramp_01_003"}, {"id": "ramp_01_002"}, {"id": "ramp_01_001"}, {"id": "gate_A_001"}>.KBOS

TRACK ULI-5E8E452DE2 A321 331000 1141500 433 330 70 ZLA ZLA60
    FP_ROUTE KSAN.<>..BZA..LVS.J19.BUM..BUM.J110.STL..STL..TTH..ROD.BOJID2.I27L.RW27L.<{"id": "Rwy_01_001"}, {"id": "Txy_S_001"}, {"id": "Txy_S_102"}, {"id": "Txy_S_002"}, {"id": "Txy_S_003"}, {"id": "Txy_Z_009"}, {"id": "Txy_Z_010"}, {"id": "Txy_Z_011"}, {"id": "Txy_Z_012"}, {"id": "Txy_Z_013"}, {"id": "Txy_Z_014"}, {"id": "Parking_deice1_002"}, {"id": "Txy_Z_003"}, {"id": "Txy_Z_016"}, {"id": "Txy_Z_017"}, {"id": "Txy_K_001"}, {"id": "Txy_K_002"}, {"id": "Txy_K_003"}, {"id": "Txy_K_004"}, {"id": "spot_02S"}, {"id": "Ramp_13_001"}, {"id": "spot_02E"}, {"id": "Txy_J_004"}, {"id": "Ramp_01_001"}, {"id": "Ramp_01_002"}, {"id": "Ramp_01_003"}, {"id": "Ramp_01_004"}, {"id": "Ramp_01_005"}, {"id": "Gate_AW_018"}>.KPHL

TRACK ULI-ABECA42EED A320 435200 881500 471 370 89 ZAU ZAU61
    FP_ROUTE KSJC.<>..4003N/11842W..ALB..GDM.GDM4.I27.RW27.<{"id": "rwy_04_001"}, {"id": "txy_M_004"}, {"id": "txy_M_K"}, {"id": "txy_K_001"}, {"id": "txy_B_K"}, {"id": "txy_K_002"}, {"id": "txy_K_002b"}, {"id": "ramp_C_004"}, {"id": "ramp_C_003"}, {"id": "ramp_C_002"}, {"id": "txy_K_003"}, {"id": "ramp_C_001"}, {"id": "ramp_C_005"}, {"id": "ramp_C_006"}, {"id": "spot_01_08"}, {"id": "ramp_02_006"}, {"id": "ramp_02_005"}, {"id": "spot_01_07"}, {"id": "ramp_02_004"}, {"id": "ramp_02_003"}, {"id": "spot_01_06"}, {"id": "ramp_02_002"}, {"id": "ramp_02_001"}, {"id": "txy_K_006"}, {"id": "ramp_01_004"}, {"id": "spot_01_05"}, {"id": "ramp_01_003"}, {"id": "ramp_01_002"}, {"id": "ramp_01_001"}, {"id": "gate_A_001"}>.KBOS

TRACK ULI-F1EF442248 ALOR2 382800 1211200 468 233 58 ZOA ZOA23
    FP_ROUTE KSFO.<>..SAC066018..RWF.SKETR5.I12L.RW12L.<{"id": "Rwy_03_014"}, {"id": "Rwy_03_015"}, {"id": "Txy_P1_001"}, {"id": "Txy_P1_P"}, {"id": "Ramp_Deice_016"}, {"id": "Parking_Deice_022"}, {"id": "Ramp_Deice_020"}, {"id": "Ramp_Deice_021"}, {"id": "Ramp_Deice_022"}, {"id": "Gate_A_011"}>.KMSP

TRACK ULI-51CD092A80 A320 412100 941500 468 350 75 ZMP ZMP43
    FP_ROUTE KLGB.<>..DSM.J10.IOW..IOW.J146.GIJ..GIJ..JHW..ALB..GDM.GDM4.I27.RW27.<{"id": "rwy_04_001"}, {"id": "txy_M_004"}, {"id": "txy_M_K"}, {"id": "txy_K_001"}, {"id": "txy_B_K"}, {"id": "txy_K_002"}, {"id": "txy_K_002b"}, {"id": "ramp_C_004"}, {"id": "ramp_C_003"}, {"id": "ramp_C_002"}, {"id": "txy_K_003"}, {"id": "ramp_C_001"}, {"id": "ramp_C_005"}, {"id": "ramp_C_006"}, {"id": "spot_01_08"}, {"id": "ramp_02_006"}, {"id": "ramp_02_005"}, {"id": "spot_01_07"}, {"id": "ramp_02_004"}, {"id": "ramp_02_003"}, {"id": "spot_01_06"}, {"id": "ramp_02_002"}, {"id": "ramp_02_001"}, {"id": "txy_K_006"}, {"id": "ramp_01_004"}, {"id": "spot_01_05"}, {"id": "ramp_01_003"}, {"id": "ramp_01_002"}, {"id": "ramp_01_001"}, {"id": "gate_A_001"}>.KBOS

TRACK ULI-0DC4BD1363 A319 371100 1025800 423 370 64 ZAB ZAB72
    FP_ROUTE KPHX.<>..SEASU..GIJ..JXN.POLAR6.I21L.RW21L.<{"id": "Rwy_04_002"}, {"id": "Txy_W1_001"}, {"id": "Txy_W_001"}, {"id": "Txy_W_002"}, {"id": "Rwy_06_104"}, {"id": "Txy_T5_W"}, {"id": "Txy_T5_001"}, {"id": "Txy_T_T5"}, {"id": "Txy_J_PP"}, {"id": "Txy_PP_003"}, {"id": "Txy_PP_104"}, {"id": "Txy_PP_105"}, {"id": "Txy_PP_015"}, {"id": "Txy_PP_017"}, {"id": "Txy_PP_106"}, {"id": "Txy_PP1_001"}, {"id": "Rwy_03_002"}, {"id": "Txy_M_001"}, {"id": "Txy_M_002"}, {"id": "Txy_F_M"}, {"id": "Txy_F_003"}, {"id": "Txy_F_U"}, {"id": "Txy_F_002"}, {"id": "Rwy_05_109"}, {"id": "Txy_F_001"}, {"id": "Txy_V_F"}, {"id": "Txy_H_F"}, {"id": "Txy_F_201"}, {"id": "Parking_deice2_002"}, {"id": "Txy_K_123"}, {"id": "Txy_K_102"}, {"id": "Txy_K_101"}, {"id": "Txy_K_024"}, {"id": "Txy_K_026"}, {"id": "Txy_K_027"}, {"id": "Txy_K_028"}, {"id": "Txy_K_029"}, {"id": "Txy_K_030"}, {"id": "Txy_K_031"}, {"id": "Txy_K_331"}, {"id": "Ramp_01_001"}, {"id": "Gate_01_001"}>.KDTW

TRACK ULI-51B72EEFFB ALOR2 381400 1200400 446 242 74 ZOA ZOA32
    FP_ROUTE KSFO.<>..SAC083070..JOT.MOTIF6.I04R.RW04R.<{"id": "Rwy_4_004"}, {"id": "Rwy_4_003"}, {"id": "Txy_N_015"}, {"id": "Ramp_01_046"}, {"id": "Ramp_01_002"}, {"id": "Ramp_01_001"}, {"id": "Gate_C_003"}>.KMDW

TRACK ULI-2FC6380C89 A320 365300 1122700 429 350 69 ZLA ZLA32
    FP_ROUTE KLAX.<>..LAS.J146.DVC..DVC.J197.HGO..HGO..HLC..STJ..PIA..BVT..ROD.BOJID2.I27L.RW27L.<{"id": "Rwy_01_001"}, {"id": "Txy_S_001"}, {"id": "Txy_S_102"}, {"id": "Txy_S_002"}, {"id": "Txy_S_003"}, {"id": "Txy_Z_009"}, {"id": "Txy_Z_010"}, {"id": "Txy_Z_011"}, {"id": "Txy_Z_012"}, {"id": "Txy_Z_013"}, {"id": "Txy_Z_014"}, {"id": "Parking_deice1_002"}, {"id": "Txy_Z_003"}, {"id": "Txy_Z_016"}, {"id": "Txy_Z_017"}, {"id": "Txy_K_001"}, {"id": "Txy_K_002"}, {"id": "Txy_K_003"}, {"id": "Txy_K_004"}, {"id": "spot_02S"}, {"id": "Ramp_13_001"}, {"id": "spot_02E"}, {"id": "Txy_J_004"}, {"id": "Ramp_01_001"}, {"id": "Ramp_01_002"}, {"id": "Ramp_01_003"}, {"id": "Ramp_01_004"}, {"id": "Ramp_01_005"}, {"id": "Gate_AW_018"}>.KPHL

TRACK ULI-931FA81AB2 ALOR1 392900 871500 304 245 8 ZID ZID80
    FP_ROUTE KDEN.<>..TTH360002..MAIZE.MBELL3.I35L.RW35L.<{"id": "Rwy_01_018"}, {"id": "Txy_B_019"}, {"id": "Txy_B_018"}, {"id": "Txy_B_017"}, {"id": "Txy_B_G"}, {"id": "Rwy_03_002"}, {"id": "Rwy_03_003"}, {"id": "Txy_C_013"}, {"id": "Txy_C_G"}, {"id": "Txy_M_002"}, {"id": "Txy_M_003"}, {"id": "Ramp_01_003"}, {"id": "Ramp_01_002"}, {"id": "Ramp_01_001"}, {"id": "Gate_B_004"}>.KSDF

TRACK ULI-ECF2C0EA0B B737 383900 1183400 480 370 72 ZOA ZOA33
    FP_ROUTE KSFO.<>..SAC095048..VWV.ZABER6.I06R.RW06R.<{"id": "Rwy_02_008"}, {"id": "Txy_W_003"}, {"id": "Txy_W_L"}, {"id": "Txy_L_011"}, {"id": "Txy_L_010"}, {"id": "Txy_S_L"}, {"id": "Txy_L_009"}, {"id": "Txy_R_L"}, {"id": "Txy_L_008"}, {"id": "Txy_L_007"}, {"id": "Txy_L_006"}, {"id": "Txy_K_L"}, {"id": "Txy_L_005"}, {"id": "Txy_L_004"}, {"id": "Txy_L_003"}, {"id": "Txy_N_L"}, {"id": "Txy_L_002"}, {"id": "Txy_L_001"}, {"id": "Parking_Holding_702"}, {"id": "Parking_Holding_701"}>.KCLE

TRACK ULI-0A375EA3D3 A321 405200 995700 447 330 82 ZDV ZDV09
    FP_ROUTE KSFO.<>..FFU199073..JST.BOJID2.I27L.RW27L.<{"id": "Rwy_01_001"}, {"id": "Txy_S_001"}, {"id": "Txy_S_102"}, {"id": "Txy_S_002"}, {"id": "Txy_S_003"}, {"id": "Txy_Z_009"}, {"id": "Txy_Z_010"}, {"id": "Txy_Z_011"}, {"id": "Txy_Z_012"}, {"id": "Txy_Z_013"}, {"id": "Txy_Z_014"}, {"id": "Parking_deice1_002"}, {"id": "Txy_Z_003"}, {"id": "Txy_Z_016"}, {"id": "Txy_Z_017"}, {"id": "Txy_K_001"}, {"id": "Txy_K_002"}, {"id": "Txy_K_003"}, {"id": "Txy_K_004"}, {"id": "spot_02S"}, {"id": "Ramp_13_001"}, {"id": "spot_02E"}, {"id": "Txy_J_004"}, {"id": "Ramp_01_001"}, {"id": "Ramp_01_002"}, {"id": "Ramp_01_003"}, {"id": "Ramp_01_004"}, {"id": "Ramp_01_005"}, {"id": "Gate_AW_018"}>.KPHL

TRACK ULI-E03FF15397 C750 381700 1164200 501 430 255 ZLC ZLC45
    FP_ROUTE KDTW.<>..GIJ292015..OAL.MOD8.I28L.RW28L.<{"id": "Rwy_04_016"}, {"id": "Txy_S2_001"}, {"id": "Txy_S_001"}, {"id": "Txy_S_R"}, {"id": "Txy_Z_R"}, {"id": "Txy_Z_S1"}, {"id": "Txy_Z_B1"}, {"id": "Txy_Z_Q"}, {"id": "Txy_B_003"}, {"id": "Txy_Q1_001"}, {"id": "Txy_A_014"}, {"id": "Txy_A_K"}, {"id": "Txy_A_013"}, {"id": "Txy_A_012"}, {"id": "Txy_A_011"}, {"id": "Txy_A_D"}, {"id": "Txy_A_010"}, {"id": "Txy_A_E"}, {"id": "Txy_A_009"}, {"id": "Txy_A_F1"}, {"id": "Txy_A_008"}, {"id": "Txy_A_G"}, {"id": "Txy_A_007"}, {"id": "Txy_A_006"}, {"id": "Txy_A_005"}, {"id": "Txy_A_H"}, {"id": "Txy_A_004"}, {"id": "Txy_H_006"}, {"id": "Txy_H_005"}, {"id": "Txy_H_004"}, {"id": "Txy_H_003"}, {"id": "Txy_H_002"}, {"id": "Txy_H_001"}, {"id": "Txy_M_H"}, {"id": "Ramp_01_007"}, {"id": "Ramp_01_006"}, {"id": "Ramp_01_005"}, {"id": "Ramp_01_004"}, {"id": "Ramp_01_003"}, {"id": "Ramp_01_002"}, {"id": "Ramp_01_001"}, {"id": "Gate_A_006"}>.KSFO

TRACK ULI-3D9CB227FE B752 360500 1015100 457 370 74 ZAB ZAB98
    FP_ROUTE KSAN.<>..PAYSO148028..HVQ.DOCCS2.I19L.RW19L.<{"id": "Rwy_02_010"}, {"id": "Txy_K9_001"}, {"id": "Txy_K_K9"}, {"id": "Txy_K_K8"}, {"id": "Txy_J_K8"}, {"id": "Txy_J_J5"}, {"id": "Txy_J_G"}, {"id": "Txy_J_F"}, {"id": "Txy_J_E"}, {"id": "Txy_J_D"}, {"id": "Txy_D_022"}, {"id": "Txy_D_021"}, {"id": "Txy_D_020"}, {"id": "Txy_D_019"}, {"id": "Txy_D_018"}, {"id": "Txy_D_017"}, {"id": "Txy_D_016"}, {"id": "Txy_D_015"}, {"id": "Txy_D_014"}, {"id": "Txy_D_013"}, {"id": "Txy_D_012"}, {"id": "Txy_D_011"}, {"id": "Txy_D_010"}, {"id": "Txy_D_009"}, {"id": "Ramp_04_003"}, {"id": "Gate_D_003"}>.KIAD

TRACK ULI-746E5CC9BB B752 391000 1002100 433 370 81 ZDV ZDV18
    FP_ROUTE KLAS.<>..3649N/11151W..JST.BOJID2.I27L.RW27L.<{"id": "Rwy_01_001"}, {"id": "Txy_S_001"}, {"id": "Txy_S_102"}, {"id": "Txy_S_002"}, {"id": "Txy_S_003"}, {"id": "Txy_Z_009"}, {"id": "Txy_Z_010"}, {"id": "Txy_Z_011"}, {"id": "Txy_Z_012"}, {"id": "Txy_Z_013"}, {"id": "Txy_Z_014"}, {"id": "Parking_deice1_002"}, {"id": "Txy_Z_003"}, {"id": "Txy_Z_016"}, {"id": "Txy_Z_017"}, {"id": "Txy_K_001"}, {"id": "Txy_K_002"}, {"id": "Txy_K_003"}, {"id": "Txy_K_004"}, {"id": "spot_02S"}, {"id": "Ramp_13_001"}, {"id": "spot_02E"}, {"id": "Txy_J_004"}, {"id": "Ramp_01_001"}, {"id": "Ramp_01_002"}, {"id": "Ramp_01_003"}, {"id": "Ramp_01_004"}, {"id": "Ramp_01_005"}, {"id": "Gate_AW_018"}>.KPHL

TRACK ULI-2E8104CF1B A320 391800 993700 415 370 82 ZDV ZDV18
    FP_ROUTE KLGB.<>..TBC023113..AIR..MGW.DOCCS2.I19L.RW19L.<{"id": "Rwy_02_010"}, {"id": "Txy_K9_001"}, {"id": "Txy_K_K9"}, {"id": "Txy_K_K8"}, {"id": "Txy_J_K8"}, {"id": "Txy_J_J5"}, {"id": "Txy_J_G"}, {"id": "Txy_J_F"}, {"id": "Txy_J_E"}, {"id": "Txy_J_D"}, {"id": "Txy_D_022"}, {"id": "Txy_D_021"}, {"id": "Txy_D_020"}, {"id": "Txy_D_019"}, {"id": "Txy_D_018"}, {"id": "Txy_D_017"}, {"id": "Txy_D_016"}, {"id": "Txy_D_015"}, {"id": "Txy_D_014"}, {"id": "Txy_D_013"}, {"id": "Txy_D_012"}, {"id": "Txy_D_011"}, {"id": "Txy_D_010"}, {"id": "Txy_D_009"}, {"id": "Ramp_04_003"}, {"id": "Gate_D_003"}>.KIAD

TRACK ULI-CFB1A98DCF ALOR1 353400 1104900 430 370 93 ZAB ZAB67
    FP_ROUTE KLAS.<>..FLG047051..OTK.LEESE2.I17L.RW17L.<{"id": "Rwy_04_008"}, {"id": "Txy_N6_001"}, {"id": "Txy_N_N6"}, {"id": "Txy_N_N5"}, {"id": "Txy_N_N4"}, {"id": "Txy_N_F"}, {"id": "Txy_F_004"}, {"id": "Txy_F_E6"}, {"id": "Txy_F_003"}, {"id": "Rwy_03_005"}, {"id": "Txy_F_002"}, {"id": "Txy_H_F"}, {"id": "Txy_G_F"}, {"id": "Txy_F_E5"}, {"id": "Txy_F_E4"}, {"id": "Txy_F_001"}, {"id": "Txy_F_E2"}, {"id": "Txy_F_E1"}, {"id": "Txy_C_F"}, {"id": "Txy_C_003"}, {"id": "Txy_C_B9"}, {"id": "Txy_B_B9"}, {"id": "Txy_B_B10"}, {"id": "Txy_B10_004"}, {"id": "Rwy_02_009"}, {"id": "Txy_B10_003"}, {"id": "Txy_B10_002"}, {"id": "Txy_B10_001"}, {"id": "Rwy_01_006"}, {"id": "Txy_A3_011"}, {"id": "Txy_A_A3"}, {"id": "Txy_A3_010"}, {"id": "Txy_A3_009"}, {"id": "Txy_A3_008"}, {"id": "Txy_A3_007"}, {"id": "Txy_A3_006"}, {"id": "Txy_A3_005"}, {"id": "Txy_A3_004"}, {"id": "Txy_A3_003"}, {"id": "Txy_A3_002"}, {"id": "Gate_05_002"}>.KMCO

TRACK ULI-B91B80F509 ALOR1 381800 1194300 470 350 79 ZOA ZOA32
    FP_ROUTE KSFO.<>..SAC079087..JVL.SHAIN1.I10C.RW10C.<{"id": "Rwy_03_001"}, {"id": "Txy_GG_002"}, {"id": "Txy_GG_P"}, {"id": "Txy_Y_P"}, {"id": "Txy_Y_001"}, {"id": "Txy_Y_N"}, {"id": "Txy_Y_V"}, {"id": "Txy_V_V6"}, {"id": "Ramp_04_008"}, {"id": "Ramp_04_026"}, {"id": "Ramp_04_027"}, {"id": "Gate_05_M20"}>.KORD

TRACK ULI-DF9C1E717E B763 550000 1520000 439 370 0 OAO OC2
    FP_ROUTE PHNL.<>..5500N/15200W..5643N/15149W..HOM.NEELL6.I07L.RW07L.<{"id": "Rwy_02_001"}, {"id": "Txy_A_001"}, {"id": "Txy_A_K"}, {"id": "Txy_B_K"}, {"id": "Ramp_Cargo_003"}, {"id": "Ramp_Cargo_002"}, {"id": "Ramp_Cargo_001"}, {"id": "Txy_K_C"}, {"id": "Txy_K_D"}, {"id": "Ramp_S_007"}, {"id": "Ramp_S_006"}, {"id": "Txy_K_E"}, {"id": "Txy_G_E"}, {"id": "Txy_E_010"}, {"id": "Txy_E_L"}, {"id": "Txy_E_009"}, {"id": "Txy_E_008"}, {"id": "Txy_E_007"}, {"id": "Txy_E_006"}, {"id": "Txy_E_005"}, {"id": "Txy_E_004"}, {"id": "Txy_E_003"}, {"id": "Txy_E_002"}, {"id": "Ramp_N_005"}, {"id": "Ramp_N_006"}, {"id": "Ramp_N_007"}, {"id": "Ramp_N_008"}, {"id": "Gate_N_001"}>.PANC

TRACK ULI-47E290BAD5 B752 393900 1041400 392 390 99 ZDV ZDVDE
    FP_ROUTE KDEN.<>..DVV119023..RMG.CHPPR1.I08L.RW08L.<{"id": "Rwy_01_012"}, {"id": "Txy_B15_001"}, {"id": "Txy_B_015"}, {"id": "Txy_B_013"}, {"id": "Txy_B_012"}, {"id": "Txy_B_011"}, {"id": "Txy_B_010"}, {"id": "Txy_B_009"}, {"id": "Txy_D_B"}, {"id": "Txy_B_C"}, {"id": "Txy_B_008"}, {"id": "Txy_B_007"}, {"id": "Txy_B4_001"}, {"id": "Rwy_02_004"}, {"id": "Txy_E3_001"}, {"id": "Txy_E_104"}, {"id": "Txy_E_004"}, {"id": "Txy_E_003"}, {"id": "Txy_F_003"}, {"id": "Txy_F_002"}, {"id": "Txy_F_001"}, {"id": "Txy_1N_001"}, {"id": "Ramp_02_001"}, {"id": "Ramp_02_002"}, {"id": "Ramp_02_003"}, {"id": "Ramp_02_004"}, {"id": "Ramp_02_005"}, {"id": "Ramp_02_006"}, {"id": "Ramp_02_007"}, {"id": "Ramp_02_008"}, {"id": "Ramp_02_009"}, {"id": "Ramp_02_010"}, {"id": "Ramp_02_011"}, {"id": "Ramp_02_012"}, {"id": "Ramp_02_013"}, {"id": "Ramp_02_014"}, {"id": "Ramp_01_001"}, {"id": "Gate_T_001"}>.KATL

TRACK ULI-BA27F9309C MD83 360100 1121800 433 310 56 ZLA ZLA35
    FP_ROUTE KSAN.<>..TRM202006..ONL.J94.DBQ..DBQ..JVL.SHAIN1.I10C.RW10C.<{"id": "Rwy_03_001"}, {"id": "Txy_GG_002"}, {"id": "Txy_GG_P"}, {"id": "Txy_Y_P"}, {"id": "Txy_Y_001"}, {"id": "Txy_Y_N"}, {"id": "Txy_Y_V"}, {"id": "Txy_V_V6"}, {"id": "Ramp_04_008"}, {"id": "Ramp_04_026"}, {"id": "Ramp_04_027"}, {"id": "Gate_05_M20"}>.KORD

TRACK ULI-1A123FF78D ALOR1 395300 1031200 469 370 78 ZDV ZDV16
    FP_ROUTE KLAX.<>..DVV079062..SLT.PENNS2.I04L.RW04L.<{"id": "Rwy_02_005"}, {"id": "Txy_M_004"}, {"id": "Txy_M_003"}, {"id": "Txy_R_M"}, {"id": "Txy_S_M"}, {"id": "Txy_S_K"}, {"id": "Txy_S_J"}, {"id": "Txy_S_B"}, {"id": "Txy_A_010"}, {"id": "Txy_A_110"}, {"id": "Txy_A_011"}, {"id": "Txy_A_G"}, {"id": "Txy_A_114"}, {"id": "Txy_A_015"}, {"id": "Txy_A_E"}, {"id": "Txy_DK_001"}, {"id": "Ramp_02_007"}, {"id": "Ramp_02_006"}, {"id": "Ramp_02_005"}, {"id": "Ramp_01_018"}, {"id": "Parking_08_002"}>.KEWR

TRACK ULI-93CA1378ED ALOR1 404500 1030200 472 330 75 ZDV ZDV16
    FP_ROUTE KLAX.<>..SNY176021..SLT.PENNS2.I04L.RW04L.<{"id": "Rwy_02_005"}, {"id": "Txy_M_004"}, {"id": "Txy_M_003"}, {"id": "Txy_R_M"}, {"id": "Txy_S_M"}, {"id": "Txy_S_K"}, {"id": "Txy_S_J"}, {"id": "Txy_S_B"}, {"id": "Txy_A_010"}, {"id": "Txy_A_110"}, {"id": "Txy_A_011"}, {"id": "Txy_A_G"}, {"id": "Txy_A_114"}, {"id": "Txy_A_015"}, {"id": "Txy_A_E"}, {"id": "Txy_DK_001"}, {"id": "Ramp_02_007"}, {"id": "Ramp_02_006"}, {"id": "Ramp_02_005"}, {"id": "Ramp_01_018"}, {"id": "Parking_08_002"}>.KEWR

TRACK ULI-B138F12352 B763 353800 1262900 476 350 999 OAO OC4HL
    FP_ROUTE PHNL.<>..CLUTS.R465.CINNY..CINNY..OAK.J84.MVA..MVA.J198.ILC..ILC.J58.LVS..LVS..TXO.SOCKK3.I31R.RW31R.<{"id": "Rwy_06_002"}, {"id": "Txy_P_R"}, {"id": "Txy_Y_021"}, {"id": "Txy_Y_P"}, {"id": "Txy_Z_P"}, {"id": "Txy_Z_N"}, {"id": "Rwy_05_004"}, {"id": "Txy_M_Z"}, {"id": "Rwy_04_005"}, {"id": "Txy_L_Z"}, {"id": "Txy_K_Z"}, {"id": "Txy_Z_011"}, {"id": "Txy_Z_JY"}, {"id": "Txy_Z_010"}, {"id": "Txy_Z_009"}, {"id": "Txy_Z_HY"}, {"id": "Txy_Z_008"}, {"id": "Txy_G_Z"}, {"id": "Txy_F_Z"}, {"id": "Rwy_03_005"}, {"id": "Txy_E_Z"}, {"id": "Rwy_02_004"}, {"id": "Txy_C_Z"}, {"id": "Txy_C_005"}, {"id": "Ramp_08_001"}, {"id": "Ramp_08_013"}, {"id": "Ramp_08_012"}, {"id": "Ramp_08_008"}, {"id": "Gate_08_005"}>.KDFW

