TRACK_TIME 1121238067
TRACK SWA1897 B733 373638 1222286 130 0.0 28 ZOA ZOA46
    FP_ROUTE KSFO.<>..SSTIK3.LOSHN..BOILE..BLH.HYDRR1.I07R..<>.KPHX

TRACK_TIME 1121242917
TRACK SWA1898 B733 324400N 1171123W 130 0 275 ZOA ZOA46
    FP_ROUTE KSAN.<>..BRDR7.IPL..ARGUS..HEEDS..ARAZI..BZA..HOGGZ.HYDRR1.I07R..<>.KPHX

TRACK_TIME 1121241637
TRACK SWA1899 B733 335633 1182429 130 1.277 251 ZOA ZOA46
    FP_ROUTE KLAX.<>..DOTSS2.CNERY..BLH.HYDRR1.I07R..<>.KPHX
