TRACK_TIME 1121238067
TRACK SWA1897 B733 373638 1222286 130 0.0 280 ZOA ZOA46
    FP_ROUTE KSFO.<>..SSTIK3.LOSHN..BOILE..BLH.HYDRR1.I07R..<>.KPHX

TRACK_TIME 1121241897
TRACK SWA6516 B733 360448 1150908 130 21.8 259 ZLA ZLA30
    FP_ROUTE KLAS.<>..BOACH8.LVELL.LUCKI1.L27..<>.KSAN
