TRACK_TIME 1121238282
TRACK SWA1898 B733 373638 1222286 130 0 28 ZOA ZOA46
    FP_ROUTE KSFO.<{"id": "Gate_F_077"}, {"id": "Ramp_06_003"}, {"id": "Ramp_06_004"}, {"id": "Txy_A_012"}, {"id": "Txy_A_011"}, {"id": "Txy_A_D"}, {"id": "Txy_A_010"}, {"id": "Txy_A_E"}, {"id": "Txy_A_B"}, {"id": "Txy_F_010"}, {"id": "Txy_F_009"}, {"id": "Rwy_01_005"}, {"id": "Txy_F_008"}, {"id": "Txy_F_007"}, {"id": "Rwy_02_006"}, {"id": "Txy_F_006"}, {"id": "Txy_F_L"}, {"id": "Txy_F_005"}, {"id": "Txy_F_N"}, {"id": "Txy_F_004"}, {"id": "Txy_F_003"}, {"id": "Txy_F_002"}, {"id": "Txy_F_001"}, {"id": "Rwy_03_001"}, {"id": "Txy_C_001"}, {"id": "Txy_C_002"}, {"id": "Rwy_04_001"}>.RW28R.OFFSH1.KSFO.SUNSS8.I25L.RW25L.<{"id": "Rwy_03_001"}, {"id": "Txy_G3_001"}, {"id": "Txy_F_001"}, {"id": "Txy_F_002"}, {"id": "Txy_F4_001"}, {"id": "Rwy_02_002"}, {"id": "Txy_E4_001"}, {"id": "Txy_E_003"}, {"id": "Txy_D_002"}, {"id": "Txy_D_003"}, {"id": "Txy_D_004"}, {"id": "Txy_D_005"}, {"id": "Txy_D_006"}, {"id": "Txy_D_007"}, {"id": "Txy_D_008"}, {"id": "Txy_D_009"}, {"id": "Txy_D_010"}, {"id": "Txy_D_011"}, {"id": "Txy_T_003"}, {"id": "Txy_T_002"}, {"id": "Txy_T_001"}, {"id": "Txy_C_009"}, {"id": "Txy_C_010"}, {"id": "Ramp_04_009"}, {"id": "Ramp_04_008"}, {"id": "Ramp_04_007"}, {"id": "Txy_C_011"}, {"id": "Txy_C_012"}, {"id": "Ramp_03_009"}, {"id": "Ramp_03_010"}, {"id": "Gate_04_A10"}>.KPHX

TRACK_TIME 1121238347
TRACK SWA1899 B733 373638 1222286 130 0 28 ZOA ZOA46
    FP_ROUTE KSFO.<{"id": "Parking_03_003"}, {"id": "Txy_Y_001"}, {"id": "Txy_Z_Y"}, {"id": "Txy_Z_R"}, {"id": "Txy_Z_S1"}, {"id": "Txy_Z_B1"}, {"id": "Txy_Z_Q"}, {"id": "Txy_B_003"}, {"id": "Txy_Q1_001"}, {"id": "Txy_A_014"}, {"id": "Txy_A_K"}, {"id": "Txy_A_013"}, {"id": "Txy_A_012"}, {"id": "Txy_A_011"}, {"id": "Txy_A_D"}, {"id": "Txy_A_010"}, {"id": "Txy_A_E"}, {"id": "Txy_A_009"}, {"id": "Txy_A_F1"}, {"id": "Txy_A_008"}, {"id": "Txy_A_G"}, {"id": "Txy_B_G"}, {"id": "Txy_B_H"}, {"id": "Txy_B_M"}, {"id": "Txy_M_002"}, {"id": "Rwy_01_001"}>.RW01L.OFFSH1.KSFO.SUNSS8.I26.RW26.<{"id": "Rwy_01_003"}, {"id": "Txy_B3_001"}, {"id": "Txy_B_003"}, {"id": "Txy_B_004"}, {"id": "Txy_B_005"}, {"id": "Txy_B_006"}, {"id": "Txy_B_007"}, {"id": "Txy_B_008"}, {"id": "Txy_B_009"}, {"id": "Txy_B_010"}, {"id": "Txy_B_011"}, {"id": "Txy_B_012"}, {"id": "Txy_B_013"}, {"id": "Txy_B_014"}, {"id": "Txy_C_011"}, {"id": "Txy_C_012"}, {"id": "Ramp_03_007"}, {"id": "Ramp_03_006"}, {"id": "Txy_C_013"}, {"id": "Txy_C_014"}, {"id": "Ramp_02_007"}, {"id": "Ramp_02_006"}, {"id": "Gate_04_B13"}>.KPHX

TRACK_TIME 1121238548
TRACK SWA1900 B733 373638 1222286 130 0 28 ZOA ZOA46
    FP_ROUTE KSFO.<{"id": "Gate_A_010"}, {"id": "Ramp_01_002"}, {"id": "Ramp_01_003"}, {"id": "Ramp_01_004"}, {"id": "Ramp_01_005"}, {"id": "Ramp_01_006"}, {"id": "Ramp_01_007"}, {"id": "Txy_M_H"}, {"id": "Txy_M_001"}, {"id": "Txy_A_M"}, {"id": "Txy_A_003"}, {"id": "Txy_A_002"}, {"id": "Txy_A_A1"}, {"id": "Txy_A_001"}, {"id": "Rwy_02_001"}, {"id": "Rwy_02_002"}>.RW01R.OFFSH1.KSFO.SUNSS8.I26.RW26.<{"id": "Rwy_01_003"}, {"id": "Txy_B3_001"}, {"id": "Txy_B_003"}, {"id": "Txy_B_004"}, {"id": "Txy_B_005"}, {"id": "Txy_B_006"}, {"id": "Txy_B_007"}, {"id": "Txy_B_008"}, {"id": "Txy_B_009"}, {"id": "Txy_B_010"}, {"id": "Txy_B_011"}, {"id": "Txy_B_012"}, {"id": "Txy_C_009"}, {"id": "Txy_T_001"}, {"id": "Txy_T_002"}, {"id": "Txy_T_003"}, {"id": "Txy_D_011"}, {"id": "Txy_D_012"}, {"id": "Txy_D_013"}, {"id": "Ramp_08_004"}, {"id": "Ramp_08_005"}, {"id": "Txy_D_014"}, {"id": "Ramp_09_001"}, {"id": "Ramp_09_002"}, {"id": "Ramp_09_003"}, {"id": "Gate_04_0C1"}>.KPHX

TRACK_TIME 1121238678
TRACK SWA1901 B733 373638 1222286 130 0 28 ZOA ZOA46
    FP_ROUTE KSFO.<{"id": "Parking_08_001"}, {"id": "Ramp_C_009a"}, {"id": "Ramp_C_009"}, {"id": "Txy_C_009"}, {"id": "Txy_C_E"}, {"id": "Txy_E_004"}, {"id": "Rwy_04_007"}, {"id": "Txy_E_003"}, {"id": "Txy_E_002"}, {"id": "Rwy_03_005"}, {"id": "Txy_E_001"}, {"id": "Txy_E_B"}, {"id": "Txy_A_B"}, {"id": "Txy_A_009"}, {"id": "Txy_A_F1"}, {"id": "Txy_A_008"}, {"id": "Txy_A_G"}, {"id": "Txy_A_007"}, {"id": "Txy_A_006"}, {"id": "Txy_A_005"}, {"id": "Txy_A_H"}, {"id": "Txy_A_004"}, {"id": "Txy_A_M"}, {"id": "Txy_A_003"}, {"id": "Txy_A_002"}, {"id": "Txy_A_A1"}, {"id": "Txy_A_001"}, {"id": "Rwy_02_001"}, {"id": "Rwy_02_002"}>.RW01R.OFFSH1.KSFO.SUNSS8.I26.RW26.<{"id": "Rwy_01_003"}, {"id": "Txy_B3_001"}, {"id": "Txy_B_003"}, {"id": "Txy_B_004"}, {"id": "Txy_B_005"}, {"id": "Txy_B_006"}, {"id": "Txy_B_007"}, {"id": "Txy_B_008"}, {"id": "Txy_B_009"}, {"id": "Txy_B_010"}, {"id": "Txy_B_011"}, {"id": "Txy_B_012"}, {"id": "Txy_B_013"}, {"id": "Txy_B_014"}, {"id": "Txy_C_011"}, {"id": "Txy_C_012"}, {"id": "Ramp_03_007"}, {"id": "Ramp_03_006"}, {"id": "Txy_C_013"}, {"id": "Txy_C_014"}, {"id": "Ramp_02_007"}, {"id": "Ramp_02_006"}, {"id": "Txy_C_016"}, {"id": "Ramp_02_005"}, {"id": "Gate_04_B11"}>.KPHX

TRACK_TIME 1121238898
TRACK SWA1902 B733 373638 1222286 130 0 28 ZOA ZOA46
    FP_ROUTE KSFO.<{"id": "Gate_F_083"}, {"id": "Ramp_06_019"}, {"id": "Ramp_06_018"}, {"id": "Ramp_06_017"}, {"id": "Ramp_06_016"}, {"id": "Ramp_06_015"}, {"id": "Txy_A_B4"}, {"id": "Txy_A_B3"}, {"id": "Txy_A_B2"}, {"id": "Txy_A_B1"}, {"id": "Txy_A_016"}, {"id": "Txy_A_015"}, {"id": "Txy_A_012"}, {"id": "Txy_A_011"}, {"id": "Txy_A_D"}, {"id": "Txy_A_010"}, {"id": "Txy_A_E"}, {"id": "Txy_A_009"}, {"id": "Txy_A_F1"}, {"id": "Txy_A_008"}, {"id": "Txy_A_G"}, {"id": "Txy_B_G"}, {"id": "Txy_B_H"}, {"id": "Txy_B_M"}, {"id": "Txy_M_002"}, {"id": "Rwy_01_001"}>.RW01L.OFFSH1.KSFO.SUNSS8.I25L.RW25L.<{"id": "Rwy_03_001"}, {"id": "Txy_G3_001"}, {"id": "Txy_F_001"}, {"id": "Txy_F_002"}, {"id": "Txy_F4_001"}, {"id": "Rwy_02_002"}, {"id": "Txy_E4_001"}, {"id": "Txy_E_003"}, {"id": "Txy_D_002"}, {"id": "Txy_D_003"}, {"id": "Txy_D_004"}, {"id": "Txy_D_005"}, {"id": "Txy_D_006"}, {"id": "Txy_D_007"}, {"id": "Txy_D_008"}, {"id": "Ramp_06_002"}, {"id": "Ramp_06_001"}, {"id": "Ramp_06_003"}, {"id": "Gate_02_005"}>.KPHX

TRACK_TIME 1121239025
TRACK SWA1903 B733 373638 1222286 130 0 28 ZOA ZOA46
    FP_ROUTE KSFO.<{"id": "Gate_F_082"}, {"id": "Ramp_06_009"}, {"id": "Txy_A_014"}, {"id": "Txy_A_K"}, {"id": "Txy_A_013"}, {"id": "Txy_A_012"}, {"id": "Txy_A_011"}, {"id": "Txy_A_D"}, {"id": "Txy_A_010"}, {"id": "Txy_A_E"}, {"id": "Txy_A_009"}, {"id": "Txy_A_F1"}, {"id": "Txy_A_008"}, {"id": "Txy_A_G"}, {"id": "Txy_A_007"}, {"id": "Txy_A_006"}, {"id": "Txy_A_005"}, {"id": "Txy_A_H"}, {"id": "Txy_A_004"}, {"id": "Txy_A_M"}, {"id": "Txy_A_003"}, {"id": "Txy_A_002"}, {"id": "Txy_A_A1"}, {"id": "Txy_A_001"}, {"id": "Rwy_02_001"}, {"id": "Rwy_02_002"}>.RW01R.OFFSH1.KSFO.SUNSS8.I26.RW26.<{"id": "Rwy_01_003"}, {"id": "Txy_B3_001"}, {"id": "Txy_B_003"}, {"id": "Txy_B_004"}, {"id": "Txy_B_005"}, {"id": "Txy_B_006"}, {"id": "Txy_C_004"}, {"id": "Txy_C_005"}, {"id": "Txy_C_006"}, {"id": "Txy_C_007"}, {"id": "Ramp_05_005"}, {"id": "Ramp_05_104"}, {"id": "Gate_03_025"}>.KPHX

TRACK_TIME 1121239240
TRACK SWA1904 B733 373638 1222286 130 0 28 ZOA ZOA46
    FP_ROUTE KSFO.<{"id": "Parking_07_005"}, {"id": "Ramp_C_012"}, {"id": "Txy_C_012"}, {"id": "Txy_C_011"}, {"id": "Txy_C_D"}, {"id": "Txy_D_004"}, {"id": "Rwy_04_010"}, {"id": "Txy_D_003"}, {"id": "Txy_D_002"}, {"id": "Rwy_03_006"}, {"id": "Txy_D_001"}, {"id": "Txy_B_D"}, {"id": "Txy_E_B"}, {"id": "Txy_A_B"}, {"id": "Txy_B_001"}, {"id": "Txy_B_F1"}, {"id": "Txy_B_G"}, {"id": "Txy_B_H"}, {"id": "Txy_B_M"}, {"id": "Txy_M_002"}, {"id": "Rwy_01_001"}>.RW01L.OFFSH1.KSFO.SUNSS8.I26.RW26.<{"id": "Rwy_01_003"}, {"id": "Txy_B3_001"}, {"id": "Txy_B_003"}, {"id": "Txy_B_004"}, {"id": "Txy_B_005"}, {"id": "Txy_B_006"}, {"id": "Txy_B_007"}, {"id": "Txy_B_008"}, {"id": "Txy_B_009"}, {"id": "Txy_B_010"}, {"id": "Txy_B_011"}, {"id": "Txy_B_012"}, {"id": "Txy_C_009"}, {"id": "Txy_T_001"}, {"id": "Txy_T_002"}, {"id": "Txy_T_003"}, {"id": "Txy_D_011"}, {"id": "Txy_D_010"}, {"id": "Txy_D_009"}, {"id": "Txy_D_008"}, {"id": "Txy_D_007"}, {"id": "Txy_D_006"}, {"id": "Txy_D_005"}, {"id": "Txy_D_004"}, {"id": "Txy_D_003"}, {"id": "Txy_D_002"}, {"id": "Ramp_14_001"}, {"id": "Parking_14_002"}>.KPHX

TRACK_TIME 1121239379
TRACK SWA1905 B733 373638 1222286 130 0 28 ZOA ZOA46
    FP_ROUTE KSFO.<{"id": "Gate_F_081"}, {"id": "Ramp_06_020"}, {"id": "Ramp_06_019"}, {"id": "Ramp_06_018"}, {"id": "Ramp_06_017"}, {"id": "Ramp_06_016"}, {"id": "Ramp_06_015"}, {"id": "Txy_A_B4"}, {"id": "Txy_A_B3"}, {"id": "Txy_A_B2"}, {"id": "Txy_A_B1"}, {"id": "Txy_A_016"}, {"id": "Txy_A_015"}, {"id": "Txy_A_012"}, {"id": "Txy_A_011"}, {"id": "Txy_A_D"}, {"id": "Txy_A_010"}, {"id": "Txy_A_E"}, {"id": "Txy_A_009"}, {"id": "Txy_A_F1"}, {"id": "Txy_A_008"}, {"id": "Txy_A_G"}, {"id": "Txy_B_G"}, {"id": "Txy_B_H"}, {"id": "Txy_B_M"}, {"id": "Txy_M_002"}, {"id": "Rwy_01_001"}>.RW01L.OFFSH1.KSFO.SUNSS8.I26.RW26.<{"id": "Rwy_01_003"}, {"id": "Txy_B3_001"}, {"id": "Txy_B_003"}, {"id": "Txy_B_004"}, {"id": "Txy_B_005"}, {"id": "Txy_B_006"}, {"id": "Txy_B_007"}, {"id": "Txy_B_008"}, {"id": "Txy_B_009"}, {"id": "Txy_B_010"}, {"id": "Txy_B_011"}, {"id": "Txy_B_012"}, {"id": "Txy_C_009"}, {"id": "Txy_T_001"}, {"id": "Txy_T_002"}, {"id": "Txy_T_003"}, {"id": "Txy_D_011"}, {"id": "Txy_D_012"}, {"id": "Txy_D_013"}, {"id": "Ramp_08_004"}, {"id": "Ramp_08_005"}, {"id": "Txy_D_014"}, {"id": "Ramp_09_004"}, {"id": "Ramp_09_005"}, {"id": "Txy_D_015"}, {"id": "Ramp_10_004"}, {"id": "Ramp_10_005"}, {"id": "Gate_04_C18"}>.KPHX

TRACK_TIME 1121239430
TRACK SWA1906 B733 373638 1222286 130 0 28 ZOA ZOA46
    FP_ROUTE KSFO.<{"id": "Gate_A_012"}, {"id": "Ramp_01_003"}, {"id": "Ramp_01_004"}, {"id": "Ramp_01_005"}, {"id": "Ramp_01_006"}, {"id": "Ramp_01_007"}, {"id": "Txy_M_H"}, {"id": "Txy_M_001"}, {"id": "Txy_A_M"}, {"id": "Txy_A_003"}, {"id": "Txy_A_002"}, {"id": "Txy_A_A1"}, {"id": "Txy_A_001"}, {"id": "Rwy_02_001"}, {"id": "Rwy_02_002"}>.RW01R.OFFSH1.KSFO.SUNSS8.I26.RW26.<{"id": "Rwy_01_003"}, {"id": "Txy_B3_001"}, {"id": "Txy_B_003"}, {"id": "Txy_B_004"}, {"id": "Txy_B_005"}, {"id": "Txy_B_006"}, {"id": "Txy_B_007"}, {"id": "Txy_B_008"}, {"id": "Txy_B_009"}, {"id": "Txy_B_010"}, {"id": "Txy_B_011"}, {"id": "Txy_B_012"}, {"id": "Txy_B_013"}, {"id": "Txy_B_014"}, {"id": "Txy_C_011"}, {"id": "Ramp_04_006"}, {"id": "Gate_04_A25"}>.KPHX

TRACK_TIME 1121239612
TRACK SWA1907 B733 373638 1222286 130 0 28 ZOA ZOA46
    FP_ROUTE KSFO.<{"id": "Gate_F_87A"}, {"id": "Ramp_06_017"}, {"id": "Ramp_06_016"}, {"id": "Ramp_06_015"}, {"id": "Txy_A_B4"}, {"id": "Txy_A_B3"}, {"id": "Txy_A_B2"}, {"id": "Txy_A_B1"}, {"id": "Txy_A_016"}, {"id": "Txy_A_015"}, {"id": "Txy_A_012"}, {"id": "Txy_A_011"}, {"id": "Txy_A_D"}, {"id": "Txy_A_010"}, {"id": "Txy_A_E"}, {"id": "Txy_A_B"}, {"id": "Txy_F_010"}, {"id": "Txy_F_009"}, {"id": "Rwy_01_005"}, {"id": "Txy_F_008"}, {"id": "Txy_F_007"}, {"id": "Rwy_02_006"}, {"id": "Txy_F_006"}, {"id": "Txy_F_L"}, {"id": "Txy_F_005"}, {"id": "Txy_F_N"}, {"id": "Txy_F_004"}, {"id": "Txy_F_003"}, {"id": "Txy_F_002"}, {"id": "Txy_F_001"}, {"id": "Rwy_03_001"}, {"id": "Txy_C_001"}, {"id": "Txy_C_002"}, {"id": "Rwy_04_001"}>.RW28R.OFFSH1.KSFO.SUNSS8.I26.RW26.<{"id": "Rwy_01_003"}, {"id": "Txy_B3_001"}, {"id": "Txy_B_003"}, {"id": "Txy_B_004"}, {"id": "Txy_B_005"}, {"id": "Txy_B_006"}, {"id": "Txy_B_007"}, {"id": "Txy_B_008"}, {"id": "Txy_B_009"}, {"id": "Txy_B_010"}, {"id": "Txy_B_011"}, {"id": "Txy_B_012"}, {"id": "Txy_B_013"}, {"id": "Txy_B_014"}, {"id": "Txy_C_011"}, {"id": "Txy_C_012"}, {"id": "Ramp_03_007"}, {"id": "Ramp_03_006"}, {"id": "Txy_C_013"}, {"id": "Txy_C_014"}, {"id": "Ramp_02_007"}, {"id": "Ramp_02_006"}, {"id": "Txy_C_016"}, {"id": "Ramp_01_005"}, {"id": "Ramp_01_004"}, {"id": "Txy_C_017"}, {"id": "Ramp_01_003"}, {"id": "Ramp_01_001"}, {"id": "Ramp_01_002"}, {"id": "Gate_04_B25"}>.KPHX

TRACK_TIME 1121239803
TRACK SWA1908 B733 373638 1222286 130 0 28 ZOA ZOA46
    FP_ROUTE KSFO.<{"id": "Gate_01_73A"}, {"id": "Ramp_06_021"}, {"id": "Ramp_06_020"}, {"id": "Ramp_06_019"}, {"id": "Ramp_06_018"}, {"id": "Ramp_06_017"}, {"id": "Ramp_06_016"}, {"id": "Ramp_06_015"}, {"id": "Txy_A_B4"}, {"id": "Txy_A_B3"}, {"id": "Txy_A_B2"}, {"id": "Txy_A_B1"}, {"id": "Txy_A_016"}, {"id": "Txy_A_015"}, {"id": "Txy_A_012"}, {"id": "Txy_A_011"}, {"id": "Txy_A_D"}, {"id": "Txy_A_010"}, {"id": "Txy_A_E"}, {"id": "Txy_A_009"}, {"id": "Txy_A_F1"}, {"id": "Txy_A_008"}, {"id": "Txy_A_G"}, {"id": "Txy_A_007"}, {"id": "Txy_A_006"}, {"id": "Txy_A_005"}, {"id": "Txy_A_H"}, {"id": "Txy_A_004"}, {"id": "Txy_A_M"}, {"id": "Txy_A_003"}, {"id": "Txy_A_002"}, {"id": "Txy_A_A1"}, {"id": "Txy_A_001"}, {"id": "Rwy_02_001"}, {"id": "Rwy_02_002"}>.RW01R.OFFSH1.KSFO.SUNSS8.I26.RW26.<{"id": "Rwy_01_003"}, {"id": "Txy_B3_001"}, {"id": "Txy_B_003"}, {"id": "Txy_B_004"}, {"id": "Txy_B_005"}, {"id": "Txy_B_006"}, {"id": "Txy_B_007"}, {"id": "Txy_B_008"}, {"id": "Txy_B_009"}, {"id": "Txy_B_010"}, {"id": "Txy_B_011"}, {"id": "Txy_B_012"}, {"id": "Txy_B_013"}, {"id": "Txy_B_014"}, {"id": "Txy_C_011"}, {"id": "Txy_C_012"}, {"id": "Ramp_03_007"}, {"id": "Ramp_03_006"}, {"id": "Txy_C_013"}, {"id": "Ramp_03_005"}, {"id": "Gate_04_A11"}>.KPHX

TRACK_TIME 1121239966
TRACK SWA1909 B733 373638 1222286 130 0 28 ZOA ZOA46
    FP_ROUTE KSFO.<{"id": "Parking_07_003"}, {"id": "Ramp_C_013a"}, {"id": "Txy_C_014"}, {"id": "Txy_C_013"}, {"id": "Txy_C_K"}, {"id": "Txy_C_012"}, {"id": "Txy_C_011"}, {"id": "Txy_C_D"}, {"id": "Txy_C_010"}, {"id": "Txy_C_009"}, {"id": "Txy_C_E"}, {"id": "Txy_C_008"}, {"id": "Rwy_01_006"}, {"id": "Txy_C_007"}, {"id": "Txy_C_006"}, {"id": "Rwy_02_007"}, {"id": "Txy_C_005"}, {"id": "Txy_C_L"}, {"id": "Txy_C_P"}, {"id": "Txy_C_N"}, {"id": "Txy_C_W"}, {"id": "Txy_C_004"}, {"id": "Txy_C_003"}, {"id": "Rwy_04_001"}, {"id": "Txy_C_002"}, {"id": "Txy_C_001"}, {"id": "Rwy_03_001"}>.RW28L.OFFSH1.KSFO.SUNSS8.I26.RW26.<{"id": "Rwy_01_003"}, {"id": "Txy_B3_001"}, {"id": "Txy_B_003"}, {"id": "Txy_B_004"}, {"id": "Txy_B_005"}, {"id": "Txy_B_006"}, {"id": "Txy_B_007"}, {"id": "Txy_B_008"}, {"id": "Txy_B_009"}, {"id": "Txy_B_010"}, {"id": "Txy_B_011"}, {"id": "Txy_B_012"}, {"id": "Txy_C_009"}, {"id": "Txy_T_001"}, {"id": "Txy_T_002"}, {"id": "Txy_T_003"}, {"id": "Txy_D_011"}, {"id": "Txy_D_010"}, {"id": "Txy_D_009"}, {"id": "Txy_D_008"}, {"id": "Ramp_06_002"}, {"id": "Gate_02_009"}>.KPHX

TRACK_TIME 1121240073
TRACK SWA1910 B733 373638 1222286 130 0 28 ZOA ZOA46
    FP_ROUTE KSFO.<{"id": "Gate_A_11A"}, {"id": "Ramp_01_004"}, {"id": "Ramp_01_005"}, {"id": "Ramp_01_006"}, {"id": "Ramp_01_007"}, {"id": "Txy_M_H"}, {"id": "Txy_M_001"}, {"id": "Txy_A_M"}, {"id": "Txy_A_003"}, {"id": "Txy_A_002"}, {"id": "Txy_A_A1"}, {"id": "Txy_A_001"}, {"id": "Rwy_02_001"}, {"id": "Rwy_02_002"}>.RW01R.OFFSH1.KSFO.SUNSS8.I26.RW26.<{"id": "Rwy_01_003"}, {"id": "Txy_B3_001"}, {"id": "Txy_B_003"}, {"id": "Txy_B_004"}, {"id": "Txy_B_005"}, {"id": "Txy_B_006"}, {"id": "Txy_C_004"}, {"id": "Txy_C_005"}, {"id": "Txy_C_006"}, {"id": "Txy_C_007"}, {"id": "Ramp_05_006"}, {"id": "Ramp_05_007"}, {"id": "Gate_03_024"}>.KPHX

TRACK_TIME 1121240128
TRACK SWA1911 B733 373638 1222286 130 0 28 ZOA ZOA46
    FP_ROUTE KSFO.<{"id": "Gate_D_56A"}, {"id": "Ramp_04_010"}, {"id": "Txy_A_E"}, {"id": "Txy_A_B"}, {"id": "Txy_F_010"}, {"id": "Txy_F_009"}, {"id": "Rwy_01_005"}, {"id": "Txy_F_008"}, {"id": "Txy_F_007"}, {"id": "Rwy_02_006"}, {"id": "Txy_F_006"}, {"id": "Txy_F_L"}, {"id": "Txy_F_005"}, {"id": "Txy_F_N"}, {"id": "Txy_F_004"}, {"id": "Txy_F_003"}, {"id": "Txy_F_002"}, {"id": "Txy_F_001"}, {"id": "Rwy_03_001"}, {"id": "Txy_C_001"}, {"id": "Txy_C_002"}, {"id": "Rwy_04_001"}>.RW28R.OFFSH1.KSFO.SUNSS8.I26.RW26.<{"id": "Rwy_01_003"}, {"id": "Txy_B3_001"}, {"id": "Txy_B_003"}, {"id": "Txy_B_004"}, {"id": "Txy_B_005"}, {"id": "Txy_B_006"}, {"id": "Txy_B_007"}, {"id": "Txy_B_008"}, {"id": "Txy_B_009"}, {"id": "Txy_B_010"}, {"id": "Txy_B_011"}, {"id": "Txy_B_012"}, {"id": "Txy_C_009"}, {"id": "Txy_T_001"}, {"id": "Txy_T_002"}, {"id": "Txy_T_003"}, {"id": "Txy_D_011"}, {"id": "Txy_D_012"}, {"id": "Txy_D_013"}, {"id": "Ramp_08_004"}, {"id": "Ramp_08_005"}, {"id": "Txy_D_014"}, {"id": "Ramp_09_004"}, {"id": "Ramp_09_005"}, {"id": "Txy_D_015"}, {"id": "Ramp_10_004"}, {"id": "Ramp_10_005"}, {"id": "Ramp_10_006"}, {"id": "Ramp_10_007"}, {"id": "Ramp_10_008"}, {"id": "Gate_04_C12"}>.KPHX

TRACK_TIME 1121240260
TRACK SWA1912 B733 373638 1222286 130 0 28 ZOA ZOA46
    FP_ROUTE KSFO.<{"id": "Gate_C_042"}, {"id": "Ramp_03_002"}, {"id": "Ramp_03_003"}, {"id": "Ramp_03_004"}, {"id": "Txy_A_007"}, {"id": "Txy_A_006"}, {"id": "Txy_A_005"}, {"id": "Txy_A_H"}, {"id": "Txy_A_004"}, {"id": "Txy_A_M"}, {"id": "Txy_A_003"}, {"id": "Txy_A_002"}, {"id": "Txy_A_A1"}, {"id": "Txy_A_001"}, {"id": "Rwy_02_001"}, {"id": "Rwy_02_002"}>.RW01R.OFFSH1.KSFO.SUNSS8.I26.RW26.<{"id": "Rwy_01_003"}, {"id": "Txy_B3_001"}, {"id": "Txy_B_003"}, {"id": "Txy_B_004"}, {"id": "Txy_B_005"}, {"id": "Txy_B_006"}, {"id": "Txy_B_007"}, {"id": "Txy_B_008"}, {"id": "Txy_B_009"}, {"id": "Txy_B_010"}, {"id": "Txy_B_011"}, {"id": "Txy_B_012"}, {"id": "Txy_B_013"}, {"id": "Txy_C_010"}, {"id": "Ramp_04_009"}, {"id": "Ramp_04_010"}, {"id": "Ramp_04_011"}, {"id": "Ramp_04_012"}, {"id": "Ramp_04_013"}, {"id": "Gate_04_A20"}>.KPHX

TRACK_TIME 1121240374
TRACK SWA1913 B733 373638 1222286 130 0 28 ZOA ZOA46
    FP_ROUTE KSFO.<{"id": "Gate_G_093"}, {"id": "Ramp_07_014"}, {"id": "Ramp_07_013"}, {"id": "Ramp_07_012"}, {"id": "Ramp_07_011"}, {"id": "Ramp_07_010"}, {"id": "Ramp_07_008"}, {"id": "Txy_B_B5"}, {"id": "Txy_B5_001"}, {"id": "Txy_A_B4"}, {"id": "Txy_A_B3"}, {"id": "Txy_A_B2"}, {"id": "Txy_A_B1"}, {"id": "Txy_A_016"}, {"id": "Txy_A_015"}, {"id": "Txy_A_012"}, {"id": "Txy_A_011"}, {"id": "Txy_A_D"}, {"id": "Txy_A_010"}, {"id": "Txy_A_E"}, {"id": "Txy_A_B"}, {"id": "Txy_F_010"}, {"id": "Txy_F_009"}, {"id": "Rwy_01_005"}, {"id": "Txy_F_008"}, {"id": "Txy_F_007"}, {"id": "Rwy_02_006"}, {"id": "Txy_F_006"}, {"id": "Txy_F_L"}, {"id": "Txy_F_005"}, {"id": "Txy_F_N"}, {"id": "Txy_F_004"}, {"id": "Txy_F_003"}, {"id": "Txy_F_002"}, {"id": "Txy_F_001"}, {"id": "Rwy_03_001"}, {"id": "Txy_C_001"}, {"id": "Txy_C_002"}, {"id": "Rwy_04_001"}>.RW28R.OFFSH1.KSFO.SUNSS8.I26.RW26.<{"id": "Rwy_01_003"}, {"id": "Txy_B3_001"}, {"id": "Txy_B_003"}, {"id": "Txy_B_004"}, {"id": "Txy_B_005"}, {"id": "Txy_B_006"}, {"id": "Txy_B_007"}, {"id": "Txy_B_008"}, {"id": "Txy_B_009"}, {"id": "Txy_B_010"}, {"id": "Txy_B_011"}, {"id": "Txy_B_012"}, {"id": "Txy_B_013"}, {"id": "Txy_B_014"}, {"id": "Txy_C_011"}, {"id": "Txy_C_012"}, {"id": "Ramp_03_007"}, {"id": "Ramp_03_006"}, {"id": "Txy_C_013"}, {"id": "Ramp_03_005"}, {"id": "Ramp_03_004"}, {"id": "Gate_04_0A9"}>.KPHX

TRACK_TIME 1121240570
TRACK SWA1914 B733 373638 1222286 130 0 28 ZOA ZOA46
    FP_ROUTE KSFO.<{"id": "Gate_F_079"}, {"id": "Ramp_06_007"}, {"id": "Txy_A_K"}, {"id": "Txy_A_013"}, {"id": "Txy_A_012"}, {"id": "Txy_A_011"}, {"id": "Txy_A_D"}, {"id": "Txy_A_010"}, {"id": "Txy_A_E"}, {"id": "Txy_A_009"}, {"id": "Txy_A_F1"}, {"id": "Txy_A_008"}, {"id": "Txy_A_G"}, {"id": "Txy_B_G"}, {"id": "Txy_B_H"}, {"id": "Txy_B_M"}, {"id": "Txy_M_002"}, {"id": "Rwy_01_001"}>.RW01L.OFFSH1.KSFO.SUNSS8.I26.RW26.<{"id": "Rwy_01_003"}, {"id": "Txy_B3_001"}, {"id": "Txy_B_003"}, {"id": "Txy_B_004"}, {"id": "Txy_B_005"}, {"id": "Txy_B_006"}, {"id": "Txy_B_007"}, {"id": "Txy_B_008"}, {"id": "Txy_B_009"}, {"id": "Txy_B_010"}, {"id": "Txy_B_011"}, {"id": "Txy_B_012"}, {"id": "Txy_C_009"}, {"id": "Txy_T_001"}, {"id": "Txy_T_002"}, {"id": "Txy_T_003"}, {"id": "Txy_D_011"}, {"id": "Txy_D_012"}, {"id": "Txy_D_013"}, {"id": "Ramp_08_004"}, {"id": "Ramp_08_005"}, {"id": "Txy_D_014"}, {"id": "Ramp_09_004"}, {"id": "Ramp_09_005"}, {"id": "Txy_D_015"}, {"id": "Ramp_10_003"}, {"id": "Ramp_10_002"}, {"id": "Ramp_10_001"}, {"id": "Gate_04_C11"}>.KPHX

TRACK_TIME 1121240711
TRACK SWA1915 B733 373638 1222286 130 0 28 ZOA ZOA46
    FP_ROUTE KSFO.<{"id": "Gate_B_24B"}, {"id": "Ramp_02_003"}, {"id": "Ramp_02_004"}, {"id": "Ramp_02_005"}, {"id": "Txy_H_003"}, {"id": "Txy_H_004"}, {"id": "Txy_H_005"}, {"id": "Txy_H_006"}, {"id": "Txy_A_004"}, {"id": "Txy_A_M"}, {"id": "Txy_B_M"}, {"id": "Txy_M_002"}, {"id": "Rwy_01_001"}>.RW01L.OFFSH1.KSFO.SUNSS8.I26.RW26.<{"id": "Rwy_01_003"}, {"id": "Txy_B3_001"}, {"id": "Txy_B_003"}, {"id": "Txy_B_004"}, {"id": "Txy_B_005"}, {"id": "Txy_B_006"}, {"id": "Txy_B_007"}, {"id": "Txy_B_008"}, {"id": "Txy_B_009"}, {"id": "Txy_B_010"}, {"id": "Txy_B_011"}, {"id": "Txy_B_012"}, {"id": "Txy_B_013"}, {"id": "Txy_B_014"}, {"id": "Txy_C_011"}, {"id": "Ramp_04_006"}, {"id": "Ramp_04_005"}, {"id": "Gate_04_A23"}>.KPHX

TRACK_TIME 1121240792
TRACK SWA1916 B733 373638 1222286 130 0 28 ZOA ZOA46
    FP_ROUTE KSFO.<{"id": "Gate_F_77A"}, {"id": "Ramp_06_002"}, {"id": "Ramp_06_003"}, {"id": "Ramp_06_004"}, {"id": "Txy_A_012"}, {"id": "Txy_A_011"}, {"id": "Txy_A_D"}, {"id": "Txy_A_010"}, {"id": "Txy_A_E"}, {"id": "Txy_A_009"}, {"id": "Txy_A_F1"}, {"id": "Txy_A_008"}, {"id": "Txy_A_G"}, {"id": "Txy_B_G"}, {"id": "Txy_B_H"}, {"id": "Txy_B_M"}, {"id": "Txy_M_002"}, {"id": "Rwy_01_001"}>.RW01L.OFFSH1.KSFO.SUNSS8.I26.RW26.<{"id": "Rwy_01_003"}, {"id": "Txy_B3_001"}, {"id": "Txy_B_003"}, {"id": "Txy_B_004"}, {"id": "Txy_B_005"}, {"id": "Txy_B_006"}, {"id": "Txy_B_007"}, {"id": "Txy_B_008"}, {"id": "Txy_B_009"}, {"id": "Txy_B_010"}, {"id": "Txy_B_011"}, {"id": "Txy_B_012"}, {"id": "Txy_C_009"}, {"id": "Txy_T_001"}, {"id": "Txy_T_002"}, {"id": "Txy_T_003"}, {"id": "Txy_D_011"}, {"id": "Txy_D_012"}, {"id": "Txy_D_013"}, {"id": "Ramp_08_004"}, {"id": "Ramp_08_005"}, {"id": "Txy_D_014"}, {"id": "Ramp_09_004"}, {"id": "Ramp_09_005"}, {"id": "Gate_04_0C8"}>.KPHX

TRACK_TIME 1121240860
TRACK SWA1917 B733 373638 1222286 130 0 28 ZOA ZOA46
    FP_ROUTE KSFO.<{"id": "Gate_06_004"}, {"id": "Ramp_06_001"}, {"id": "Ramp_06_002"}, {"id": "Ramp_06_003"}, {"id": "Ramp_06_004"}, {"id": "Txy_A_012"}, {"id": "Txy_A_011"}, {"id": "Txy_A_D"}, {"id": "Txy_A_010"}, {"id": "Txy_A_E"}, {"id": "Txy_A_B"}, {"id": "Txy_F_010"}, {"id": "Txy_F_009"}, {"id": "Rwy_01_005"}, {"id": "Txy_F_008"}, {"id": "Txy_F_007"}, {"id": "Rwy_02_006"}, {"id": "Txy_F_006"}, {"id": "Txy_F_L"}, {"id": "Txy_F_005"}, {"id": "Txy_F_N"}, {"id": "Txy_F_004"}, {"id": "Txy_F_003"}, {"id": "Txy_F_002"}, {"id": "Txy_F_001"}, {"id": "Rwy_03_001"}>.RW28L.OFFSH1.KSFO.SUNSS8.I25L.RW25L.<{"id": "Rwy_03_001"}, {"id": "Txy_G3_001"}, {"id": "Txy_F_001"}, {"id": "Txy_F_002"}, {"id": "Txy_F4_001"}, {"id": "Rwy_02_002"}, {"id": "Txy_E4_001"}, {"id": "Txy_E_003"}, {"id": "Txy_D_002"}, {"id": "Txy_D_003"}, {"id": "Txy_D_004"}, {"id": "Txy_D_005"}, {"id": "Txy_D_006"}, {"id": "Txy_D_007"}, {"id": "Txy_D_008"}, {"id": "Txy_D_009"}, {"id": "Txy_D_010"}, {"id": "Txy_D_011"}, {"id": "Txy_T_003"}, {"id": "Txy_T_002"}, {"id": "Txy_T_001"}, {"id": "Txy_C_009"}, {"id": "Txy_C_010"}, {"id": "Ramp_04_009"}, {"id": "Ramp_04_008"}, {"id": "Ramp_04_007"}, {"id": "Txy_C_011"}, {"id": "Txy_C_012"}, {"id": "Ramp_03_007"}, {"id": "Ramp_03_006"}, {"id": "Txy_C_013"}, {"id": "Txy_C_014"}, {"id": "Ramp_02_008"}, {"id": "Ramp_02_009"}, {"id": "Ramp_02_010"}, {"id": "Ramp_02_011"}, {"id": "Gate_04_0B6"}>.KPHX

TRACK_TIME 1121241067
TRACK SWA1918 B733 373638 1222286 130 0 28 ZOA ZOA46
    FP_ROUTE KSFO.<{"id": "Gate_F_084"}, {"id": "Ramp_06_010"}, {"id": "Txy_A_015"}, {"id": "Txy_A_012"}, {"id": "Txy_A_011"}, {"id": "Txy_A_D"}, {"id": "Txy_A_010"}, {"id": "Txy_A_E"}, {"id": "Txy_A_B"}, {"id": "Txy_F_010"}, {"id": "Txy_F_009"}, {"id": "Rwy_01_005"}, {"id": "Txy_F_008"}, {"id": "Txy_F_007"}, {"id": "Rwy_02_006"}, {"id": "Txy_F_006"}, {"id": "Txy_F_L"}, {"id": "Txy_F_005"}, {"id": "Txy_F_N"}, {"id": "Txy_F_004"}, {"id": "Txy_F_003"}, {"id": "Txy_F_002"}, {"id": "Txy_F_001"}, {"id": "Rwy_03_001"}, {"id": "Txy_C_001"}, {"id": "Txy_C_002"}, {"id": "Rwy_04_001"}>.RW28R.OFFSH1.KSFO.SUNSS8.I26.RW26.<{"id": "Rwy_01_003"}, {"id": "Txy_B3_001"}, {"id": "Txy_B_003"}, {"id": "Txy_B_004"}, {"id": "Txy_B_005"}, {"id": "Txy_B_006"}, {"id": "Txy_B_007"}, {"id": "Txy_B_008"}, {"id": "Txy_B_009"}, {"id": "Txy_B_010"}, {"id": "Txy_B_011"}, {"id": "Txy_B_012"}, {"id": "Txy_B_013"}, {"id": "Txy_B_014"}, {"id": "Txy_C_011"}, {"id": "Txy_C_012"}, {"id": "Ramp_03_009"}, {"id": "Gate_04_A12"}>.KPHX

TRACK_TIME 1121241228
TRACK SWA1919 B733 373638 1222286 130 0 28 ZOA ZOA46
    FP_ROUTE KSFO.<{"id": "Gate_E_063"}, {"id": "Ramp_05_002"}, {"id": "Ramp_05_003"}, {"id": "Txy_A_010"}, {"id": "Txy_A_E"}, {"id": "Txy_A_009"}, {"id": "Txy_A_F1"}, {"id": "Txy_A_008"}, {"id": "Txy_A_G"}, {"id": "Txy_A_007"}, {"id": "Txy_A_006"}, {"id": "Txy_A_005"}, {"id": "Txy_A_H"}, {"id": "Txy_A_004"}, {"id": "Txy_A_M"}, {"id": "Txy_A_003"}, {"id": "Txy_A_002"}, {"id": "Txy_A_A1"}, {"id": "Txy_A_001"}, {"id": "Rwy_02_001"}, {"id": "Rwy_02_002"}>.RW01R.OFFSH1.KSFO.SUNSS8.I26.RW26.<{"id": "Rwy_01_003"}, {"id": "Txy_B3_001"}, {"id": "Txy_B_003"}, {"id": "Txy_B_004"}, {"id": "Txy_B_005"}, {"id": "Txy_B_006"}, {"id": "Txy_B_007"}, {"id": "Txy_B_008"}, {"id": "Txy_B_009"}, {"id": "Txy_B_010"}, {"id": "Txy_B_011"}, {"id": "Txy_B_012"}, {"id": "Txy_B_013"}, {"id": "Txy_B_014"}, {"id": "Txy_C_011"}, {"id": "Txy_C_012"}, {"id": "Ramp_03_007"}, {"id": "Ramp_03_006"}, {"id": "Txy_C_013"}, {"id": "Ramp_03_005"}, {"id": "Ramp_03_004"}, {"id": "Ramp_03_003"}, {"id": "Ramp_03_002"}, {"id": "Ramp_03_001"}, {"id": "Gate_04_0A3"}>.KPHX

TRACK_TIME 1121241424
TRACK SWA1920 B733 373638 1222286 130 0 28 ZOA ZOA46
    FP_ROUTE KSFO.<{"id": "Gate_F_080"}, {"id": "Ramp_06_008"}, {"id": "Txy_A_014"}, {"id": "Txy_A_K"}, {"id": "Txy_A_013"}, {"id": "Txy_A_012"}, {"id": "Txy_A_011"}, {"id": "Txy_A_D"}, {"id": "Txy_A_010"}, {"id": "Txy_A_E"}, {"id": "Txy_A_009"}, {"id": "Txy_A_F1"}, {"id": "Txy_A_008"}, {"id": "Txy_A_G"}, {"id": "Txy_B_G"}, {"id": "Txy_B_H"}, {"id": "Txy_B_M"}, {"id": "Txy_M_002"}, {"id": "Rwy_01_001"}>.RW01L.OFFSH1.KSFO.SUNSS8.I26.RW26.<{"id": "Rwy_01_003"}, {"id": "Txy_B3_001"}, {"id": "Txy_B_003"}, {"id": "Txy_B_004"}, {"id": "Txy_B_005"}, {"id": "Txy_B_006"}, {"id": "Txy_B_007"}, {"id": "Txy_B_008"}, {"id": "Txy_B_009"}, {"id": "Txy_B_010"}, {"id": "Txy_B_011"}, {"id": "Txy_B_012"}, {"id": "Txy_B_013"}, {"id": "Txy_B_014"}, {"id": "Txy_C_011"}, {"id": "Txy_C_012"}, {"id": "Ramp_03_007"}, {"id": "Ramp_03_006"}, {"id": "Txy_C_013"}, {"id": "Txy_C_014"}, {"id": "Ramp_02_008"}, {"id": "Ramp_02_009"}, {"id": "Ramp_02_010"}, {"id": "Gate_04_0B8"}>.KPHX

TRACK_TIME 1121241554
TRACK SWA1921 B733 373638 1222286 130 0 28 ZOA ZOA46
    FP_ROUTE KSFO.<{"id": "Gate_D_51B"}, {"id": "Ramp_04_003"}, {"id": "Ramp_04_004"}, {"id": "Txy_A_008"}, {"id": "Txy_A_F1"}, {"id": "Txy_B_F1"}, {"id": "Txy_F1_001"}, {"id": "Rwy_01_004"}, {"id": "Txy_F1_002"}, {"id": "Txy_F1_003"}, {"id": "Rwy_02_005"}, {"id": "Txy_F1_004"}, {"id": "Txy_F_L"}, {"id": "Txy_F_005"}, {"id": "Txy_F_N"}, {"id": "Txy_F_004"}, {"id": "Txy_F_003"}, {"id": "Txy_F_002"}, {"id": "Txy_F_001"}, {"id": "Rwy_03_001"}>.RW28L.OFFSH1.KSFO.SUNSS8.I26.RW26.<{"id": "Rwy_01_003"}, {"id": "Txy_B3_001"}, {"id": "Txy_B_003"}, {"id": "Txy_B_004"}, {"id": "Txy_B_005"}, {"id": "Txy_B_006"}, {"id": "Txy_B_007"}, {"id": "Txy_B_008"}, {"id": "Txy_B_009"}, {"id": "Txy_B_010"}, {"id": "Txy_B_011"}, {"id": "Txy_B_012"}, {"id": "Txy_C_009"}, {"id": "Txy_T_001"}, {"id": "Txy_T_002"}, {"id": "Txy_T_003"}, {"id": "Txy_D_011"}, {"id": "Txy_D_010"}, {"id": "Txy_D_009"}, {"id": "Txy_D_008"}, {"id": "Ramp_06_002"}, {"id": "Ramp_06_001"}, {"id": "Ramp_06_003"}, {"id": "Ramp_06_004"}, {"id": "Gate_02_003"}>.KPHX

TRACK_TIME 1121241692
TRACK SWA1922 B733 373638 1222286 130 0 28 ZOA ZOA46
    FP_ROUTE KSFO.<{"id": "Gate_D_51A"}, {"id": "Ramp_04_002"}, {"id": "Ramp_04_003"}, {"id": "Ramp_04_004"}, {"id": "Txy_A_008"}, {"id": "Txy_A_F1"}, {"id": "Txy_B_F1"}, {"id": "Txy_F1_001"}, {"id": "Rwy_01_004"}, {"id": "Txy_F1_002"}, {"id": "Txy_F1_003"}, {"id": "Rwy_02_005"}, {"id": "Txy_F1_004"}, {"id": "Txy_F_L"}, {"id": "Txy_F_005"}, {"id": "Txy_F_N"}, {"id": "Txy_F_004"}, {"id": "Txy_F_003"}, {"id": "Txy_F_002"}, {"id": "Txy_F_001"}, {"id": "Rwy_03_001"}>.RW28L.OFFSH1.KSFO.SUNSS8.I26.RW26.<{"id": "Rwy_01_003"}, {"id": "Txy_B3_001"}, {"id": "Txy_B_003"}, {"id": "Txy_B_004"}, {"id": "Txy_B_005"}, {"id": "Txy_B_006"}, {"id": "Txy_B_007"}, {"id": "Txy_B_008"}, {"id": "Txy_B_009"}, {"id": "Txy_B_010"}, {"id": "Txy_B_011"}, {"id": "Txy_B_012"}, {"id": "Txy_C_009"}, {"id": "Txy_T_001"}, {"id": "Txy_T_002"}, {"id": "Txy_T_003"}, {"id": "Txy_D_011"}, {"id": "Txy_D_012"}, {"id": "Txy_D_013"}, {"id": "Ramp_08_004"}, {"id": "Gate_04_0D7"}>.KPHX

TRACK_TIME 1121241879
TRACK SWA1923 B733 373638 1222286 130 0 28 ZOA ZOA46
    FP_ROUTE KSFO.<{"id": "Gate_D_58A"}, {"id": "Ramp_05_001"}, {"id": "Ramp_05_002"}, {"id": "Ramp_05_003"}, {"id": "Txy_A_010"}, {"id": "Txy_A_E"}, {"id": "Txy_A_009"}, {"id": "Txy_A_F1"}, {"id": "Txy_A_008"}, {"id": "Txy_A_G"}, {"id": "Txy_B_G"}, {"id": "Txy_B_H"}, {"id": "Txy_B_M"}, {"id": "Txy_M_002"}, {"id": "Rwy_01_001"}>.RW01L.OFFSH1.KSFO.SUNSS8.I26.RW26.<{"id": "Rwy_01_003"}, {"id": "Txy_B3_001"}, {"id": "Txy_B_003"}, {"id": "Txy_B_004"}, {"id": "Txy_B_005"}, {"id": "Txy_B_006"}, {"id": "Txy_B_007"}, {"id": "Txy_B_008"}, {"id": "Txy_B_009"}, {"id": "Txy_B_010"}, {"id": "Txy_B_011"}, {"id": "Txy_B_012"}, {"id": "Txy_C_009"}, {"id": "Txy_T_001"}, {"id": "Txy_T_002"}, {"id": "Txy_T_003"}, {"id": "Txy_D_011"}, {"id": "Txy_D_012"}, {"id": "Txy_D_013"}, {"id": "Ramp_08_004"}, {"id": "Ramp_08_005"}, {"id": "Txy_D_014"}, {"id": "Ramp_09_004"}, {"id": "Ramp_09_005"}, {"id": "Txy_D_015"}, {"id": "Ramp_09_006"}, {"id": "Gate_04_0C6"}>.KPHX

TRACK_TIME 1121242066
TRACK SWA1924 B733 373638 1222286 130 0 28 ZOA ZOA46
    FP_ROUTE KSFO.<{"id": "Gate_F_085"}, {"id": "Ramp_06_018"}, {"id": "Ramp_06_017"}, {"id": "Ramp_06_016"}, {"id": "Ramp_06_015"}, {"id": "Txy_A_B4"}, {"id": "Txy_A_B3"}, {"id": "Txy_A_B2"}, {"id": "Txy_A_B1"}, {"id": "Txy_A_016"}, {"id": "Txy_A_015"}, {"id": "Txy_A_012"}, {"id": "Txy_A_011"}, {"id": "Txy_A_D"}, {"id": "Txy_A_010"}, {"id": "Txy_A_E"}, {"id": "Txy_A_B"}, {"id": "Txy_F_010"}, {"id": "Txy_F_009"}, {"id": "Rwy_01_005"}, {"id": "Txy_F_008"}, {"id": "Txy_F_007"}, {"id": "Rwy_02_006"}, {"id": "Txy_F_006"}, {"id": "Txy_F_L"}, {"id": "Txy_F_005"}, {"id": "Txy_F_N"}, {"id": "Txy_F_004"}, {"id": "Txy_F_003"}, {"id": "Txy_F_002"}, {"id": "Txy_F_001"}, {"id": "Rwy_03_001"}, {"id": "Txy_C_001"}, {"id": "Txy_C_002"}, {"id": "Rwy_04_001"}>.RW28R.OFFSH1.KSFO.SUNSS8.I26.RW26.<{"id": "Rwy_01_003"}, {"id": "Txy_B3_001"}, {"id": "Txy_B_003"}, {"id": "Txy_B_004"}, {"id": "Txy_B_005"}, {"id": "Txy_B_006"}, {"id": "Txy_B_007"}, {"id": "Txy_B_008"}, {"id": "Txy_B_009"}, {"id": "Txy_B_010"}, {"id": "Txy_B_011"}, {"id": "Txy_B_012"}, {"id": "Txy_B_013"}, {"id": "Txy_B_014"}, {"id": "Txy_C_011"}, {"id": "Txy_C_012"}, {"id": "Ramp_03_007"}, {"id": "Ramp_03_006"}, {"id": "Txy_C_013"}, {"id": "Txy_C_014"}, {"id": "Ramp_02_007"}, {"id": "Ramp_02_006"}, {"id": "Txy_C_016"}, {"id": "Ramp_01_006"}, {"id": "Gate_04_B22"}>.KPHX

TRACK_TIME 1121242253
TRACK SWA1925 B733 373638 1222286 130 0 28 ZOA ZOA46
    FP_ROUTE KSFO.<{"id": "Gate_D_54B"}, {"id": "Ramp_04_008"}, {"id": "Txy_A_009"}, {"id": "Txy_A_F1"}, {"id": "Txy_A_008"}, {"id": "Txy_A_G"}, {"id": "Txy_A_007"}, {"id": "Txy_A_006"}, {"id": "Txy_A_005"}, {"id": "Txy_A_H"}, {"id": "Txy_A_004"}, {"id": "Txy_A_M"}, {"id": "Txy_A_003"}, {"id": "Txy_A_002"}, {"id": "Txy_A_A1"}, {"id": "Txy_A_001"}, {"id": "Rwy_02_001"}, {"id": "Rwy_02_002"}>.RW01R.OFFSH1.KSFO.SUNSS8.I25L.RW25L.<{"id": "Rwy_03_001"}, {"id": "Txy_G3_001"}, {"id": "Txy_F_001"}, {"id": "Txy_F_002"}, {"id": "Txy_F4_001"}, {"id": "Rwy_02_002"}, {"id": "Txy_E4_001"}, {"id": "Txy_E_003"}, {"id": "Txy_D_002"}, {"id": "Txy_D_003"}, {"id": "Txy_D_004"}, {"id": "Txy_D_005"}, {"id": "Txy_D_006"}, {"id": "Txy_D_007"}, {"id": "Txy_D_008"}, {"id": "Txy_D_009"}, {"id": "Txy_D_010"}, {"id": "Txy_D_011"}, {"id": "Txy_T_003"}, {"id": "Txy_T_002"}, {"id": "Txy_T_001"}, {"id": "Txy_C_009"}, {"id": "Txy_C_010"}, {"id": "Ramp_04_009"}, {"id": "Ramp_04_008"}, {"id": "Ramp_04_007"}, {"id": "Txy_C_011"}, {"id": "Ramp_04_006"}, {"id": "Ramp_04_005"}, {"id": "Ramp_04_004"}, {"id": "Gate_04_A21"}>.KPHX

TRACK_TIME 1121242408
TRACK SWA1926 B733 373638 1222286 130 0 28 ZOA ZOA46
    FP_ROUTE KSFO.<{"id": "Gate_G_100"}, {"id": "Ramp_07_007"}, {"id": "Txy_B_B5"}, {"id": "Txy_B5_001"}, {"id": "Txy_A_B4"}, {"id": "Txy_A_B3"}, {"id": "Txy_A_B2"}, {"id": "Txy_A_B1"}, {"id": "Txy_A_016"}, {"id": "Txy_A_015"}, {"id": "Txy_A_012"}, {"id": "Txy_A_011"}, {"id": "Txy_A_D"}, {"id": "Txy_A_010"}, {"id": "Txy_A_E"}, {"id": "Txy_A_009"}, {"id": "Txy_A_F1"}, {"id": "Txy_A_008"}, {"id": "Txy_A_G"}, {"id": "Txy_A_007"}, {"id": "Txy_A_006"}, {"id": "Txy_A_005"}, {"id": "Txy_A_H"}, {"id": "Txy_A_004"}, {"id": "Txy_A_M"}, {"id": "Txy_A_003"}, {"id": "Txy_A_002"}, {"id": "Txy_A_A1"}, {"id": "Txy_A_001"}, {"id": "Rwy_02_001"}, {"id": "Rwy_02_002"}>.RW01R.OFFSH1.KSFO.SUNSS8.I26.RW26.<{"id": "Rwy_01_003"}, {"id": "Txy_B3_001"}, {"id": "Txy_B_003"}, {"id": "Txy_B_004"}, {"id": "Txy_B_005"}, {"id": "Txy_B_006"}, {"id": "Txy_B_007"}, {"id": "Txy_B_008"}, {"id": "Txy_B_009"}, {"id": "Txy_B_010"}, {"id": "Txy_B_011"}, {"id": "Txy_B_012"}, {"id": "Txy_B_013"}, {"id": "Txy_B_014"}, {"id": "Txy_C_011"}, {"id": "Txy_C_012"}, {"id": "Ramp_03_007"}, {"id": "Ramp_03_006"}, {"id": "Txy_C_013"}, {"id": "Txy_C_014"}, {"id": "Ramp_02_007"}, {"id": "Ramp_02_006"}, {"id": "Txy_C_016"}, {"id": "Ramp_02_005"}, {"id": "Ramp_02_004"}, {"id": "Ramp_02_003"}, {"id": "Ramp_02_002"}, {"id": "Gate_04_0B5"}>.KPHX

TRACK_TIME 1121242472
TRACK SWA1927 B733 373638 1222286 130 0 28 ZOA ZOA46
    FP_ROUTE KSFO.<{"id": "Parking_07_004"}, {"id": "Ramp_C_013"}, {"id": "Txy_C_013"}, {"id": "Txy_C_K"}, {"id": "Txy_C_012"}, {"id": "Txy_C_011"}, {"id": "Txy_C_D"}, {"id": "Txy_C_010"}, {"id": "Txy_C_009"}, {"id": "Txy_C_E"}, {"id": "Txy_C_008"}, {"id": "Rwy_01_006"}, {"id": "Txy_C_007"}, {"id": "Txy_C_006"}, {"id": "Rwy_02_007"}, {"id": "Txy_C_005"}, {"id": "Txy_C_L"}, {"id": "Txy_C_P"}, {"id": "Txy_C_N"}, {"id": "Txy_C_W"}, {"id": "Txy_C_004"}, {"id": "Txy_C_003"}, {"id": "Rwy_04_001"}>.RW28R.OFFSH1.KSFO.SUNSS8.I26.RW26.<{"id": "Rwy_01_003"}, {"id": "Txy_B3_001"}, {"id": "Txy_B_003"}, {"id": "Txy_B_004"}, {"id": "Txy_B_005"}, {"id": "Txy_B_006"}, {"id": "Txy_B_007"}, {"id": "Txy_B_008"}, {"id": "Txy_B_009"}, {"id": "Txy_B_010"}, {"id": "Txy_B_011"}, {"id": "Txy_B_012"}, {"id": "Txy_C_009"}, {"id": "Txy_T_001"}, {"id": "Txy_T_002"}, {"id": "Txy_T_003"}, {"id": "Txy_D_011"}, {"id": "Txy_D_010"}, {"id": "Txy_D_009"}, {"id": "Txy_D_008"}, {"id": "Txy_D_007"}, {"id": "Ramp_06_007"}, {"id": "Ramp_06_008"}, {"id": "Ramp_06_009"}, {"id": "Gate_02_006"}>.KPHX

TRACK_TIME 1121242537
TRACK SWA1928 B733 373638 1222286 130 0 28 ZOA ZOA46
    FP_ROUTE KSFO.<{"id": "Gate_B_022"}, {"id": "Ramp_02_002"}, {"id": "Ramp_02_003"}, {"id": "Ramp_02_004"}, {"id": "Ramp_02_005"}, {"id": "Txy_H_003"}, {"id": "Txy_H_004"}, {"id": "Txy_H_005"}, {"id": "Txy_H_006"}, {"id": "Txy_A_004"}, {"id": "Txy_A_H"}, {"id": "Txy_B_H"}, {"id": "Txy_H_007"}, {"id": "Rwy_01_002"}, {"id": "Txy_H_008"}, {"id": "Txy_H_009"}, {"id": "Rwy_02_004"}, {"id": "Txy_G_005"}, {"id": "Txy_L_004"}, {"id": "Txy_L_005"}, {"id": "Txy_F_005"}, {"id": "Txy_F_N"}, {"id": "Txy_F_004"}, {"id": "Txy_F_003"}, {"id": "Txy_F_002"}, {"id": "Txy_F_001"}, {"id": "Rwy_03_001"}, {"id": "Txy_C_001"}, {"id": "Txy_C_002"}, {"id": "Rwy_04_001"}>.RW28R.OFFSH1.KSFO.SUNSS8.I26.RW26.<{"id": "Rwy_01_003"}, {"id": "Txy_B3_001"}, {"id": "Txy_B_003"}, {"id": "Txy_B_004"}, {"id": "Txy_B_005"}, {"id": "Txy_B_006"}, {"id": "Txy_B_007"}, {"id": "Txy_B_008"}, {"id": "Txy_B_009"}, {"id": "Txy_B_010"}, {"id": "Txy_B_011"}, {"id": "Txy_B_012"}, {"id": "Txy_C_009"}, {"id": "Txy_T_001"}, {"id": "Txy_T_002"}, {"id": "Txy_T_003"}, {"id": "Txy_D_011"}, {"id": "Txy_D_012"}, {"id": "Txy_D_013"}, {"id": "Ramp_08_004"}, {"id": "Ramp_08_005"}, {"id": "Txy_D_014"}, {"id": "Ramp_09_004"}, {"id": "Ramp_09_005"}, {"id": "Txy_D_015"}, {"id": "Ramp_10_003"}, {"id": "Gate_04_C15"}>.KPHX

TRACK_TIME 1121242632
TRACK SWA1929 B733 373638 1222286 130 0 28 ZOA ZOA46
    FP_ROUTE KSFO.<{"id": "Parking_03_001"}, {"id": "Txy_Z_Y"}, {"id": "Txy_Z_R"}, {"id": "Txy_Z_S1"}, {"id": "Txy_Z_B1"}, {"id": "Txy_Z_Q"}, {"id": "Txy_B_003"}, {"id": "Txy_Q1_001"}, {"id": "Txy_A_014"}, {"id": "Txy_A_K"}, {"id": "Txy_A_013"}, {"id": "Txy_A_012"}, {"id": "Txy_A_011"}, {"id": "Txy_A_D"}, {"id": "Txy_A_010"}, {"id": "Txy_A_E"}, {"id": "Txy_A_009"}, {"id": "Txy_A_F1"}, {"id": "Txy_A_008"}, {"id": "Txy_A_G"}, {"id": "Txy_B_G"}, {"id": "Txy_B_H"}, {"id": "Txy_B_M"}, {"id": "Txy_M_002"}, {"id": "Rwy_01_001"}>.RW01L.OFFSH1.KSFO.SUNSS8.I26.RW26.<{"id": "Rwy_01_003"}, {"id": "Txy_B3_001"}, {"id": "Txy_B_003"}, {"id": "Txy_B_004"}, {"id": "Txy_B_005"}, {"id": "Txy_B_006"}, {"id": "Txy_B_007"}, {"id": "Txy_B_008"}, {"id": "Txy_B_009"}, {"id": "Txy_B_010"}, {"id": "Txy_B_011"}, {"id": "Txy_B_012"}, {"id": "Txy_C_009"}, {"id": "Txy_T_001"}, {"id": "Txy_T_002"}, {"id": "Txy_T_003"}, {"id": "Txy_D_011"}, {"id": "Txy_E_014"}, {"id": "Txy_E_013"}, {"id": "Txy_E_012"}, {"id": "Txy_E_011"}, {"id": "Txy_E_010"}, {"id": "Txy_E_009"}, {"id": "Txy_E_008"}, {"id": "Txy_E_007"}, {"id": "Txy_E6_001"}, {"id": "Rwy_02_005"}, {"id": "Txy_F6_001"}, {"id": "Txy_F_005"}, {"id": "Rwy_03_006"}, {"id": "Txy_H4_001"}, {"id": "Txy_H_008"}, {"id": "Txy_H_007"}, {"id": "Txy_H_005"}, {"id": "Txy_H_003"}, {"id": "Ramp_15_102"}, {"id": "Parking_15_003"}>.KPHX

TRACK_TIME 1121242686
TRACK SWA1930 B733 373638 1222286 130 0 28 ZOA ZOA46
    FP_ROUTE KSFO.<{"id": "Gate_B_035"}, {"id": "Txy_H_004"}, {"id": "Txy_H_005"}, {"id": "Txy_H_006"}, {"id": "Txy_A_004"}, {"id": "Txy_A_H"}, {"id": "Txy_B_H"}, {"id": "Txy_H_007"}, {"id": "Rwy_01_002"}, {"id": "Txy_H_008"}, {"id": "Txy_H_009"}, {"id": "Rwy_02_004"}, {"id": "Txy_G_005"}, {"id": "Txy_L_004"}, {"id": "Txy_L_005"}, {"id": "Txy_F_005"}, {"id": "Txy_F_N"}, {"id": "Txy_F_004"}, {"id": "Txy_F_003"}, {"id": "Txy_F_002"}, {"id": "Txy_F_001"}, {"id": "Rwy_03_001"}, {"id": "Txy_C_001"}, {"id": "Txy_C_002"}, {"id": "Rwy_04_001"}>.RW28R.OFFSH1.KSFO.SUNSS8.I25L.RW25L.<{"id": "Rwy_03_001"}, {"id": "Txy_G3_001"}, {"id": "Txy_F_001"}, {"id": "Txy_F_002"}, {"id": "Txy_F4_001"}, {"id": "Rwy_02_002"}, {"id": "Txy_E4_001"}, {"id": "Txy_E_003"}, {"id": "Txy_D_002"}, {"id": "Txy_D_003"}, {"id": "Txy_D_004"}, {"id": "Txy_D_005"}, {"id": "Txy_D_006"}, {"id": "Txy_D_007"}, {"id": "Txy_D_008"}, {"id": "Txy_D_009"}, {"id": "Txy_D_010"}, {"id": "Txy_D_011"}, {"id": "Txy_T_003"}, {"id": "Txy_T_002"}, {"id": "Txy_T_001"}, {"id": "Txy_C_009"}, {"id": "Txy_C_008"}, {"id": "Ramp_05_104"}, {"id": "Ramp_05_005"}, {"id": "Txy_C_007"}, {"id": "Ramp_05_006"}, {"id": "Ramp_05_007"}, {"id": "Ramp_05_008"}, {"id": "Ramp_05_009"}, {"id": "Gate_03_018"}>.KPHX

TRACK_TIME 1121242734
TRACK SWA1931 B733 373638 1222286 130 0 28 ZOA ZOA46
    FP_ROUTE KSFO.<{"id": "Parking_07_002"}, {"id": "Ramp_C_014"}, {"id": "Txy_C_015"}, {"id": "Txy_C_014"}, {"id": "Txy_C_013"}, {"id": "Txy_C_K"}, {"id": "Txy_C_012"}, {"id": "Txy_C_011"}, {"id": "Txy_C_D"}, {"id": "Txy_D_004"}, {"id": "Rwy_04_010"}, {"id": "Txy_D_003"}, {"id": "Txy_D_002"}, {"id": "Rwy_03_006"}, {"id": "Txy_D_001"}, {"id": "Txy_B_D"}, {"id": "Txy_E_B"}, {"id": "Txy_A_B"}, {"id": "Txy_B_001"}, {"id": "Txy_B_F1"}, {"id": "Txy_B_G"}, {"id": "Txy_B_H"}, {"id": "Txy_B_M"}, {"id": "Txy_M_002"}, {"id": "Rwy_01_001"}>.RW01L.OFFSH1.KSFO.SUNSS8.I25L.RW25L.<{"id": "Rwy_03_001"}, {"id": "Txy_G3_001"}, {"id": "Txy_F_001"}, {"id": "Txy_F_002"}, {"id": "Txy_F_003"}, {"id": "Txy_F_004"}, {"id": "Txy_F_005"}, {"id": "Txy_F6_001"}, {"id": "Rwy_02_005"}, {"id": "Txy_E6_001"}, {"id": "Txy_E_007"}, {"id": "Txy_E_008"}, {"id": "Txy_E_009"}, {"id": "Txy_E_010"}, {"id": "Txy_E_011"}, {"id": "Txy_E_012"}, {"id": "Txy_E_013"}, {"id": "Txy_E_014"}, {"id": "Txy_E_015"}, {"id": "Txy_E_016"}, {"id": "Txy_E_017"}, {"id": "Txy_D_013"}, {"id": "Ramp_08_004"}, {"id": "Ramp_08_005"}, {"id": "Txy_D_014"}, {"id": "Ramp_09_001"}, {"id": "Gate_04_0C5"}>.KPHX

TRACK_TIME 1121242842
TRACK SWA1932 B733 373638 1222286 130 0 28 ZOA ZOA46
    FP_ROUTE KSFO.<{"id": "Gate_G_092"}, {"id": "Ramp_07_002"}, {"id": "Ramp_07_003"}, {"id": "Ramp_07_004"}, {"id": "Ramp_07_005"}, {"id": "Ramp_07_006"}, {"id": "Ramp_07_007"}, {"id": "Txy_B_B5"}, {"id": "Txy_B5_001"}, {"id": "Txy_A_B4"}, {"id": "Txy_A_B3"}, {"id": "Txy_A_B2"}, {"id": "Txy_A_B1"}, {"id": "Txy_A_016"}, {"id": "Txy_A_015"}, {"id": "Txy_A_012"}, {"id": "Txy_A_011"}, {"id": "Txy_A_D"}, {"id": "Txy_A_010"}, {"id": "Txy_A_E"}, {"id": "Txy_A_B"}, {"id": "Txy_F_010"}, {"id": "Txy_F_009"}, {"id": "Rwy_01_005"}, {"id": "Txy_F_008"}, {"id": "Txy_F_007"}, {"id": "Rwy_02_006"}, {"id": "Txy_F_006"}, {"id": "Txy_F_L"}, {"id": "Txy_F_005"}, {"id": "Txy_F_N"}, {"id": "Txy_F_004"}, {"id": "Txy_F_003"}, {"id": "Txy_F_002"}, {"id": "Txy_F_001"}, {"id": "Rwy_03_001"}>.RW28L.OFFSH1.KSFO.SUNSS8.I26.RW26.<{"id": "Rwy_01_003"}, {"id": "Txy_B3_001"}, {"id": "Txy_B_003"}, {"id": "Txy_B_004"}, {"id": "Txy_B_005"}, {"id": "Txy_B_006"}, {"id": "Txy_B_007"}, {"id": "Txy_B_008"}, {"id": "Txy_B_009"}, {"id": "Txy_B_010"}, {"id": "Txy_B_011"}, {"id": "Txy_B_012"}, {"id": "Txy_B_013"}, {"id": "Txy_B_014"}, {"id": "Txy_C_011"}, {"id": "Txy_C_012"}, {"id": "Ramp_03_007"}, {"id": "Ramp_03_006"}, {"id": "Txy_C_013"}, {"id": "Ramp_03_005"}, {"id": "Ramp_03_004"}, {"id": "Ramp_03_003"}, {"id": "Ramp_03_002"}, {"id": "Ramp_03_001"}, {"id": "Ramp_03_008"}, {"id": "Gate_04_0A1"}>.KPHX

TRACK_TIME 1121242932
TRACK SWA1933 B733 373638 1222286 130 0 28 ZOA ZOA46
    FP_ROUTE KSFO.<{"id": "Gate_D_053"}, {"id": "Ramp_04_006"}, {"id": "Txy_A_F1"}, {"id": "Txy_A_008"}, {"id": "Txy_A_G"}, {"id": "Txy_A_007"}, {"id": "Txy_A_006"}, {"id": "Txy_A_005"}, {"id": "Txy_A_H"}, {"id": "Txy_A_004"}, {"id": "Txy_A_M"}, {"id": "Txy_A_003"}, {"id": "Txy_A_002"}, {"id": "Txy_A_A1"}, {"id": "Txy_A_001"}, {"id": "Rwy_02_001"}, {"id": "Rwy_02_002"}>.RW01R.OFFSH1.KSFO.SUNSS8.I26.RW26.<{"id": "Rwy_01_003"}, {"id": "Txy_B3_001"}, {"id": "Txy_B_003"}, {"id": "Txy_B_004"}, {"id": "Txy_B_005"}, {"id": "Txy_B_006"}, {"id": "Txy_B_007"}, {"id": "Txy_B_008"}, {"id": "Txy_B_009"}, {"id": "Txy_B_010"}, {"id": "Txy_B_011"}, {"id": "Txy_B_012"}, {"id": "Txy_C_009"}, {"id": "Txy_T_001"}, {"id": "Txy_T_002"}, {"id": "Txy_T_003"}, {"id": "Txy_D_011"}, {"id": "Txy_D_012"}, {"id": "Txy_D_013"}, {"id": "Ramp_08_004"}, {"id": "Ramp_08_005"}, {"id": "Txy_D_014"}, {"id": "Ramp_09_004"}, {"id": "Ramp_09_005"}, {"id": "Txy_D_015"}, {"id": "Ramp_09_006"}, {"id": "Ramp_09_007"}, {"id": "Gate_04_0C4"}>.KPHX

TRACK_TIME 1121243141
TRACK SWA1934 B733 373638 1222286 130 0 28 ZOA ZOA46
    FP_ROUTE KSFO.<{"id": "Gate_A_007"}, {"id": "Txy_M_H"}, {"id": "Txy_M_001"}, {"id": "Txy_A_M"}, {"id": "Txy_B_M"}, {"id": "Txy_M_002"}, {"id": "Rwy_01_001"}>.RW01L.OFFSH1.KSFO.SUNSS8.I25L.RW25L.<{"id": "Rwy_03_001"}, {"id": "Txy_G3_001"}, {"id": "Txy_F_001"}, {"id": "Txy_F_002"}, {"id": "Txy_F_003"}, {"id": "Txy_F_004"}, {"id": "Txy_F_005"}, {"id": "Txy_F6_001"}, {"id": "Rwy_02_005"}, {"id": "Txy_E6_001"}, {"id": "Txy_E_007"}, {"id": "Txy_E_008"}, {"id": "Txy_E_009"}, {"id": "Txy_E_010"}, {"id": "Txy_E_011"}, {"id": "Txy_E_012"}, {"id": "Txy_E_013"}, {"id": "Txy_E_014"}, {"id": "Txy_E_015"}, {"id": "Txy_E_016"}, {"id": "Txy_E_017"}, {"id": "Txy_D_013"}, {"id": "Ramp_08_004"}, {"id": "Ramp_08_005"}, {"id": "Txy_D_014"}, {"id": "Ramp_08_007"}, {"id": "Gate_04_0D6"}>.KPHX

TRACK_TIME 1121243274
TRACK SWA1935 B733 373638 1222286 130 0 28 ZOA ZOA46
    FP_ROUTE KSFO.<{"id": "Parking_07_001"}, {"id": "Ramp_C_015"}, {"id": "Txy_C_016"}, {"id": "Txy_C_015"}, {"id": "Txy_C_014"}, {"id": "Txy_C_013"}, {"id": "Txy_C_K"}, {"id": "Txy_C_012"}, {"id": "Txy_C_011"}, {"id": "Txy_C_D"}, {"id": "Txy_C_010"}, {"id": "Txy_C_009"}, {"id": "Txy_C_E"}, {"id": "Txy_C_008"}, {"id": "Rwy_01_006"}, {"id": "Txy_C_007"}, {"id": "Txy_C_006"}, {"id": "Rwy_02_007"}, {"id": "Txy_C_005"}, {"id": "Txy_C_L"}, {"id": "Txy_C_P"}, {"id": "Txy_C_N"}, {"id": "Txy_C_W"}, {"id": "Txy_C_004"}, {"id": "Txy_C_003"}, {"id": "Rwy_04_001"}, {"id": "Txy_C_002"}, {"id": "Txy_C_001"}, {"id": "Rwy_03_001"}>.RW28L.OFFSH1.KSFO.SUNSS8.I26.RW26.<{"id": "Rwy_01_003"}, {"id": "Txy_B3_001"}, {"id": "Txy_B_003"}, {"id": "Txy_B_004"}, {"id": "Txy_B_005"}, {"id": "Txy_B_006"}, {"id": "Txy_B_007"}, {"id": "Txy_B_008"}, {"id": "Txy_B_009"}, {"id": "Txy_B_010"}, {"id": "Txy_B_011"}, {"id": "Txy_B_012"}, {"id": "Txy_C_009"}, {"id": "Txy_T_001"}, {"id": "Txy_T_002"}, {"id": "Txy_T_003"}, {"id": "Txy_D_011"}, {"id": "Txy_D_012"}, {"id": "Txy_D_013"}, {"id": "Ramp_08_004"}, {"id": "Ramp_08_005"}, {"id": "Txy_D_014"}, {"id": "Ramp_09_004"}, {"id": "Ramp_09_005"}, {"id": "Txy_D_015"}, {"id": "Ramp_10_004"}, {"id": "Ramp_10_005"}, {"id": "Ramp_10_006"}, {"id": "Gate_04_C16"}>.KPHX

TRACK_TIME 1121243450
TRACK SWA1936 B733 373638 1222286 130 0 28 ZOA ZOA46
    FP_ROUTE KSFO.<{"id": "Gate_B_039"}, {"id": "Ramp_02_004"}, {"id": "Ramp_02_005"}, {"id": "Txy_H_003"}, {"id": "Txy_H_004"}, {"id": "Txy_H_005"}, {"id": "Txy_H_006"}, {"id": "Txy_A_004"}, {"id": "Txy_A_M"}, {"id": "Txy_B_M"}, {"id": "Txy_M_002"}, {"id": "Rwy_01_001"}>.RW01L.OFFSH1.KSFO.SUNSS8.I26.RW26.<{"id": "Rwy_01_003"}, {"id": "Txy_B3_001"}, {"id": "Txy_B_003"}, {"id": "Txy_B_004"}, {"id": "Txy_B_005"}, {"id": "Txy_B_006"}, {"id": "Txy_B_007"}, {"id": "Txy_B_008"}, {"id": "Txy_B_009"}, {"id": "Txy_B_010"}, {"id": "Txy_B_011"}, {"id": "Txy_B_012"}, {"id": "Txy_B_013"}, {"id": "Txy_B_014"}, {"id": "Txy_C_011"}, {"id": "Txy_C_012"}, {"id": "Ramp_03_007"}, {"id": "Ramp_03_006"}, {"id": "Txy_C_013"}, {"id": "Txy_C_014"}, {"id": "Ramp_02_007"}, {"id": "Ramp_02_006"}, {"id": "Txy_C_016"}, {"id": "Ramp_01_006"}, {"id": "Ramp_01_007"}, {"id": "Gate_04_B20"}>.KPHX

TRACK_TIME 1121243621
TRACK SWA1937 B733 373638 1222286 130 0 28 ZOA ZOA46
    FP_ROUTE KSFO.<{"id": "Gate_06_004"}, {"id": "Ramp_06_001"}, {"id": "Ramp_06_002"}, {"id": "Ramp_06_003"}, {"id": "Ramp_06_004"}, {"id": "Txy_A_012"}, {"id": "Txy_A_011"}, {"id": "Txy_A_D"}, {"id": "Txy_A_010"}, {"id": "Txy_A_E"}, {"id": "Txy_A_009"}, {"id": "Txy_A_F1"}, {"id": "Txy_A_008"}, {"id": "Txy_A_G"}, {"id": "Txy_B_G"}, {"id": "Txy_B_H"}, {"id": "Txy_B_M"}, {"id": "Txy_M_002"}, {"id": "Rwy_01_001"}>.RW01L.OFFSH1.KSFO.SUNSS8.I25L.RW25L.<{"id": "Rwy_03_001"}, {"id": "Txy_G3_001"}, {"id": "Txy_F_001"}, {"id": "Txy_F_002"}, {"id": "Txy_F_003"}, {"id": "Txy_F_004"}, {"id": "Txy_F_005"}, {"id": "Txy_F6_001"}, {"id": "Rwy_02_005"}, {"id": "Txy_E6_001"}, {"id": "Txy_E_007"}, {"id": "Txy_E_008"}, {"id": "Txy_E_009"}, {"id": "Txy_E_010"}, {"id": "Txy_E_011"}, {"id": "Txy_E_012"}, {"id": "Txy_E_013"}, {"id": "Txy_E_014"}, {"id": "Txy_E_015"}, {"id": "Txy_E_016"}, {"id": "Txy_E_017"}, {"id": "Txy_E_018"}, {"id": "Txy_E_019"}, {"id": "Txy_E_020"}, {"id": "Txy_E_021"}, {"id": "Txy_E_022"}, {"id": "Txy_D13_001"}, {"id": "Ramp_10_005"}, {"id": "Ramp_10_006"}, {"id": "Ramp_10_007"}, {"id": "Gate_04_C14"}>.KPHX

TRACK_TIME 1121243754
TRACK SWA1938 B733 373638 1222286 130 0 28 ZOA ZOA46
    FP_ROUTE KSFO.<{"id": "Gate_D_56B"}, {"id": "Ramp_04_011"}, {"id": "Txy_A_010"}, {"id": "Txy_A_E"}, {"id": "Txy_A_B"}, {"id": "Txy_F_010"}, {"id": "Txy_F_009"}, {"id": "Rwy_01_005"}, {"id": "Txy_F_008"}, {"id": "Txy_F_007"}, {"id": "Rwy_02_006"}, {"id": "Txy_F_006"}, {"id": "Txy_F_L"}, {"id": "Txy_F_005"}, {"id": "Txy_F_N"}, {"id": "Txy_F_004"}, {"id": "Txy_F_003"}, {"id": "Txy_F_002"}, {"id": "Txy_F_001"}, {"id": "Rwy_03_001"}, {"id": "Txy_C_001"}, {"id": "Txy_C_002"}, {"id": "Rwy_04_001"}>.RW28R.OFFSH1.KSFO.SUNSS8.I25L.RW25L.<{"id": "Rwy_03_001"}, {"id": "Txy_G3_001"}, {"id": "Txy_F_001"}, {"id": "Txy_F_002"}, {"id": "Txy_F_003"}, {"id": "Txy_F_004"}, {"id": "Txy_F_005"}, {"id": "Txy_F6_001"}, {"id": "Rwy_02_005"}, {"id": "Txy_E6_001"}, {"id": "Txy_E_007"}, {"id": "Txy_E_008"}, {"id": "Txy_E_009"}, {"id": "Txy_E_010"}, {"id": "Txy_E_011"}, {"id": "Txy_E_012"}, {"id": "Txy_E_013"}, {"id": "Txy_E_014"}, {"id": "Txy_E_015"}, {"id": "Txy_E_016"}, {"id": "Txy_E_017"}, {"id": "Txy_D_013"}, {"id": "Ramp_08_004"}, {"id": "Ramp_08_005"}, {"id": "Gate_04_0D8"}>.KPHX

TRACK_TIME 1121243857
TRACK SWA1939 B733 373638 1222286 130 0 28 ZOA ZOA46
    FP_ROUTE KSFO.<{"id": "Gate_F_078"}, {"id": "Ramp_06_006"}, {"id": "Txy_A_013"}, {"id": "Txy_A_012"}, {"id": "Txy_A_011"}, {"id": "Txy_A_D"}, {"id": "Txy_A_010"}, {"id": "Txy_A_E"}, {"id": "Txy_A_B"}, {"id": "Txy_F_010"}, {"id": "Txy_F_009"}, {"id": "Rwy_01_005"}, {"id": "Txy_F_008"}, {"id": "Txy_F_007"}, {"id": "Rwy_02_006"}, {"id": "Txy_F_006"}, {"id": "Txy_F_L"}, {"id": "Txy_F_005"}, {"id": "Txy_F_N"}, {"id": "Txy_F_004"}, {"id": "Txy_F_003"}, {"id": "Txy_F_002"}, {"id": "Txy_F_001"}, {"id": "Rwy_03_001"}, {"id": "Txy_C_001"}, {"id": "Txy_C_002"}, {"id": "Rwy_04_001"}>.RW28R.OFFSH1.KSFO.SUNSS8.I26.RW26.<{"id": "Rwy_01_003"}, {"id": "Txy_B3_001"}, {"id": "Txy_B_003"}, {"id": "Txy_B_004"}, {"id": "Txy_B_005"}, {"id": "Txy_B_006"}, {"id": "Txy_B_007"}, {"id": "Txy_B_008"}, {"id": "Txy_B_009"}, {"id": "Txy_B_010"}, {"id": "Txy_B_011"}, {"id": "Txy_B_012"}, {"id": "Txy_B_013"}, {"id": "Txy_B_014"}, {"id": "Txy_C_011"}, {"id": "Txy_C_012"}, {"id": "Ramp_03_007"}, {"id": "Ramp_03_006"}, {"id": "Txy_C_013"}, {"id": "Txy_C_014"}, {"id": "Ramp_02_007"}, {"id": "Ramp_02_006"}, {"id": "Txy_C_016"}, {"id": "Ramp_01_005"}, {"id": "Ramp_01_004"}, {"id": "Txy_C_017"}, {"id": "Ramp_01_003"}, {"id": "Ramp_01_001"}, {"id": "Gate_04_B27"}>.KPHX

TRACK_TIME 1121243907
TRACK SWA1940 B733 373638 1222286 130 0 28 ZOA ZOA46
    FP_ROUTE KSFO.<{"id": "Parking_06_002"}, {"id": "Txy_Z_013"}, {"id": "Txy_Z_012"}, {"id": "Txy_Z_010"}, {"id": "Txy_Z_009"}, {"id": "Txy_Z_U"}, {"id": "Txy_C_U"}, {"id": "Txy_C_017"}, {"id": "Txy_C_R"}, {"id": "Txy_C_016"}, {"id": "Txy_C_015"}, {"id": "Txy_C_014"}, {"id": "Txy_C_013"}, {"id": "Txy_C_K"}, {"id": "Txy_C_012"}, {"id": "Txy_C_011"}, {"id": "Txy_C_D"}, {"id": "Txy_D_004"}, {"id": "Rwy_04_010"}, {"id": "Txy_D_003"}, {"id": "Txy_D_002"}, {"id": "Rwy_03_006"}, {"id": "Txy_D_001"}, {"id": "Txy_B_D"}, {"id": "Txy_A_D"}, {"id": "Txy_A_010"}, {"id": "Txy_A_E"}, {"id": "Txy_A_009"}, {"id": "Txy_A_F1"}, {"id": "Txy_A_008"}, {"id": "Txy_A_G"}, {"id": "Txy_A_007"}, {"id": "Txy_A_006"}, {"id": "Txy_A_005"}, {"id": "Txy_A_H"}, {"id": "Txy_A_004"}, {"id": "Txy_A_M"}, {"id": "Txy_A_003"}, {"id": "Txy_A_002"}, {"id": "Txy_A_A1"}, {"id": "Txy_A_001"}, {"id": "Rwy_02_001"}, {"id": "Rwy_02_002"}>.RW01R.OFFSH1.KSFO.SUNSS8.I25L.RW25L.<{"id": "Rwy_03_001"}, {"id": "Txy_G3_001"}, {"id": "Txy_F_001"}, {"id": "Txy_F_002"}, {"id": "Txy_F4_001"}, {"id": "Rwy_02_002"}, {"id": "Txy_E4_001"}, {"id": "Txy_E_003"}, {"id": "Txy_D_002"}, {"id": "Txy_D_003"}, {"id": "Txy_D_004"}, {"id": "Txy_D_005"}, {"id": "Txy_D_006"}, {"id": "Txy_D_007"}, {"id": "Txy_D_008"}, {"id": "Txy_D_009"}, {"id": "Txy_D_010"}, {"id": "Txy_D_011"}, {"id": "Txy_T_003"}, {"id": "Txy_T_002"}, {"id": "Txy_T_001"}, {"id": "Txy_C_009"}, {"id": "Txy_C_010"}, {"id": "Ramp_04_009"}, {"id": "Ramp_04_008"}, {"id": "Ramp_04_007"}, {"id": "Txy_C_011"}, {"id": "Txy_C_012"}, {"id": "Ramp_03_007"}, {"id": "Ramp_03_006"}, {"id": "Txy_C_013"}, {"id": "Txy_C_014"}, {"id": "Ramp_02_007"}, {"id": "Gate_04_B14"}>.KPHX

TRACK_TIME 1121243982
TRACK SWA1941 B733 373638 1222286 130 0 28 ZOA ZOA46
    FP_ROUTE KSFO.<{"id": "Gate_B_36B"}, {"id": "Ramp_02_005"}, {"id": "Txy_H_003"}, {"id": "Txy_H_004"}, {"id": "Txy_H_005"}, {"id": "Txy_H_006"}, {"id": "Txy_A_004"}, {"id": "Txy_A_M"}, {"id": "Txy_B_M"}, {"id": "Txy_M_002"}, {"id": "Rwy_01_001"}>.RW01L.OFFSH1.KSFO.SUNSS8.I26.RW26.<{"id": "Rwy_01_003"}, {"id": "Txy_B3_001"}, {"id": "Txy_B_003"}, {"id": "Txy_B_004"}, {"id": "Txy_B_005"}, {"id": "Txy_B_006"}, {"id": "Txy_B_007"}, {"id": "Txy_B_008"}, {"id": "Txy_B_009"}, {"id": "Txy_B_010"}, {"id": "Txy_B_011"}, {"id": "Txy_B_012"}, {"id": "Txy_C_009"}, {"id": "Txy_T_001"}, {"id": "Txy_T_002"}, {"id": "Txy_T_003"}, {"id": "Txy_D_011"}, {"id": "Txy_D_012"}, {"id": "Txy_D_013"}, {"id": "Ramp_08_004"}, {"id": "Ramp_08_005"}, {"id": "Txy_D_014"}, {"id": "Ramp_09_004"}, {"id": "Ramp_09_005"}, {"id": "Txy_D_015"}, {"id": "Ramp_10_004"}, {"id": "Gate_04_C17"}>.KPHX

TRACK_TIME 1121244176
TRACK SWA1942 B733 373638 1222286 130 0 28 ZOA ZOA46
    FP_ROUTE KSFO.<{"id": "Gate_B_034"}, {"id": "Ramp_02_006"}, {"id": "Txy_H_005"}, {"id": "Txy_H_006"}, {"id": "Txy_A_004"}, {"id": "Txy_A_M"}, {"id": "Txy_A_003"}, {"id": "Txy_A_002"}, {"id": "Txy_A_A1"}, {"id": "Txy_A_001"}, {"id": "Rwy_02_001"}, {"id": "Rwy_02_002"}>.RW01R.OFFSH1.KSFO.SUNSS8.I25L.RW25L.<{"id": "Rwy_03_001"}, {"id": "Txy_G3_001"}, {"id": "Txy_F_001"}, {"id": "Txy_F_002"}, {"id": "Txy_F_003"}, {"id": "Txy_F_004"}, {"id": "Txy_F_005"}, {"id": "Txy_F6_001"}, {"id": "Rwy_02_005"}, {"id": "Txy_E6_001"}, {"id": "Txy_E_007"}, {"id": "Txy_E_008"}, {"id": "Txy_E_009"}, {"id": "Txy_E_010"}, {"id": "Txy_E_011"}, {"id": "Txy_E_012"}, {"id": "Txy_E_013"}, {"id": "Txy_E_014"}, {"id": "Txy_E_015"}, {"id": "Txy_E_016"}, {"id": "Txy_E_017"}, {"id": "Txy_D_013"}, {"id": "Ramp_08_001"}, {"id": "Ramp_08_002"}, {"id": "Gate_04_0D3"}>.KPHX

TRACK_TIME 1121244401
TRACK SWA1943 B733 373638 1222286 130 0 28 ZOA ZOA46
    FP_ROUTE KSFO.<{"id": "Parking_04_002"}, {"id": "Parking_04_001"}, {"id": "Txy_S_004"}, {"id": "Txy_Z_008"}, {"id": "Txy_Z_U"}, {"id": "Txy_C_U"}, {"id": "Txy_C_017"}, {"id": "Txy_C_R"}, {"id": "Txy_C_016"}, {"id": "Txy_C_015"}, {"id": "Txy_C_014"}, {"id": "Txy_C_013"}, {"id": "Txy_C_K"}, {"id": "Txy_C_012"}, {"id": "Txy_C_011"}, {"id": "Txy_C_D"}, {"id": "Txy_C_010"}, {"id": "Txy_C_009"}, {"id": "Txy_C_E"}, {"id": "Txy_C_008"}, {"id": "Rwy_01_006"}, {"id": "Txy_C_007"}, {"id": "Txy_C_006"}, {"id": "Rwy_02_007"}, {"id": "Txy_C_005"}, {"id": "Txy_C_L"}, {"id": "Txy_C_P"}, {"id": "Txy_C_N"}, {"id": "Txy_C_W"}, {"id": "Txy_C_004"}, {"id": "Txy_C_003"}, {"id": "Rwy_04_001"}, {"id": "Txy_C_002"}, {"id": "Txy_C_001"}, {"id": "Rwy_03_001"}>.RW28L.OFFSH1.KSFO.SUNSS8.I26.RW26.<{"id": "Rwy_01_003"}, {"id": "Txy_B3_001"}, {"id": "Txy_B_003"}, {"id": "Txy_B_004"}, {"id": "Txy_B_005"}, {"id": "Txy_B_006"}, {"id": "Txy_B_007"}, {"id": "Txy_B_008"}, {"id": "Txy_B_009"}, {"id": "Txy_B_010"}, {"id": "Txy_B_011"}, {"id": "Txy_B_012"}, {"id": "Txy_B_013"}, {"id": "Txy_B_014"}, {"id": "Txy_C_011"}, {"id": "Txy_C_012"}, {"id": "Ramp_03_007"}, {"id": "Ramp_03_006"}, {"id": "Txy_C_013"}, {"id": "Ramp_03_005"}, {"id": "Ramp_03_004"}, {"id": "Ramp_03_003"}, {"id": "Gate_04_0A7"}>.KPHX

TRACK_TIME 1121244577
TRACK SWA1944 B733 373638 1222286 130 0 28 ZOA ZOA46
    FP_ROUTE KSFO.<{"id": "Gate_01_075"}, {"id": "Ramp_07_001"}, {"id": "Ramp_07_002"}, {"id": "Ramp_07_003"}, {"id": "Ramp_07_004"}, {"id": "Ramp_07_005"}, {"id": "Ramp_07_006"}, {"id": "Ramp_07_007"}, {"id": "Txy_B_B5"}, {"id": "Txy_B5_001"}, {"id": "Txy_A_B4"}, {"id": "Txy_A_B3"}, {"id": "Txy_A_B2"}, {"id": "Txy_A_B1"}, {"id": "Txy_A_016"}, {"id": "Txy_A_015"}, {"id": "Txy_A_012"}, {"id": "Txy_A_011"}, {"id": "Txy_A_D"}, {"id": "Txy_A_010"}, {"id": "Txy_A_E"}, {"id": "Txy_A_B"}, {"id": "Txy_F_010"}, {"id": "Txy_F_009"}, {"id": "Rwy_01_005"}, {"id": "Txy_F_008"}, {"id": "Txy_F_007"}, {"id": "Rwy_02_006"}, {"id": "Txy_F_006"}, {"id": "Txy_F_L"}, {"id": "Txy_F_005"}, {"id": "Txy_F_N"}, {"id": "Txy_F_004"}, {"id": "Txy_F_003"}, {"id": "Txy_F_002"}, {"id": "Txy_F_001"}, {"id": "Rwy_03_001"}, {"id": "Txy_C_001"}, {"id": "Txy_C_002"}, {"id": "Rwy_04_001"}>.RW28R.OFFSH1.KSFO.SUNSS8.I25L.RW25L.<{"id": "Rwy_03_001"}, {"id": "Txy_G3_001"}, {"id": "Txy_F_001"}, {"id": "Txy_F_002"}, {"id": "Txy_F4_001"}, {"id": "Rwy_02_002"}, {"id": "Txy_E4_001"}, {"id": "Txy_E_003"}, {"id": "Txy_D_002"}, {"id": "Txy_D_003"}, {"id": "Txy_D_004"}, {"id": "Txy_D_005"}, {"id": "Txy_D_006"}, {"id": "Txy_D_007"}, {"id": "Txy_D_008"}, {"id": "Txy_D_009"}, {"id": "Txy_D_010"}, {"id": "Txy_D_011"}, {"id": "Txy_T_003"}, {"id": "Txy_T_002"}, {"id": "Txy_T_001"}, {"id": "Txy_C_009"}, {"id": "Txy_C_008"}, {"id": "Ramp_05_104"}, {"id": "Ramp_05_005"}, {"id": "Txy_C_007"}, {"id": "Ramp_05_006"}, {"id": "Gate_03_026"}>.KPHX

TRACK_TIME 1121244639
TRACK SWA1945 B733 373638 1222286 130 0 28 ZOA ZOA46
    FP_ROUTE KSFO.<{"id": "Gate_B_36A"}, {"id": "Txy_H_003"}, {"id": "Txy_H_004"}, {"id": "Txy_H_005"}, {"id": "Txy_H_006"}, {"id": "Txy_A_004"}, {"id": "Txy_A_H"}, {"id": "Txy_B_H"}, {"id": "Txy_H_007"}, {"id": "Rwy_01_002"}, {"id": "Txy_H_008"}, {"id": "Txy_H_009"}, {"id": "Rwy_02_004"}, {"id": "Txy_G_005"}, {"id": "Txy_L_004"}, {"id": "Txy_L_005"}, {"id": "Txy_F_005"}, {"id": "Txy_F_N"}, {"id": "Txy_F_004"}, {"id": "Txy_F_003"}, {"id": "Txy_F_002"}, {"id": "Txy_F_001"}, {"id": "Rwy_03_001"}, {"id": "Txy_C_001"}, {"id": "Txy_C_002"}, {"id": "Rwy_04_001"}>.RW28R.OFFSH1.KSFO.SUNSS8.I26.RW26.<{"id": "Rwy_01_003"}, {"id": "Txy_B3_001"}, {"id": "Txy_B_003"}, {"id": "Txy_B_004"}, {"id": "Txy_B_005"}, {"id": "Txy_B_006"}, {"id": "Txy_B_007"}, {"id": "Txy_B_008"}, {"id": "Txy_B_009"}, {"id": "Txy_B_010"}, {"id": "Txy_B_011"}, {"id": "Txy_B_012"}, {"id": "Txy_B_013"}, {"id": "Txy_B_014"}, {"id": "Txy_C_011"}, {"id": "Txy_C_012"}, {"id": "Ramp_03_007"}, {"id": "Ramp_03_006"}, {"id": "Txy_C_013"}, {"id": "Ramp_03_005"}, {"id": "Ramp_03_004"}, {"id": "Ramp_03_003"}, {"id": "Ramp_03_002"}, {"id": "Gate_04_0A5"}>.KPHX

TRACK_TIME 1121244810
TRACK SWA1946 B733 373638 1222286 130 0 28 ZOA ZOA46
    FP_ROUTE KSFO.<{"id": "Parking_07_007"}, {"id": "Ramp_C_010a"}, {"id": "Ramp_C_009a"}, {"id": "Ramp_C_009"}, {"id": "Txy_C_009"}, {"id": "Txy_C_E"}, {"id": "Txy_E_004"}, {"id": "Rwy_04_007"}, {"id": "Txy_E_003"}, {"id": "Txy_E_002"}, {"id": "Rwy_03_005"}, {"id": "Txy_E_001"}, {"id": "Txy_E_B"}, {"id": "Txy_A_B"}, {"id": "Txy_B_001"}, {"id": "Txy_B_F1"}, {"id": "Txy_B_G"}, {"id": "Txy_B_H"}, {"id": "Txy_B_M"}, {"id": "Txy_M_002"}, {"id": "Rwy_01_001"}>.RW01L.OFFSH1.KSFO.SUNSS8.I26.RW26.<{"id": "Rwy_01_003"}, {"id": "Txy_B3_001"}, {"id": "Txy_B_003"}, {"id": "Txy_B_004"}, {"id": "Txy_B_005"}, {"id": "Txy_B_006"}, {"id": "Txy_B_007"}, {"id": "Txy_B_008"}, {"id": "Txy_B_009"}, {"id": "Txy_B_010"}, {"id": "Txy_B_011"}, {"id": "Txy_B_012"}, {"id": "Txy_C_009"}, {"id": "Txy_T_001"}, {"id": "Txy_T_002"}, {"id": "Txy_T_003"}, {"id": "Txy_D_011"}, {"id": "Txy_D_010"}, {"id": "Txy_D_009"}, {"id": "Txy_D_008"}, {"id": "Txy_D_007"}, {"id": "Ramp_06_007"}, {"id": "Gate_02_010"}>.KPHX

TRACK_TIME 1121244908
TRACK SWA1947 B733 373638 1222286 130 0 28 ZOA ZOA46
    FP_ROUTE KSFO.<{"id": "Gate_D_050"}, {"id": "Ramp_04_001"}, {"id": "Ramp_04_002"}, {"id": "Ramp_04_003"}, {"id": "Ramp_04_004"}, {"id": "Txy_A_008"}, {"id": "Txy_A_G"}, {"id": "Txy_A_007"}, {"id": "Txy_A_006"}, {"id": "Txy_A_005"}, {"id": "Txy_A_H"}, {"id": "Txy_A_004"}, {"id": "Txy_A_M"}, {"id": "Txy_A_003"}, {"id": "Txy_A_002"}, {"id": "Txy_A_A1"}, {"id": "Txy_A_001"}, {"id": "Rwy_02_001"}, {"id": "Rwy_02_002"}>.RW01R.OFFSH1.KSFO.SUNSS8.I26.RW26.<{"id": "Rwy_01_003"}, {"id": "Txy_B3_001"}, {"id": "Txy_B_003"}, {"id": "Txy_B_004"}, {"id": "Txy_B_005"}, {"id": "Txy_B_006"}, {"id": "Txy_B_007"}, {"id": "Txy_B_008"}, {"id": "Txy_B_009"}, {"id": "Txy_B_010"}, {"id": "Txy_B_011"}, {"id": "Txy_B_012"}, {"id": "Txy_B_013"}, {"id": "Txy_B_014"}, {"id": "Txy_C_011"}, {"id": "Txy_C_012"}, {"id": "Ramp_03_007"}, {"id": "Ramp_03_006"}, {"id": "Gate_04_A13"}>.KPHX

TRACK_TIME 1121245064
TRACK SWA1948 B733 373638 1222286 130 0 28 ZOA ZOA46
    FP_ROUTE KSFO.<{"id": "Gate_E_064"}, {"id": "Ramp_05_004"}, {"id": "Txy_A_010"}, {"id": "Txy_A_E"}, {"id": "Txy_A_B"}, {"id": "Txy_F_010"}, {"id": "Txy_F_009"}, {"id": "Rwy_01_005"}, {"id": "Txy_F_008"}, {"id": "Txy_F_007"}, {"id": "Rwy_02_006"}, {"id": "Txy_F_006"}, {"id": "Txy_F_L"}, {"id": "Txy_F_005"}, {"id": "Txy_F_N"}, {"id": "Txy_F_004"}, {"id": "Txy_F_003"}, {"id": "Txy_F_002"}, {"id": "Txy_F_001"}, {"id": "Rwy_03_001"}, {"id": "Txy_C_001"}, {"id": "Txy_C_002"}, {"id": "Rwy_04_001"}>.RW28R.OFFSH1.KSFO.SUNSS8.I26.RW26.<{"id": "Rwy_01_003"}, {"id": "Txy_B3_001"}, {"id": "Txy_B_003"}, {"id": "Txy_B_004"}, {"id": "Txy_B_005"}, {"id": "Txy_B_006"}, {"id": "Txy_B_007"}, {"id": "Txy_B_008"}, {"id": "Txy_B_009"}, {"id": "Txy_B_010"}, {"id": "Txy_B_011"}, {"id": "Txy_B_012"}, {"id": "Txy_B_013"}, {"id": "Txy_B_014"}, {"id": "Txy_C_011"}, {"id": "Txy_C_012"}, {"id": "Ramp_03_009"}, {"id": "Ramp_03_010"}, {"id": "Ramp_03_011"}, {"id": "Ramp_03_012"}, {"id": "Ramp_03_013"}, {"id": "Ramp_03_014"}, {"id": "Gate_04_0A2"}>.KPHX

TRACK_TIME 1121245225
TRACK SWA1949 B733 373638 1222286 130 0 28 ZOA ZOA46
    FP_ROUTE KSFO.<{"id": "Gate_06_017"}, {"id": "Ramp_06_014"}, {"id": "Txy_A_B4"}, {"id": "Txy_A_B3"}, {"id": "Txy_A_B2"}, {"id": "Txy_A_B1"}, {"id": "Txy_A_016"}, {"id": "Txy_A_015"}, {"id": "Txy_A_012"}, {"id": "Txy_A_011"}, {"id": "Txy_A_D"}, {"id": "Txy_A_010"}, {"id": "Txy_A_E"}, {"id": "Txy_A_B"}, {"id": "Txy_F_010"}, {"id": "Txy_F_009"}, {"id": "Rwy_01_005"}, {"id": "Txy_F_008"}, {"id": "Txy_F_007"}, {"id": "Rwy_02_006"}, {"id": "Txy_F_006"}, {"id": "Txy_F_L"}, {"id": "Txy_F_005"}, {"id": "Txy_F_N"}, {"id": "Txy_F_004"}, {"id": "Txy_F_003"}, {"id": "Txy_F_002"}, {"id": "Txy_F_001"}, {"id": "Rwy_03_001"}, {"id": "Txy_C_001"}, {"id": "Txy_C_002"}, {"id": "Rwy_04_001"}>.RW28R.OFFSH1.KSFO.SUNSS8.I26.RW26.<{"id": "Rwy_01_003"}, {"id": "Txy_B3_001"}, {"id": "Txy_B_003"}, {"id": "Txy_B_004"}, {"id": "Txy_B_005"}, {"id": "Txy_B_006"}, {"id": "Txy_B_007"}, {"id": "Txy_B_008"}, {"id": "Txy_B_009"}, {"id": "Txy_B_010"}, {"id": "Txy_B_011"}, {"id": "Txy_B_012"}, {"id": "Txy_B_013"}, {"id": "Txy_C_010"}, {"id": "Ramp_04_009"}, {"id": "Ramp_04_010"}, {"id": "Ramp_04_011"}, {"id": "Ramp_04_012"}, {"id": "Ramp_04_013"}, {"id": "Ramp_04_014"}, {"id": "Gate_04_A18"}>.KPHX

TRACK_TIME 1121245338
TRACK SWA1950 B733 373638 1222286 130 0 28 ZOA ZOA46
    FP_ROUTE KSFO.<{"id": "Parking_01_002"}, {"id": "Ramp_01_002"}, {"id": "Ramp_01_003"}, {"id": "Ramp_01_004"}, {"id": "Ramp_01_005"}, {"id": "Ramp_01_006"}, {"id": "Ramp_01_007"}, {"id": "Txy_M_H"}, {"id": "Txy_M_001"}, {"id": "Txy_A_M"}, {"id": "Txy_B_M"}, {"id": "Txy_M_002"}, {"id": "Rwy_01_001"}>.RW01L.OFFSH1.KSFO.SUNSS8.I25L.RW25L.<{"id": "Rwy_03_001"}, {"id": "Txy_G3_001"}, {"id": "Txy_F_001"}, {"id": "Txy_F_002"}, {"id": "Txy_F_003"}, {"id": "Txy_F_004"}, {"id": "Txy_F_005"}, {"id": "Txy_F6_001"}, {"id": "Rwy_02_005"}, {"id": "Txy_E6_001"}, {"id": "Txy_E_007"}, {"id": "Txy_E_008"}, {"id": "Txy_E_009"}, {"id": "Txy_E_010"}, {"id": "Txy_E_011"}, {"id": "Txy_E_012"}, {"id": "Txy_E_013"}, {"id": "Txy_E_014"}, {"id": "Txy_E_015"}, {"id": "Txy_E_016"}, {"id": "Txy_E_017"}, {"id": "Txy_D_013"}, {"id": "Ramp_08_004"}, {"id": "Ramp_08_005"}, {"id": "Txy_D_014"}, {"id": "Ramp_09_004"}, {"id": "Ramp_09_005"}, {"id": "Txy_D_015"}, {"id": "Ramp_10_003"}, {"id": "Ramp_10_002"}, {"id": "Gate_04_C13"}>.KPHX

TRACK_TIME 1121245441
TRACK SWA1951 B733 373638 1222286 130 0 28 ZOA ZOA46
    FP_ROUTE KSFO.<{"id": "Gate_B_24A"}, {"id": "Ramp_02_002"}, {"id": "Ramp_02_003"}, {"id": "Ramp_02_004"}, {"id": "Ramp_02_005"}, {"id": "Txy_H_003"}, {"id": "Txy_H_004"}, {"id": "Txy_H_005"}, {"id": "Txy_H_006"}, {"id": "Txy_A_004"}, {"id": "Txy_A_M"}, {"id": "Txy_B_M"}, {"id": "Txy_M_002"}, {"id": "Rwy_01_001"}>.RW01L.OFFSH1.KSFO.SUNSS8.I26.RW26.<{"id": "Rwy_01_003"}, {"id": "Txy_B3_001"}, {"id": "Txy_B_003"}, {"id": "Txy_B_004"}, {"id": "Txy_B_005"}, {"id": "Txy_B_006"}, {"id": "Txy_B_007"}, {"id": "Txy_B_008"}, {"id": "Txy_B_009"}, {"id": "Txy_B_010"}, {"id": "Txy_B_011"}, {"id": "Txy_B_012"}, {"id": "Txy_B_013"}, {"id": "Txy_B_014"}, {"id": "Txy_C_011"}, {"id": "Txy_C_012"}, {"id": "Ramp_03_009"}, {"id": "Ramp_03_010"}, {"id": "Ramp_03_011"}, {"id": "Ramp_03_012"}, {"id": "Gate_04_0A6"}>.KPHX

TRACK_TIME 1121245515
TRACK SWA1952 B733 373638 1222286 130 0 28 ZOA ZOA46
    FP_ROUTE KSFO.<{"id": "Gate_A_009"}, {"id": "Ramp_01_006"}, {"id": "Ramp_01_007"}, {"id": "Txy_M_H"}, {"id": "Txy_M_001"}, {"id": "Txy_A_M"}, {"id": "Txy_A_003"}, {"id": "Txy_A_002"}, {"id": "Txy_A_A1"}, {"id": "Txy_A_001"}, {"id": "Rwy_02_001"}, {"id": "Rwy_02_002"}>.RW01R.OFFSH1.KSFO.SUNSS8.I26.RW26.<{"id": "Rwy_01_003"}, {"id": "Txy_B3_001"}, {"id": "Txy_B_003"}, {"id": "Txy_B_004"}, {"id": "Txy_B_005"}, {"id": "Txy_B_006"}, {"id": "Txy_C_004"}, {"id": "Txy_C_005"}, {"id": "Txy_C_006"}, {"id": "Txy_C_007"}, {"id": "Ramp_05_006"}, {"id": "Ramp_05_007"}, {"id": "Ramp_05_008"}, {"id": "Gate_03_020"}>.KPHX

TRACK_TIME 1121245674
TRACK SWA1953 B733 373638 1222286 130 0 28 ZOA ZOA46
    FP_ROUTE KSFO.<{"id": "Gate_B_033"}, {"id": "Ramp_02_007"}, {"id": "Txy_A_005"}, {"id": "Txy_A_006"}, {"id": "Txy_A_007"}, {"id": "Txy_A_G"}, {"id": "Txy_A_008"}, {"id": "Txy_A_F1"}, {"id": "Txy_B_F1"}, {"id": "Txy_F1_001"}, {"id": "Rwy_01_004"}, {"id": "Txy_F1_002"}, {"id": "Txy_F1_003"}, {"id": "Rwy_02_005"}, {"id": "Txy_F1_004"}, {"id": "Txy_F_L"}, {"id": "Txy_F_005"}, {"id": "Txy_F_N"}, {"id": "Txy_F_004"}, {"id": "Txy_F_003"}, {"id": "Txy_F_002"}, {"id": "Txy_F_001"}, {"id": "Rwy_03_001"}, {"id": "Txy_C_001"}, {"id": "Txy_C_002"}, {"id": "Rwy_04_001"}>.RW28R.OFFSH1.KSFO.SUNSS8.I26.RW26.<{"id": "Rwy_01_003"}, {"id": "Txy_B3_001"}, {"id": "Txy_B_003"}, {"id": "Txy_B_004"}, {"id": "Txy_B_005"}, {"id": "Txy_B_006"}, {"id": "Txy_C_004"}, {"id": "Txy_C_005"}, {"id": "Txy_C_006"}, {"id": "Txy_C_007"}, {"id": "Ramp_05_005"}, {"id": "Ramp_05_104"}, {"id": "Txy_C_008"}, {"id": "Ramp_05_004"}, {"id": "Gate_03_023"}>.KPHX

TRACK_TIME 1121245840
TRACK SWA1954 B733 373638 1222286 130 0 28 ZOA ZOA46
    FP_ROUTE KSFO.<{"id": "Parking_01_001"}, {"id": "Ramp_01_004"}, {"id": "Ramp_01_005"}, {"id": "Ramp_01_006"}, {"id": "Ramp_01_007"}, {"id": "Txy_M_H"}, {"id": "Txy_M_001"}, {"id": "Txy_A_M"}, {"id": "Txy_B_M"}, {"id": "Txy_M_002"}, {"id": "Rwy_01_001"}>.RW01L.OFFSH1.KSFO.SUNSS8.I26.RW26.<{"id": "Rwy_01_003"}, {"id": "Txy_B3_001"}, {"id": "Txy_B_003"}, {"id": "Txy_B_004"}, {"id": "Txy_B_005"}, {"id": "Txy_B_006"}, {"id": "Txy_B_007"}, {"id": "Txy_B_008"}, {"id": "Txy_B_009"}, {"id": "Txy_B_010"}, {"id": "Txy_B_011"}, {"id": "Txy_B_012"}, {"id": "Txy_B_013"}, {"id": "Txy_B_014"}, {"id": "Txy_C_011"}, {"id": "Txy_C_012"}, {"id": "Ramp_03_007"}, {"id": "Ramp_03_006"}, {"id": "Txy_C_013"}, {"id": "Txy_C_014"}, {"id": "Ramp_02_007"}, {"id": "Ramp_02_006"}, {"id": "Txy_C_016"}, {"id": "Ramp_01_005"}, {"id": "Ramp_01_004"}, {"id": "Gate_04_B26"}>.KPHX

TRACK_TIME 1121246054
TRACK SWA1955 B733 373638 1222286 130 0 28 ZOA ZOA46
    FP_ROUTE KSFO.<{"id": "Gate_D_052"}, {"id": "Ramp_04_005"}, {"id": "Txy_A_008"}, {"id": "Txy_A_G"}, {"id": "Txy_B_G"}, {"id": "Txy_B_H"}, {"id": "Txy_B_M"}, {"id": "Txy_M_002"}, {"id": "Rwy_01_001"}>.RW01L.OFFSH1.KSFO.SUNSS8.I26.RW26.<{"id": "Rwy_01_003"}, {"id": "Txy_B3_001"}, {"id": "Txy_B_003"}, {"id": "Txy_B_004"}, {"id": "Txy_B_005"}, {"id": "Txy_B_006"}, {"id": "Txy_B_007"}, {"id": "Txy_B_008"}, {"id": "Txy_B_009"}, {"id": "Txy_B_010"}, {"id": "Txy_B_011"}, {"id": "Txy_B_012"}, {"id": "Txy_B_013"}, {"id": "Txy_B_014"}, {"id": "Txy_C_011"}, {"id": "Txy_C_012"}, {"id": "Ramp_03_007"}, {"id": "Ramp_03_006"}, {"id": "Txy_C_013"}, {"id": "Txy_C_014"}, {"id": "Ramp_02_007"}, {"id": "Ramp_02_006"}, {"id": "Txy_C_016"}, {"id": "Ramp_01_005"}, {"id": "Ramp_01_004"}, {"id": "Txy_C_017"}, {"id": "Ramp_01_003"}, {"id": "Ramp_01_001"}, {"id": "Ramp_01_002"}, {"id": "Gate_04_B23"}>.KPHX

TRACK_TIME 1121246266
TRACK SWA1956 B733 373638 1222286 130 0 28 ZOA ZOA46
    FP_ROUTE KSFO.<{"id": "Gate_G_92A"}, {"id": "Ramp_07_001"}, {"id": "Ramp_07_002"}, {"id": "Ramp_07_003"}, {"id": "Ramp_07_004"}, {"id": "Ramp_07_005"}, {"id": "Ramp_07_006"}, {"id": "Ramp_07_007"}, {"id": "Txy_B_B5"}, {"id": "Txy_B5_001"}, {"id": "Txy_A_B4"}, {"id": "Txy_A_B3"}, {"id": "Txy_A_B2"}, {"id": "Txy_A_B1"}, {"id": "Txy_A_016"}, {"id": "Txy_A_015"}, {"id": "Txy_A_012"}, {"id": "Txy_A_011"}, {"id": "Txy_A_D"}, {"id": "Txy_A_010"}, {"id": "Txy_A_E"}, {"id": "Txy_A_B"}, {"id": "Txy_F_010"}, {"id": "Txy_F_009"}, {"id": "Rwy_01_005"}, {"id": "Txy_F_008"}, {"id": "Txy_F_007"}, {"id": "Rwy_02_006"}, {"id": "Txy_F_006"}, {"id": "Txy_F_L"}, {"id": "Txy_F_005"}, {"id": "Txy_F_N"}, {"id": "Txy_F_004"}, {"id": "Txy_F_003"}, {"id": "Txy_F_002"}, {"id": "Txy_F_001"}, {"id": "Rwy_03_001"}>.RW28L.OFFSH1.KSFO.SUNSS8.I25L.RW25L.<{"id": "Rwy_03_001"}, {"id": "Txy_H1_001"}, {"id": "Txy_H_001"}, {"id": "Txy_H_004"}, {"id": "Txy_H_002"}, {"id": "Txy_H_003"}, {"id": "Txy_H_005"}, {"id": "Txy_H_007"}, {"id": "Ramp_15_003"}, {"id": "Parking_15_001"}>.KPHX

TRACK_TIME 1121246315
TRACK SWA1957 B733 373638 1222286 130 0 28 ZOA ZOA46
    FP_ROUTE KSFO.<{"id": "Gate_B_038"}, {"id": "Ramp_02_006"}, {"id": "Txy_H_005"}, {"id": "Txy_H_006"}, {"id": "Txy_A_004"}, {"id": "Txy_A_M"}, {"id": "Txy_A_003"}, {"id": "Txy_A_002"}, {"id": "Txy_A_A1"}, {"id": "Txy_A_001"}, {"id": "Rwy_02_001"}, {"id": "Rwy_02_002"}>.RW01R.OFFSH1.KSFO.SUNSS8.I26.RW26.<{"id": "Rwy_01_003"}, {"id": "Txy_B3_001"}, {"id": "Txy_B_003"}, {"id": "Txy_B_004"}, {"id": "Txy_B_005"}, {"id": "Txy_B_006"}, {"id": "Txy_B_007"}, {"id": "Txy_B_008"}, {"id": "Txy_B_009"}, {"id": "Txy_B_010"}, {"id": "Txy_B_011"}, {"id": "Txy_B_012"}, {"id": "Txy_B_013"}, {"id": "Txy_B_014"}, {"id": "Txy_C_011"}, {"id": "Txy_C_012"}, {"id": "Ramp_03_007"}, {"id": "Ramp_03_006"}, {"id": "Txy_C_013"}, {"id": "Txy_C_014"}, {"id": "Ramp_02_007"}, {"id": "Ramp_02_006"}, {"id": "Txy_C_016"}, {"id": "Ramp_01_005"}, {"id": "Gate_04_B24"}>.KPHX

TRACK_TIME 1121246428
TRACK SWA1958 B733 373638 1222286 130 0 28 ZOA ZOA46
    FP_ROUTE KSFO.<{"id": "Gate_B_32BC"}, {"id": "Ramp_03_004"}, {"id": "Txy_A_007"}, {"id": "Txy_A_G"}, {"id": "Txy_A_008"}, {"id": "Txy_A_F1"}, {"id": "Txy_B_F1"}, {"id": "Txy_F1_001"}, {"id": "Rwy_01_004"}, {"id": "Txy_F1_002"}, {"id": "Txy_F1_003"}, {"id": "Rwy_02_005"}, {"id": "Txy_F1_004"}, {"id": "Txy_F_L"}, {"id": "Txy_F_005"}, {"id": "Txy_F_N"}, {"id": "Txy_F_004"}, {"id": "Txy_F_003"}, {"id": "Txy_F_002"}, {"id": "Txy_F_001"}, {"id": "Rwy_03_001"}>.RW28L.OFFSH1.KSFO.SUNSS8.I25L.RW25L.<{"id": "Rwy_03_001"}, {"id": "Txy_G3_001"}, {"id": "Txy_F_001"}, {"id": "Txy_F_002"}, {"id": "Txy_F4_001"}, {"id": "Rwy_02_002"}, {"id": "Txy_E4_001"}, {"id": "Txy_E_003"}, {"id": "Txy_D_002"}, {"id": "Txy_D_003"}, {"id": "Txy_D_004"}, {"id": "Ramp_13_001"}, {"id": "Parking_13_001"}>.KPHX

TRACK_TIME 1121246584
TRACK SWA1959 B733 373638 1222286 130 0 28 ZOA ZOA46
    FP_ROUTE KSFO.<{"id": "Gate_G_101"}, {"id": "Ramp_07_010"}, {"id": "Ramp_07_008"}, {"id": "Txy_B_B5"}, {"id": "Txy_B5_001"}, {"id": "Txy_A_B4"}, {"id": "Txy_A_B3"}, {"id": "Txy_A_B2"}, {"id": "Txy_A_B1"}, {"id": "Txy_A_016"}, {"id": "Txy_A_015"}, {"id": "Txy_A_012"}, {"id": "Txy_A_011"}, {"id": "Txy_A_D"}, {"id": "Txy_A_010"}, {"id": "Txy_A_E"}, {"id": "Txy_A_B"}, {"id": "Txy_F_010"}, {"id": "Txy_F_009"}, {"id": "Rwy_01_005"}, {"id": "Txy_F_008"}, {"id": "Txy_F_007"}, {"id": "Rwy_02_006"}, {"id": "Txy_F_006"}, {"id": "Txy_F_L"}, {"id": "Txy_F_005"}, {"id": "Txy_F_N"}, {"id": "Txy_F_004"}, {"id": "Txy_F_003"}, {"id": "Txy_F_002"}, {"id": "Txy_F_001"}, {"id": "Rwy_03_001"}, {"id": "Txy_C_001"}, {"id": "Txy_C_002"}, {"id": "Rwy_04_001"}>.RW28R.OFFSH1.KSFO.SUNSS8.I26.RW26.<{"id": "Rwy_01_003"}, {"id": "Txy_B3_001"}, {"id": "Txy_B_003"}, {"id": "Txy_B_004"}, {"id": "Txy_B_005"}, {"id": "Txy_B_006"}, {"id": "Txy_B_007"}, {"id": "Txy_B_008"}, {"id": "Txy_B_009"}, {"id": "Txy_B_010"}, {"id": "Txy_B_011"}, {"id": "Txy_B_012"}, {"id": "Txy_B_013"}, {"id": "Txy_B_014"}, {"id": "Txy_C_011"}, {"id": "Txy_C_012"}, {"id": "Ramp_03_007"}, {"id": "Ramp_03_006"}, {"id": "Txy_C_013"}, {"id": "Txy_C_014"}, {"id": "Ramp_02_007"}, {"id": "Ramp_02_006"}, {"id": "Txy_C_016"}, {"id": "Ramp_01_006"}, {"id": "Ramp_01_007"}, {"id": "Ramp_01_008"}, {"id": "Ramp_01_009"}, {"id": "Gate_04_B16"}>.KPHX

TRACK_TIME 1121246738
TRACK SWA1960 B733 373638 1222286 130 0 28 ZOA ZOA46
    FP_ROUTE KSFO.<{"id": "Gate_01_070"}, {"id": "Ramp_05_009"}, {"id": "Ramp_05_008"}, {"id": "Ramp_05_007"}, {"id": "Txy_A_011"}, {"id": "Txy_A_D"}, {"id": "Txy_A_010"}, {"id": "Txy_A_E"}, {"id": "Txy_A_009"}, {"id": "Txy_A_F1"}, {"id": "Txy_A_008"}, {"id": "Txy_A_G"}, {"id": "Txy_A_007"}, {"id": "Txy_A_006"}, {"id": "Txy_A_005"}, {"id": "Txy_A_H"}, {"id": "Txy_A_004"}, {"id": "Txy_A_M"}, {"id": "Txy_A_003"}, {"id": "Txy_A_002"}, {"id": "Txy_A_A1"}, {"id": "Txy_A_001"}, {"id": "Rwy_02_001"}, {"id": "Rwy_02_002"}>.RW01R.OFFSH1.KSFO.SUNSS8.I26.RW26.<{"id": "Rwy_01_003"}, {"id": "Txy_B3_001"}, {"id": "Txy_B_003"}, {"id": "Txy_B_004"}, {"id": "Txy_B_005"}, {"id": "Txy_B_006"}, {"id": "Txy_B_007"}, {"id": "Txy_B_008"}, {"id": "Txy_B_009"}, {"id": "Txy_B_010"}, {"id": "Txy_B_011"}, {"id": "Txy_B_012"}, {"id": "Txy_C_009"}, {"id": "Txy_T_001"}, {"id": "Txy_T_002"}, {"id": "Txy_T_003"}, {"id": "Txy_D_011"}, {"id": "Txy_D_012"}, {"id": "Txy_D_013"}, {"id": "Ramp_08_001"}, {"id": "Ramp_08_002"}, {"id": "Ramp_08_003"}, {"id": "Gate_04_0D1"}>.KPHX

TRACK_TIME 1121246844
TRACK SWA1961 B733 373638 1222286 130 0 28 ZOA ZOA46
    FP_ROUTE KSFO.<{"id": "Gate_B_037"}, {"id": "Ramp_02_006"}, {"id": "Txy_H_005"}, {"id": "Txy_H_006"}, {"id": "Txy_A_004"}, {"id": "Txy_A_M"}, {"id": "Txy_B_M"}, {"id": "Txy_M_002"}, {"id": "Rwy_01_001"}>.RW01L.OFFSH1.KSFO.SUNSS8.I26.RW26.<{"id": "Rwy_01_003"}, {"id": "Txy_B3_001"}, {"id": "Txy_B_003"}, {"id": "Txy_B_004"}, {"id": "Txy_B_005"}, {"id": "Txy_B_006"}, {"id": "Txy_B_007"}, {"id": "Txy_B_008"}, {"id": "Txy_B_009"}, {"id": "Txy_B_010"}, {"id": "Txy_B_011"}, {"id": "Txy_B_012"}, {"id": "Txy_B_013"}, {"id": "Txy_C_010"}, {"id": "Ramp_04_009"}, {"id": "Ramp_04_008"}, {"id": "Gate_04_A29"}>.KPHX

TRACK_TIME 1121247026
TRACK SWA1962 B733 373638 1222286 130 0 28 ZOA ZOA46
    FP_ROUTE KSFO.<{"id": "Gate_C_043"}, {"id": "Ramp_04_002"}, {"id": "Ramp_04_003"}, {"id": "Ramp_04_004"}, {"id": "Txy_A_008"}, {"id": "Txy_A_G"}, {"id": "Txy_B_G"}, {"id": "Txy_B_H"}, {"id": "Txy_B_M"}, {"id": "Txy_M_002"}, {"id": "Rwy_01_001"}>.RW01L.OFFSH1.KSFO.SUNSS8.I26.RW26.<{"id": "Rwy_01_003"}, {"id": "Txy_B3_001"}, {"id": "Txy_B_003"}, {"id": "Txy_B_004"}, {"id": "Txy_B_005"}, {"id": "Txy_B_006"}, {"id": "Txy_B_007"}, {"id": "Txy_B_008"}, {"id": "Txy_B_009"}, {"id": "Txy_B_010"}, {"id": "Txy_B_011"}, {"id": "Txy_B_012"}, {"id": "Txy_B_013"}, {"id": "Txy_B_014"}, {"id": "Txy_C_011"}, {"id": "Txy_C_012"}, {"id": "Ramp_03_007"}, {"id": "Ramp_03_006"}, {"id": "Txy_C_013"}, {"id": "Txy_C_014"}, {"id": "Ramp_02_007"}, {"id": "Ramp_02_006"}, {"id": "Txy_C_016"}, {"id": "Ramp_01_005"}, {"id": "Ramp_01_004"}, {"id": "Txy_C_017"}, {"id": "Ramp_01_003"}, {"id": "Ramp_01_001"}, {"id": "Txy_R_003"}, {"id": "Txy_R_004"}, {"id": "Txy_R_005"}, {"id": "Ramp_17_001"}, {"id": "Parking_17_001"}>.KPHX

TRACK_TIME 1121247212
TRACK SWA1963 B733 373638 1222286 130 0 28 ZOA ZOA46
    FP_ROUTE KSFO.<{"id": "Gate_06_003"}, {"id": "Ramp_06_001"}, {"id": "Ramp_06_002"}, {"id": "Ramp_06_003"}, {"id": "Ramp_06_004"}, {"id": "Txy_A_012"}, {"id": "Txy_A_011"}, {"id": "Txy_A_D"}, {"id": "Txy_A_010"}, {"id": "Txy_A_E"}, {"id": "Txy_A_009"}, {"id": "Txy_A_F1"}, {"id": "Txy_A_008"}, {"id": "Txy_A_G"}, {"id": "Txy_B_G"}, {"id": "Txy_B_H"}, {"id": "Txy_B_M"}, {"id": "Txy_M_002"}, {"id": "Rwy_01_001"}>.RW01L.OFFSH1.KSFO.SUNSS8.I25L.RW25L.<{"id": "Rwy_03_001"}, {"id": "Txy_G3_001"}, {"id": "Txy_F_001"}, {"id": "Txy_F_002"}, {"id": "Txy_F4_001"}, {"id": "Rwy_02_002"}, {"id": "Txy_E4_001"}, {"id": "Txy_E_003"}, {"id": "Txy_D_002"}, {"id": "Txy_D_003"}, {"id": "Txy_D_004"}, {"id": "Txy_D_005"}, {"id": "Txy_D_006"}, {"id": "Txy_D_007"}, {"id": "Txy_D_008"}, {"id": "Txy_D_009"}, {"id": "Txy_D_010"}, {"id": "Txy_D_011"}, {"id": "Txy_T_003"}, {"id": "Txy_T_002"}, {"id": "Txy_T_001"}, {"id": "Txy_C_009"}, {"id": "Txy_B_012"}, {"id": "Txy_B_011"}, {"id": "Txy_B_010"}, {"id": "Txy_B_009"}, {"id": "Txy_B6_001"}, {"id": "Rwy_01_006"}, {"id": "Txy_A5_001"}, {"id": "Txy_A_009"}, {"id": "Txy_A_008"}, {"id": "Txy_A_007"}, {"id": "Ramp_16_003"}, {"id": "Parking_16_002"}, {"id": "Ramp_16_002"}, {"id": "Parking_16_001"}>.KPHX

TRACK_TIME 1121247342
TRACK SWA1964 B733 373638 1222286 130 0 28 ZOA ZOA46
    FP_ROUTE KSFO.<{"id": "Parking_02_001"}, {"id": "Ramp_07_009"}, {"id": "Ramp_07_008"}, {"id": "Txy_B_B5"}, {"id": "Txy_B5_001"}, {"id": "Txy_A_B4"}, {"id": "Txy_A_B3"}, {"id": "Txy_A_B2"}, {"id": "Txy_A_B1"}, {"id": "Txy_A_016"}, {"id": "Txy_A_015"}, {"id": "Txy_A_012"}, {"id": "Txy_A_011"}, {"id": "Txy_A_D"}, {"id": "Txy_A_010"}, {"id": "Txy_A_E"}, {"id": "Txy_A_B"}, {"id": "Txy_F_010"}, {"id": "Txy_F_009"}, {"id": "Rwy_01_005"}, {"id": "Txy_F_008"}, {"id": "Txy_F_007"}, {"id": "Rwy_02_006"}, {"id": "Txy_F_006"}, {"id": "Txy_F_L"}, {"id": "Txy_F_005"}, {"id": "Txy_F_N"}, {"id": "Txy_F_004"}, {"id": "Txy_F_003"}, {"id": "Txy_F_002"}, {"id": "Txy_F_001"}, {"id": "Rwy_03_001"}>.RW28L.OFFSH1.KSFO.SUNSS8.I26.RW26.<{"id": "Rwy_01_003"}, {"id": "Txy_B3_001"}, {"id": "Txy_B_003"}, {"id": "Txy_B_004"}, {"id": "Txy_B_005"}, {"id": "Txy_B_006"}, {"id": "Txy_B_007"}, {"id": "Txy_B_008"}, {"id": "Txy_B_009"}, {"id": "Txy_B_010"}, {"id": "Txy_B_011"}, {"id": "Txy_B_012"}, {"id": "Txy_B_013"}, {"id": "Txy_B_014"}, {"id": "Txy_C_011"}, {"id": "Txy_C_012"}, {"id": "Ramp_03_007"}, {"id": "Ramp_03_006"}, {"id": "Txy_C_013"}, {"id": "Txy_C_014"}, {"id": "Ramp_02_007"}, {"id": "Ramp_02_006"}, {"id": "Txy_C_016"}, {"id": "Ramp_01_005"}, {"id": "Ramp_01_004"}, {"id": "Txy_C_017"}, {"id": "Ramp_01_003"}, {"id": "Ramp_01_001"}, {"id": "Ramp_01_002"}, {"id": "Gate_04_B19"}>.KPHX

TRACK_TIME 1121247446
TRACK SWA1965 B733 373638 1222286 130 0 28 ZOA ZOA46
    FP_ROUTE KSFO.<{"id": "Gate_01_073"}, {"id": "Ramp_06_024"}, {"id": "Ramp_06_020"}, {"id": "Ramp_06_019"}, {"id": "Ramp_06_018"}, {"id": "Ramp_06_017"}, {"id": "Ramp_06_016"}, {"id": "Ramp_06_015"}, {"id": "Txy_A_B4"}, {"id": "Txy_A_B3"}, {"id": "Txy_A_B2"}, {"id": "Txy_A_B1"}, {"id": "Txy_A_016"}, {"id": "Txy_A_015"}, {"id": "Txy_A_012"}, {"id": "Txy_A_011"}, {"id": "Txy_A_D"}, {"id": "Txy_A_010"}, {"id": "Txy_A_E"}, {"id": "Txy_A_B"}, {"id": "Txy_F_010"}, {"id": "Txy_F_009"}, {"id": "Rwy_01_005"}, {"id": "Txy_F_008"}, {"id": "Txy_F_007"}, {"id": "Rwy_02_006"}, {"id": "Txy_F_006"}, {"id": "Txy_F_L"}, {"id": "Txy_F_005"}, {"id": "Txy_F_N"}, {"id": "Txy_F_004"}, {"id": "Txy_F_003"}, {"id": "Txy_F_002"}, {"id": "Txy_F_001"}, {"id": "Rwy_03_001"}>.RW28L.OFFSH1.KSFO.SUNSS8.I26.RW26.<{"id": "Rwy_01_003"}, {"id": "Txy_B3_001"}, {"id": "Txy_B_003"}, {"id": "Txy_B_004"}, {"id": "Txy_B_005"}, {"id": "Txy_B_006"}, {"id": "Txy_B_007"}, {"id": "Txy_B_008"}, {"id": "Txy_B_009"}, {"id": "Txy_B_010"}, {"id": "Txy_B_011"}, {"id": "Txy_B_012"}, {"id": "Txy_B_013"}, {"id": "Txy_B_014"}, {"id": "Txy_C_011"}, {"id": "Txy_C_012"}, {"id": "Ramp_03_009"}, {"id": "Ramp_03_010"}, {"id": "Ramp_03_011"}, {"id": "Ramp_03_012"}, {"id": "Ramp_03_013"}, {"id": "Gate_04_0A4"}>.KPHX

TRACK_TIME 1121247660
TRACK SWA1966 B733 373638 1222286 130 0 28 ZOA ZOA46
    FP_ROUTE KSFO.<{"id": "Parking_04_001"}, {"id": "Txy_S_004"}, {"id": "Txy_Z_008"}, {"id": "Txy_Z_U"}, {"id": "Txy_C_U"}, {"id": "Txy_C_017"}, {"id": "Txy_C_R"}, {"id": "Txy_C_016"}, {"id": "Txy_C_015"}, {"id": "Txy_C_014"}, {"id": "Txy_C_013"}, {"id": "Txy_C_K"}, {"id": "Txy_C_012"}, {"id": "Txy_C_011"}, {"id": "Txy_C_D"}, {"id": "Txy_C_010"}, {"id": "Txy_C_009"}, {"id": "Txy_C_E"}, {"id": "Txy_C_008"}, {"id": "Rwy_01_006"}, {"id": "Txy_C_007"}, {"id": "Txy_C_006"}, {"id": "Rwy_02_007"}, {"id": "Txy_C_005"}, {"id": "Txy_C_L"}, {"id": "Txy_C_P"}, {"id": "Txy_C_N"}, {"id": "Txy_C_W"}, {"id": "Txy_C_004"}, {"id": "Txy_C_003"}, {"id": "Rwy_04_001"}, {"id": "Txy_C_002"}, {"id": "Txy_C_001"}, {"id": "Rwy_03_001"}>.RW28L.OFFSH1.KSFO.SUNSS8.I25L.RW25L.<{"id": "Rwy_03_001"}, {"id": "Txy_G3_001"}, {"id": "Txy_F_001"}, {"id": "Txy_F_002"}, {"id": "Txy_F4_001"}, {"id": "Rwy_02_002"}, {"id": "Txy_E4_001"}, {"id": "Txy_E_003"}, {"id": "Txy_D_002"}, {"id": "Txy_D_003"}, {"id": "Txy_D_004"}, {"id": "Txy_D_005"}, {"id": "Txy_D_006"}, {"id": "Txy_D_007"}, {"id": "Txy_D_008"}, {"id": "Txy_D_009"}, {"id": "Txy_D_010"}, {"id": "Txy_D_011"}, {"id": "Txy_T_003"}, {"id": "Txy_T_002"}, {"id": "Txy_T_001"}, {"id": "Txy_C_009"}, {"id": "Txy_C_010"}, {"id": "Ramp_04_009"}, {"id": "Ramp_04_008"}, {"id": "Ramp_04_007"}, {"id": "Gate_04_A27"}>.KPHX

TRACK_TIME 1121247812
TRACK SWA1967 B733 373638 1222286 130 0 28 ZOA ZOA46
    FP_ROUTE KSFO.<{"id": "Gate_C_041"}, {"id": "Ramp_04_001"}, {"id": "Ramp_04_002"}, {"id": "Ramp_04_003"}, {"id": "Ramp_04_004"}, {"id": "Txy_A_008"}, {"id": "Txy_A_G"}, {"id": "Txy_B_G"}, {"id": "Txy_B_H"}, {"id": "Txy_B_M"}, {"id": "Txy_M_002"}, {"id": "Rwy_01_001"}>.RW01L.OFFSH1.KSFO.SUNSS8.I26.RW26.<{"id": "Rwy_01_003"}, {"id": "Txy_B3_001"}, {"id": "Txy_B_003"}, {"id": "Txy_B_004"}, {"id": "Txy_B_005"}, {"id": "Txy_B_006"}, {"id": "Txy_C_004"}, {"id": "Txy_C_005"}, {"id": "Txy_C_006"}, {"id": "Txy_C_007"}, {"id": "Ramp_05_005"}, {"id": "Ramp_05_104"}, {"id": "Txy_C_008"}, {"id": "Ramp_05_004"}, {"id": "Ramp_05_003"}, {"id": "Gate_03_019"}>.KPHX

TRACK_TIME 1121247966
TRACK SWA1968 B733 373638 1222286 130 0 28 ZOA ZOA46
    FP_ROUTE KSFO.<{"id": "Gate_D_057"}, {"id": "Ramp_05_002"}, {"id": "Ramp_05_003"}, {"id": "Txy_A_010"}, {"id": "Txy_A_E"}, {"id": "Txy_A_009"}, {"id": "Txy_A_F1"}, {"id": "Txy_A_008"}, {"id": "Txy_A_G"}, {"id": "Txy_A_007"}, {"id": "Txy_A_006"}, {"id": "Txy_A_005"}, {"id": "Txy_A_H"}, {"id": "Txy_A_004"}, {"id": "Txy_A_M"}, {"id": "Txy_A_003"}, {"id": "Txy_A_002"}, {"id": "Txy_A_A1"}, {"id": "Txy_A_001"}, {"id": "Rwy_02_001"}, {"id": "Rwy_02_002"}>.RW01R.OFFSH1.KSFO.SUNSS8.I25L.RW25L.<{"id": "Rwy_03_001"}, {"id": "Txy_G3_001"}, {"id": "Txy_F_001"}, {"id": "Txy_F_002"}, {"id": "Txy_F_003"}, {"id": "Txy_F_004"}, {"id": "Txy_F_005"}, {"id": "Txy_F_006"}, {"id": "Txy_F_007"}, {"id": "Txy_F_008"}, {"id": "Txy_F_009"}, {"id": "Txy_F_010"}, {"id": "Txy_F_011"}, {"id": "Txy_F_012"}, {"id": "Txy_F_013"}, {"id": "Txy_F13_001"}, {"id": "Rwy_02_018"}, {"id": "Txy_E13_001"}, {"id": "Txy_R_006"}, {"id": "Txy_R_007"}, {"id": "Txy_R_005"}, {"id": "Txy_R_004"}, {"id": "Ramp_01_002"}, {"id": "Gate_04_B15"}>.KPHX

TRACK_TIME 1121248119
TRACK SWA1969 B733 373638 1222286 130 0 28 ZOA ZOA46
    FP_ROUTE KSFO.<{"id": "Parking_06_001"}, {"id": "Txy_Z_013"}, {"id": "Txy_Z_012"}, {"id": "Txy_Z_010"}, {"id": "Txy_Z_009"}, {"id": "Txy_Z_U"}, {"id": "Txy_C_U"}, {"id": "Txy_C_017"}, {"id": "Txy_C_R"}, {"id": "Txy_C_016"}, {"id": "Txy_C_015"}, {"id": "Txy_C_014"}, {"id": "Txy_C_013"}, {"id": "Txy_C_K"}, {"id": "Txy_C_012"}, {"id": "Txy_C_011"}, {"id": "Txy_C_D"}, {"id": "Txy_C_010"}, {"id": "Txy_C_009"}, {"id": "Txy_C_E"}, {"id": "Txy_C_008"}, {"id": "Rwy_01_006"}, {"id": "Txy_C_007"}, {"id": "Txy_C_006"}, {"id": "Rwy_02_007"}, {"id": "Txy_C_005"}, {"id": "Txy_C_L"}, {"id": "Txy_C_P"}, {"id": "Txy_C_N"}, {"id": "Txy_C_W"}, {"id": "Txy_C_004"}, {"id": "Txy_C_003"}, {"id": "Rwy_04_001"}>.RW28R.OFFSH1.KSFO.SUNSS8.I25L.RW25L.<{"id": "Rwy_03_001"}, {"id": "Txy_G3_001"}, {"id": "Txy_F_001"}, {"id": "Txy_F_002"}, {"id": "Txy_F4_001"}, {"id": "Rwy_02_002"}, {"id": "Txy_E4_001"}, {"id": "Txy_E_003"}, {"id": "Txy_D_002"}, {"id": "Txy_D_003"}, {"id": "Txy_D_004"}, {"id": "Txy_D_005"}, {"id": "Txy_D_006"}, {"id": "Txy_D_007"}, {"id": "Txy_D_008"}, {"id": "Txy_D_009"}, {"id": "Txy_D_010"}, {"id": "Txy_D_011"}, {"id": "Txy_T_003"}, {"id": "Txy_T_002"}, {"id": "Ramp_05_004"}, {"id": "Ramp_05_003"}, {"id": "Ramp_05_002"}, {"id": "Ramp_05_001"}, {"id": "Gate_03_015"}>.KPHX

TRACK_TIME 1121248310
TRACK SWA1970 B733 373638 1222286 130 0 28 ZOA ZOA46
    FP_ROUTE KSFO.<{"id": "Parking_05_001"}, {"id": "Txy_Z_011"}, {"id": "Txy_Z_010"}, {"id": "Txy_Z_009"}, {"id": "Txy_Z_U"}, {"id": "Txy_C_U"}, {"id": "Txy_C_017"}, {"id": "Txy_C_R"}, {"id": "Txy_C_016"}, {"id": "Txy_C_015"}, {"id": "Txy_C_014"}, {"id": "Txy_C_013"}, {"id": "Txy_C_K"}, {"id": "Txy_C_012"}, {"id": "Txy_C_011"}, {"id": "Txy_C_D"}, {"id": "Txy_D_004"}, {"id": "Rwy_04_010"}, {"id": "Txy_D_003"}, {"id": "Txy_D_002"}, {"id": "Rwy_03_006"}, {"id": "Txy_D_001"}, {"id": "Txy_B_D"}, {"id": "Txy_E_B"}, {"id": "Txy_A_B"}, {"id": "Txy_B_001"}, {"id": "Txy_B_F1"}, {"id": "Txy_B_G"}, {"id": "Txy_B_H"}, {"id": "Txy_B_M"}, {"id": "Txy_M_002"}, {"id": "Rwy_01_001"}>.RW01L.OFFSH1.KSFO.SUNSS8.I26.RW26.<{"id": "Rwy_01_003"}, {"id": "Txy_B3_001"}, {"id": "Txy_B_003"}, {"id": "Txy_B_004"}, {"id": "Txy_B_005"}, {"id": "Txy_B_006"}, {"id": "Txy_B_007"}, {"id": "Txy_B_008"}, {"id": "Txy_B_009"}, {"id": "Txy_B_010"}, {"id": "Txy_B_011"}, {"id": "Txy_B_012"}, {"id": "Txy_B_013"}, {"id": "Txy_B_014"}, {"id": "Txy_C_011"}, {"id": "Txy_C_012"}, {"id": "Ramp_03_007"}, {"id": "Ramp_03_006"}, {"id": "Txy_C_013"}, {"id": "Txy_C_014"}, {"id": "Ramp_02_007"}, {"id": "Ramp_02_006"}, {"id": "Txy_C_016"}, {"id": "Ramp_01_005"}, {"id": "Ramp_01_004"}, {"id": "Txy_C_017"}, {"id": "Ramp_01_003"}, {"id": "Gate_04_B28"}>.KPHX

TRACK_TIME 1121248374
TRACK SWA1971 B733 373638 1222286 130 0 28 ZOA ZOA46
    FP_ROUTE KSFO.<{"id": "Gate_F_088"}, {"id": "Ramp_06_013"}, {"id": "Txy_A_B3"}, {"id": "Txy_A_B2"}, {"id": "Txy_A_B1"}, {"id": "Txy_A_016"}, {"id": "Txy_A_015"}, {"id": "Txy_A_012"}, {"id": "Txy_A_011"}, {"id": "Txy_A_D"}, {"id": "Txy_A_010"}, {"id": "Txy_A_E"}, {"id": "Txy_A_B"}, {"id": "Txy_F_010"}, {"id": "Txy_F_009"}, {"id": "Rwy_01_005"}, {"id": "Txy_F_008"}, {"id": "Txy_F_007"}, {"id": "Rwy_02_006"}, {"id": "Txy_F_006"}, {"id": "Txy_F_L"}, {"id": "Txy_F_005"}, {"id": "Txy_F_N"}, {"id": "Txy_F_004"}, {"id": "Txy_F_003"}, {"id": "Txy_F_002"}, {"id": "Txy_F_001"}, {"id": "Rwy_03_001"}>.RW28L.OFFSH1.KSFO.SUNSS8.I25L.RW25L.<{"id": "Rwy_03_001"}, {"id": "Txy_G3_001"}, {"id": "Txy_F_001"}, {"id": "Txy_F_002"}, {"id": "Txy_F4_001"}, {"id": "Rwy_02_002"}, {"id": "Txy_E4_001"}, {"id": "Txy_E_003"}, {"id": "Txy_D_002"}, {"id": "Txy_D_003"}, {"id": "Txy_D_004"}, {"id": "Txy_D_005"}, {"id": "Txy_D_006"}, {"id": "Txy_D_007"}, {"id": "Txy_D_008"}, {"id": "Txy_D_009"}, {"id": "Txy_D_010"}, {"id": "Txy_D_011"}, {"id": "Txy_T_003"}, {"id": "Txy_T_002"}, {"id": "Txy_T_001"}, {"id": "Txy_C_009"}, {"id": "Txy_C_010"}, {"id": "Ramp_04_009"}, {"id": "Ramp_04_008"}, {"id": "Ramp_04_007"}, {"id": "Txy_C_011"}, {"id": "Ramp_04_006"}, {"id": "Ramp_04_005"}, {"id": "Ramp_04_004"}, {"id": "Ramp_04_003"}, {"id": "Ramp_04_002"}, {"id": "Ramp_04_001"}, {"id": "Gate_04_A15"}>.KPHX

TRACK_TIME 1121248592
TRACK SWA1972 B733 373638 1222286 130 0 28 ZOA ZOA46
    FP_ROUTE KSFO.<{"id": "Gate_01_074"}, {"id": "Ramp_07_001"}, {"id": "Ramp_07_002"}, {"id": "Ramp_07_003"}, {"id": "Ramp_07_004"}, {"id": "Ramp_07_005"}, {"id": "Ramp_07_006"}, {"id": "Ramp_07_007"}, {"id": "Txy_B_B5"}, {"id": "Txy_B5_001"}, {"id": "Txy_A_B4"}, {"id": "Txy_A_B3"}, {"id": "Txy_A_B2"}, {"id": "Txy_A_B1"}, {"id": "Txy_A_016"}, {"id": "Txy_A_015"}, {"id": "Txy_A_012"}, {"id": "Txy_A_011"}, {"id": "Txy_A_D"}, {"id": "Txy_A_010"}, {"id": "Txy_A_E"}, {"id": "Txy_A_B"}, {"id": "Txy_F_010"}, {"id": "Txy_F_009"}, {"id": "Rwy_01_005"}, {"id": "Txy_F_008"}, {"id": "Txy_F_007"}, {"id": "Rwy_02_006"}, {"id": "Txy_F_006"}, {"id": "Txy_F_L"}, {"id": "Txy_F_005"}, {"id": "Txy_F_N"}, {"id": "Txy_F_004"}, {"id": "Txy_F_003"}, {"id": "Txy_F_002"}, {"id": "Txy_F_001"}, {"id": "Rwy_03_001"}>.RW28L.OFFSH1.KSFO.SUNSS8.I25L.RW25L.<{"id": "Rwy_03_001"}, {"id": "Txy_G3_001"}, {"id": "Txy_F_001"}, {"id": "Txy_F_002"}, {"id": "Txy_F4_001"}, {"id": "Rwy_02_002"}, {"id": "Txy_E4_001"}, {"id": "Txy_E_003"}, {"id": "Txy_D_002"}, {"id": "Txy_D_003"}, {"id": "Txy_D_004"}, {"id": "Txy_D_005"}, {"id": "Txy_D_006"}, {"id": "Txy_D_007"}, {"id": "Txy_D_008"}, {"id": "Txy_D_009"}, {"id": "Txy_D_010"}, {"id": "Txy_D_011"}, {"id": "Txy_D_012"}, {"id": "Txy_S_003"}, {"id": "Txy_S_002"}, {"id": "Ramp_04_012"}, {"id": "Ramp_04_011"}, {"id": "Ramp_04_010"}, {"id": "Ramp_04_009"}, {"id": "Ramp_04_008"}, {"id": "Ramp_04_007"}, {"id": "Txy_C_011"}, {"id": "Txy_C_012"}, {"id": "Ramp_03_007"}, {"id": "Ramp_03_006"}, {"id": "Txy_C_013"}, {"id": "Txy_C_014"}, {"id": "Ramp_02_007"}, {"id": "Ramp_02_006"}, {"id": "Txy_C_016"}, {"id": "Ramp_02_005"}, {"id": "Ramp_02_004"}, {"id": "Gate_04_0B9"}>.KPHX

TRACK_TIME 1121248802
TRACK SWA1973 B733 373638 1222286 130 0 28 ZOA ZOA46
    FP_ROUTE KSFO.<{"id": "Gate_E_068"}, {"id": "Ramp_05_009"}, {"id": "Ramp_05_008"}, {"id": "Ramp_05_007"}, {"id": "Txy_A_011"}, {"id": "Txy_A_D"}, {"id": "Txy_A_010"}, {"id": "Txy_A_E"}, {"id": "Txy_A_B"}, {"id": "Txy_F_010"}, {"id": "Txy_F_009"}, {"id": "Rwy_01_005"}, {"id": "Txy_F_008"}, {"id": "Txy_F_007"}, {"id": "Rwy_02_006"}, {"id": "Txy_F_006"}, {"id": "Txy_F_L"}, {"id": "Txy_F_005"}, {"id": "Txy_F_N"}, {"id": "Txy_F_004"}, {"id": "Txy_F_003"}, {"id": "Txy_F_002"}, {"id": "Txy_F_001"}, {"id": "Rwy_03_001"}, {"id": "Txy_C_001"}, {"id": "Txy_C_002"}, {"id": "Rwy_04_001"}>.RW28R.OFFSH1.KSFO.SUNSS8.I25L.RW25L.<{"id": "Rwy_03_001"}, {"id": "Txy_G3_001"}, {"id": "Txy_F_001"}, {"id": "Txy_F_002"}, {"id": "Txy_F4_001"}, {"id": "Rwy_02_002"}, {"id": "Txy_E4_001"}, {"id": "Txy_E_003"}, {"id": "Txy_D_002"}, {"id": "Txy_D_003"}, {"id": "Txy_D_004"}, {"id": "Txy_D_005"}, {"id": "Txy_D_006"}, {"id": "Txy_D_007"}, {"id": "Txy_D_008"}, {"id": "Txy_D_009"}, {"id": "Txy_D_010"}, {"id": "Txy_D_011"}, {"id": "Txy_D_012"}, {"id": "Txy_S_003"}, {"id": "Txy_S_002"}, {"id": "Ramp_04_012"}, {"id": "Ramp_04_011"}, {"id": "Ramp_04_010"}, {"id": "Gate_04_A28"}>.KPHX

TRACK_TIME 1121248887
TRACK SWA1974 B733 373638 1222286 130 0 28 ZOA ZOA46
    FP_ROUTE KSFO.<{"id": "Gate_D_055"}, {"id": "Ramp_04_009"}, {"id": "Txy_A_009"}, {"id": "Txy_A_B"}, {"id": "Txy_F_010"}, {"id": "Txy_F_009"}, {"id": "Rwy_01_005"}, {"id": "Txy_F_008"}, {"id": "Txy_F_007"}, {"id": "Rwy_02_006"}, {"id": "Txy_F_006"}, {"id": "Txy_F_L"}, {"id": "Txy_F_005"}, {"id": "Txy_F_N"}, {"id": "Txy_F_004"}, {"id": "Txy_F_003"}, {"id": "Txy_F_002"}, {"id": "Txy_F_001"}, {"id": "Rwy_03_001"}>.RW28L.OFFSH1.KSFO.SUNSS8.I25L.RW25L.<{"id": "Rwy_03_001"}, {"id": "Txy_G3_001"}, {"id": "Txy_F_001"}, {"id": "Txy_F_002"}, {"id": "Txy_F_003"}, {"id": "Txy_F_004"}, {"id": "Txy_F_005"}, {"id": "Txy_F_006"}, {"id": "Txy_F_007"}, {"id": "Txy_F_008"}, {"id": "Txy_F_009"}, {"id": "Txy_F_010"}, {"id": "Txy_F_011"}, {"id": "Txy_F_012"}, {"id": "Txy_F_013"}, {"id": "Txy_F13_001"}, {"id": "Rwy_02_018"}, {"id": "Txy_E13_001"}, {"id": "Txy_R_006"}, {"id": "Txy_R_007"}, {"id": "Txy_R_005"}, {"id": "Txy_R_004"}, {"id": "Ramp_01_002"}, {"id": "Gate_04_B17"}>.KPHX

TRACK_TIME 1121249107
TRACK SWA1975 B733 373638 1222286 130 0 28 ZOA ZOA46
    FP_ROUTE KSFO.<{"id": "Gate_C_047"}, {"id": "Ramp_03_006"}, {"id": "Txy_A_G"}, {"id": "Txy_A_007"}, {"id": "Txy_A_006"}, {"id": "Txy_A_005"}, {"id": "Txy_A_H"}, {"id": "Txy_A_004"}, {"id": "Txy_A_M"}, {"id": "Txy_A_003"}, {"id": "Txy_A_002"}, {"id": "Txy_A_A1"}, {"id": "Txy_A_001"}, {"id": "Rwy_02_001"}, {"id": "Rwy_02_002"}>.RW01R.OFFSH1.KSFO.SUNSS8.I25L.RW25L.<{"id": "Rwy_03_001"}, {"id": "Txy_G3_001"}, {"id": "Txy_F_001"}, {"id": "Txy_F_002"}, {"id": "Txy_F_003"}, {"id": "Txy_F_004"}, {"id": "Txy_F_005"}, {"id": "Txy_F6_001"}, {"id": "Rwy_02_005"}, {"id": "Txy_E6_001"}, {"id": "Txy_E_007"}, {"id": "Txy_E_008"}, {"id": "Txy_E_009"}, {"id": "Txy_E_010"}, {"id": "Txy_E_011"}, {"id": "Txy_E_012"}, {"id": "Txy_E_013"}, {"id": "Txy_E_014"}, {"id": "Txy_E_015"}, {"id": "Txy_E_016"}, {"id": "Txy_E_017"}, {"id": "Txy_D_013"}, {"id": "Ramp_08_004"}, {"id": "Ramp_08_005"}, {"id": "Txy_D_014"}, {"id": "Ramp_09_004"}, {"id": "Ramp_09_005"}, {"id": "Txy_D_015"}, {"id": "Ramp_09_006"}, {"id": "Ramp_09_007"}, {"id": "Ramp_09_008"}, {"id": "Gate_04_0C2"}>.KPHX

TRACK_TIME 1121249181
TRACK SWA1976 B733 373638 1222286 130 0 28 ZOA ZOA46
    FP_ROUTE KSFO.<{"id": "Gate_A_011"}, {"id": "Ramp_01_005"}, {"id": "Ramp_01_006"}, {"id": "Ramp_01_007"}, {"id": "Txy_M_H"}, {"id": "Txy_M_001"}, {"id": "Txy_A_M"}, {"id": "Txy_A_003"}, {"id": "Txy_A_002"}, {"id": "Txy_A_A1"}, {"id": "Txy_A_001"}, {"id": "Rwy_02_001"}, {"id": "Rwy_02_002"}>.RW01R.OFFSH1.KSFO.SUNSS8.I26.RW26.<{"id": "Rwy_01_003"}, {"id": "Txy_B3_001"}, {"id": "Txy_B_003"}, {"id": "Txy_B_004"}, {"id": "Txy_B_005"}, {"id": "Txy_B_006"}, {"id": "Txy_B_007"}, {"id": "Txy_B_008"}, {"id": "Txy_B_009"}, {"id": "Txy_B_010"}, {"id": "Txy_B_011"}, {"id": "Txy_B_012"}, {"id": "Txy_C_009"}, {"id": "Txy_T_001"}, {"id": "Txy_T_002"}, {"id": "Txy_T_003"}, {"id": "Txy_D_011"}, {"id": "Txy_D_012"}, {"id": "Txy_D_013"}, {"id": "Ramp_08_004"}, {"id": "Ramp_08_005"}, {"id": "Txy_D_014"}, {"id": "Ramp_08_007"}, {"id": "Ramp_08_008"}, {"id": "Ramp_08_009"}, {"id": "Gate_04_0D2"}>.KPHX

TRACK_TIME 1121249301
TRACK SWA1977 B733 373638 1222286 130 0 28 ZOA ZOA46
    FP_ROUTE KSFO.<{"id": "Gate_C_044"}, {"id": "Ramp_03_003"}, {"id": "Ramp_03_004"}, {"id": "Txy_A_007"}, {"id": "Txy_A_G"}, {"id": "Txy_A_008"}, {"id": "Txy_A_F1"}, {"id": "Txy_B_F1"}, {"id": "Txy_F1_001"}, {"id": "Rwy_01_004"}, {"id": "Txy_F1_002"}, {"id": "Txy_F1_003"}, {"id": "Rwy_02_005"}, {"id": "Txy_F1_004"}, {"id": "Txy_F_L"}, {"id": "Txy_F_005"}, {"id": "Txy_F_N"}, {"id": "Txy_F_004"}, {"id": "Txy_F_003"}, {"id": "Txy_F_002"}, {"id": "Txy_F_001"}, {"id": "Rwy_03_001"}>.RW28L.OFFSH1.KSFO.SUNSS8.I25L.RW25L.<{"id": "Rwy_03_001"}, {"id": "Txy_G3_001"}, {"id": "Txy_F_001"}, {"id": "Txy_F_002"}, {"id": "Txy_F4_001"}, {"id": "Rwy_02_002"}, {"id": "Txy_E4_001"}, {"id": "Txy_E_003"}, {"id": "Txy_D_002"}, {"id": "Txy_D_003"}, {"id": "Txy_D_004"}, {"id": "Txy_D_005"}, {"id": "Txy_D_006"}, {"id": "Txy_D_007"}, {"id": "Ramp_06_007"}, {"id": "Ramp_06_008"}, {"id": "Ramp_06_009"}, {"id": "Ramp_06_010"}, {"id": "Ramp_06_011"}, {"id": "Gate_02_002"}>.KPHX

TRACK_TIME 1121249436
TRACK SWA1978 B733 373638 1222286 130 0 28 ZOA ZOA46
    FP_ROUTE KSFO.<{"id": "Gate_G_098"}, {"id": "Ramp_07_006"}, {"id": "Ramp_07_007"}, {"id": "Txy_B_B5"}, {"id": "Txy_B5_001"}, {"id": "Txy_A_B4"}, {"id": "Txy_A_B3"}, {"id": "Txy_A_B2"}, {"id": "Txy_A_B1"}, {"id": "Txy_A_016"}, {"id": "Txy_A_015"}, {"id": "Txy_A_012"}, {"id": "Txy_A_011"}, {"id": "Txy_A_D"}, {"id": "Txy_A_010"}, {"id": "Txy_A_E"}, {"id": "Txy_A_B"}, {"id": "Txy_F_010"}, {"id": "Txy_F_009"}, {"id": "Rwy_01_005"}, {"id": "Txy_F_008"}, {"id": "Txy_F_007"}, {"id": "Rwy_02_006"}, {"id": "Txy_F_006"}, {"id": "Txy_F_L"}, {"id": "Txy_F_005"}, {"id": "Txy_F_N"}, {"id": "Txy_F_004"}, {"id": "Txy_F_003"}, {"id": "Txy_F_002"}, {"id": "Txy_F_001"}, {"id": "Rwy_03_001"}>.RW28L.OFFSH1.KSFO.SUNSS8.I26.RW26.<{"id": "Rwy_01_003"}, {"id": "Txy_A3_001"}, {"id": "Txy_A_004"}, {"id": "Txy_A_005"}, {"id": "Txy_A_006"}, {"id": "Ramp_16_002"}, {"id": "Parking_16_002"}>.KPHX

TRACK_TIME 1121249591
TRACK SWA1979 B733 373638 1222286 130 0 28 ZOA ZOA46
    FP_ROUTE KSFO.<{"id": "Parking_03_004"}, {"id": "Txy_Y_001"}, {"id": "Txy_Z_Y"}, {"id": "Txy_Z_R"}, {"id": "Txy_Z_S1"}, {"id": "Txy_Z_B1"}, {"id": "Txy_Z_Q"}, {"id": "Txy_B_003"}, {"id": "Txy_Q1_001"}, {"id": "Txy_A_014"}, {"id": "Txy_A_K"}, {"id": "Txy_A_013"}, {"id": "Txy_A_012"}, {"id": "Txy_A_011"}, {"id": "Txy_A_D"}, {"id": "Txy_A_010"}, {"id": "Txy_A_E"}, {"id": "Txy_A_009"}, {"id": "Txy_A_F1"}, {"id": "Txy_A_008"}, {"id": "Txy_A_G"}, {"id": "Txy_B_G"}, {"id": "Txy_B_H"}, {"id": "Txy_B_M"}, {"id": "Txy_M_002"}, {"id": "Rwy_01_001"}>.RW01L.OFFSH1.KSFO.SUNSS8.I25L.RW25L.<{"id": "Rwy_03_001"}, {"id": "Txy_G3_001"}, {"id": "Txy_F_001"}, {"id": "Txy_F_002"}, {"id": "Txy_F4_001"}, {"id": "Rwy_02_002"}, {"id": "Txy_E4_001"}, {"id": "Txy_E_003"}, {"id": "Txy_D_002"}, {"id": "Txy_D_003"}, {"id": "Txy_D_004"}, {"id": "Txy_D_005"}, {"id": "Txy_D_006"}, {"id": "Txy_D_007"}, {"id": "Txy_D_008"}, {"id": "Txy_D_009"}, {"id": "Txy_D_010"}, {"id": "Txy_D_011"}, {"id": "Txy_T_003"}, {"id": "Txy_T_002"}, {"id": "Ramp_05_004"}, {"id": "Ramp_05_003"}, {"id": "Ramp_05_002"}, {"id": "Gate_03_017"}>.KPHX

TRACK_TIME 1121249691
TRACK SWA1980 B733 373638 1222286 130 0 28 ZOA ZOA46
    FP_ROUTE KSFO.<{"id": "Gate_E_066"}, {"id": "Ramp_05_006"}, {"id": "Txy_A_011"}, {"id": "Txy_A_D"}, {"id": "Txy_A_010"}, {"id": "Txy_A_E"}, {"id": "Txy_A_009"}, {"id": "Txy_A_F1"}, {"id": "Txy_A_008"}, {"id": "Txy_A_G"}, {"id": "Txy_B_G"}, {"id": "Txy_B_H"}, {"id": "Txy_B_M"}, {"id": "Txy_M_002"}, {"id": "Rwy_01_001"}>.RW01L.OFFSH1.KSFO.SUNSS8.I26.RW26.<{"id": "Rwy_01_003"}, {"id": "Txy_B3_001"}, {"id": "Txy_B_003"}, {"id": "Txy_B_004"}, {"id": "Txy_B_005"}, {"id": "Txy_B_006"}, {"id": "Txy_B_007"}, {"id": "Txy_B_008"}, {"id": "Txy_B_009"}, {"id": "Txy_B_010"}, {"id": "Txy_B_011"}, {"id": "Txy_B_012"}, {"id": "Txy_B_013"}, {"id": "Txy_B_014"}, {"id": "Txy_C_011"}, {"id": "Txy_C_012"}, {"id": "Ramp_03_007"}, {"id": "Ramp_03_006"}, {"id": "Txy_C_013"}, {"id": "Txy_C_014"}, {"id": "Ramp_02_007"}, {"id": "Ramp_02_006"}, {"id": "Txy_C_016"}, {"id": "Ramp_01_005"}, {"id": "Ramp_01_004"}, {"id": "Txy_C_017"}, {"id": "Ramp_01_003"}, {"id": "Ramp_01_001"}, {"id": "Ramp_01_002"}, {"id": "Gate_04_B21"}>.KPHX

TRACK_TIME 1121249831
TRACK SWA1981 B733 373638 1222286 130 0 28 ZOA ZOA46
    FP_ROUTE KSFO.<{"id": "Gate_06_005"}, {"id": "Ramp_06_001"}, {"id": "Ramp_06_002"}, {"id": "Ramp_06_003"}, {"id": "Ramp_06_004"}, {"id": "Txy_A_012"}, {"id": "Txy_A_011"}, {"id": "Txy_A_D"}, {"id": "Txy_A_010"}, {"id": "Txy_A_E"}, {"id": "Txy_A_009"}, {"id": "Txy_A_F1"}, {"id": "Txy_A_008"}, {"id": "Txy_A_G"}, {"id": "Txy_B_G"}, {"id": "Txy_B_H"}, {"id": "Txy_B_M"}, {"id": "Txy_M_002"}, {"id": "Rwy_01_001"}>.RW01L.OFFSH1.KSFO.SUNSS8.I25L.RW25L.<{"id": "Rwy_03_001"}, {"id": "Txy_H1_001"}, {"id": "Txy_H_001"}, {"id": "Txy_H_004"}, {"id": "Txy_H_002"}, {"id": "Txy_H_003"}, {"id": "Txy_H_005"}, {"id": "Ramp_15_002"}, {"id": "Parking_15_002"}>.KPHX

TRACK_TIME 1121249968
TRACK SWA1982 B733 373638 1222286 130 0 28 ZOA ZOA46
    FP_ROUTE KSFO.<{"id": "Gate_G_096"}, {"id": "Ramp_07_004"}, {"id": "Ramp_07_005"}, {"id": "Ramp_07_006"}, {"id": "Ramp_07_007"}, {"id": "Txy_B_B5"}, {"id": "Txy_B5_001"}, {"id": "Txy_A_B4"}, {"id": "Txy_A_B3"}, {"id": "Txy_A_B2"}, {"id": "Txy_A_B1"}, {"id": "Txy_A_016"}, {"id": "Txy_A_015"}, {"id": "Txy_A_012"}, {"id": "Txy_A_011"}, {"id": "Txy_A_D"}, {"id": "Txy_A_010"}, {"id": "Txy_A_E"}, {"id": "Txy_A_B"}, {"id": "Txy_F_010"}, {"id": "Txy_F_009"}, {"id": "Rwy_01_005"}, {"id": "Txy_F_008"}, {"id": "Txy_F_007"}, {"id": "Rwy_02_006"}, {"id": "Txy_F_006"}, {"id": "Txy_F_L"}, {"id": "Txy_F_005"}, {"id": "Txy_F_N"}, {"id": "Txy_F_004"}, {"id": "Txy_F_003"}, {"id": "Txy_F_002"}, {"id": "Txy_F_001"}, {"id": "Rwy_03_001"}, {"id": "Txy_C_001"}, {"id": "Txy_C_002"}, {"id": "Rwy_04_001"}>.RW28R.OFFSH1.KSFO.SUNSS8.I25L.RW25L.<{"id": "Rwy_03_001"}, {"id": "Txy_G3_001"}, {"id": "Txy_F_001"}, {"id": "Txy_F_002"}, {"id": "Txy_F_003"}, {"id": "Txy_F_004"}, {"id": "Txy_F_005"}, {"id": "Txy_F6_001"}, {"id": "Rwy_02_005"}, {"id": "Txy_E6_001"}, {"id": "Txy_E_007"}, {"id": "Txy_E_008"}, {"id": "Txy_E_009"}, {"id": "Txy_E_010"}, {"id": "Txy_E_011"}, {"id": "Txy_E_012"}, {"id": "Txy_E_013"}, {"id": "Txy_E_014"}, {"id": "Txy_E_015"}, {"id": "Txy_E_016"}, {"id": "Txy_E_017"}, {"id": "Txy_D_013"}, {"id": "Ramp_08_004"}, {"id": "Ramp_08_005"}, {"id": "Txy_D_014"}, {"id": "Ramp_09_001"}, {"id": "Ramp_09_002"}, {"id": "Gate_04_0C3"}>.KPHX

TRACK_TIME 1121250113
TRACK SWA1983 B733 373638 1222286 130 0 28 ZOA ZOA46
    FP_ROUTE KSFO.<{"id": "Gate_D_54A"}, {"id": "Ramp_04_007"}, {"id": "Txy_A_F1"}, {"id": "Txy_A_008"}, {"id": "Txy_A_G"}, {"id": "Txy_B_G"}, {"id": "Txy_B_H"}, {"id": "Txy_B_M"}, {"id": "Txy_M_002"}, {"id": "Rwy_01_001"}>.RW01L.OFFSH1.KSFO.SUNSS8.I26.RW26.<{"id": "Rwy_01_003"}, {"id": "Txy_B3_001"}, {"id": "Txy_B_003"}, {"id": "Txy_B_004"}, {"id": "Txy_B_005"}, {"id": "Txy_B_006"}, {"id": "Txy_B_007"}, {"id": "Txy_B_008"}, {"id": "Txy_B_009"}, {"id": "Txy_B_010"}, {"id": "Txy_B_011"}, {"id": "Txy_B_012"}, {"id": "Txy_C_009"}, {"id": "Txy_T_001"}, {"id": "Txy_T_002"}, {"id": "Txy_T_003"}, {"id": "Txy_D_011"}, {"id": "Txy_D_010"}, {"id": "Txy_D_009"}, {"id": "Txy_D_008"}, {"id": "Txy_D_007"}, {"id": "Ramp_06_007"}, {"id": "Ramp_06_008"}, {"id": "Gate_02_008"}>.KPHX

TRACK_TIME 1121250319
TRACK SWA1984 B733 373638 1222286 130 0 28 ZOA ZOA46
    FP_ROUTE KSFO.<{"id": "Gate_E_060"}, {"id": "Ramp_05_001"}, {"id": "Ramp_05_002"}, {"id": "Ramp_05_003"}, {"id": "Txy_A_010"}, {"id": "Txy_A_E"}, {"id": "Txy_A_009"}, {"id": "Txy_A_F1"}, {"id": "Txy_A_008"}, {"id": "Txy_A_G"}, {"id": "Txy_A_007"}, {"id": "Txy_A_006"}, {"id": "Txy_A_005"}, {"id": "Txy_A_H"}, {"id": "Txy_A_004"}, {"id": "Txy_A_M"}, {"id": "Txy_A_003"}, {"id": "Txy_A_002"}, {"id": "Txy_A_A1"}, {"id": "Txy_A_001"}, {"id": "Rwy_02_001"}, {"id": "Rwy_02_002"}>.RW01R.OFFSH1.KSFO.SUNSS8.I26.RW26.<{"id": "Rwy_01_003"}, {"id": "Txy_B3_001"}, {"id": "Txy_B_003"}, {"id": "Txy_B_004"}, {"id": "Txy_B_005"}, {"id": "Txy_B_006"}, {"id": "Txy_B_007"}, {"id": "Txy_B_008"}, {"id": "Txy_B_009"}, {"id": "Txy_B_010"}, {"id": "Txy_B_011"}, {"id": "Txy_B_012"}, {"id": "Txy_B_013"}, {"id": "Txy_B_014"}, {"id": "Txy_C_011"}, {"id": "Txy_C_012"}, {"id": "Ramp_03_009"}, {"id": "Ramp_03_010"}, {"id": "Ramp_03_011"}, {"id": "Gate_04_0A8"}>.KPHX

TRACK_TIME 1121250376
TRACK SWA1985 B733 373638 1222286 130 0 28 ZOA ZOA46
    FP_ROUTE KSFO.<{"id": "Gate_G_091"}, {"id": "Ramp_07_015"}, {"id": "Ramp_07_014"}, {"id": "Ramp_07_013"}, {"id": "Ramp_07_012"}, {"id": "Ramp_07_011"}, {"id": "Ramp_07_010"}, {"id": "Ramp_07_008"}, {"id": "Txy_B_B5"}, {"id": "Txy_B5_001"}, {"id": "Txy_A_B4"}, {"id": "Txy_A_B3"}, {"id": "Txy_A_B2"}, {"id": "Txy_A_B1"}, {"id": "Txy_A_016"}, {"id": "Txy_A_015"}, {"id": "Txy_A_012"}, {"id": "Txy_A_011"}, {"id": "Txy_A_D"}, {"id": "Txy_A_010"}, {"id": "Txy_A_E"}, {"id": "Txy_A_009"}, {"id": "Txy_A_F1"}, {"id": "Txy_A_008"}, {"id": "Txy_A_G"}, {"id": "Txy_A_007"}, {"id": "Txy_A_006"}, {"id": "Txy_A_005"}, {"id": "Txy_A_H"}, {"id": "Txy_A_004"}, {"id": "Txy_A_M"}, {"id": "Txy_A_003"}, {"id": "Txy_A_002"}, {"id": "Txy_A_A1"}, {"id": "Txy_A_001"}, {"id": "Rwy_02_001"}, {"id": "Rwy_02_002"}>.RW01R.OFFSH1.KSFO.SUNSS8.I25L.RW25L.<{"id": "Rwy_03_001"}, {"id": "Txy_G3_001"}, {"id": "Txy_F_001"}, {"id": "Txy_F_002"}, {"id": "Txy_F4_001"}, {"id": "Rwy_02_002"}, {"id": "Txy_E4_001"}, {"id": "Txy_E_003"}, {"id": "Txy_D_002"}, {"id": "Txy_D_003"}, {"id": "Txy_D_004"}, {"id": "Txy_D_005"}, {"id": "Txy_D_006"}, {"id": "Txy_D_007"}, {"id": "Txy_D_008"}, {"id": "Txy_D_009"}, {"id": "Txy_D_010"}, {"id": "Txy_D_011"}, {"id": "Txy_T_003"}, {"id": "Txy_T_002"}, {"id": "Txy_T_001"}, {"id": "Txy_C_009"}, {"id": "Txy_C_010"}, {"id": "Ramp_04_009"}, {"id": "Ramp_04_008"}, {"id": "Ramp_04_007"}, {"id": "Txy_C_011"}, {"id": "Txy_C_012"}, {"id": "Ramp_03_007"}, {"id": "Ramp_03_006"}, {"id": "Txy_C_013"}, {"id": "Txy_C_014"}, {"id": "Ramp_02_007"}, {"id": "Ramp_02_006"}, {"id": "Txy_C_016"}, {"id": "Ramp_02_005"}, {"id": "Ramp_02_004"}, {"id": "Ramp_02_003"}, {"id": "Ramp_02_002"}, {"id": "Ramp_02_001"}, {"id": "Gate_04_0B1"}>.KPHX

TRACK_TIME 1121250512
TRACK SWA1986 B733 373638 1222286 130 0 28 ZOA ZOA46
    FP_ROUTE KSFO.<{"id": "Gate_C_048"}, {"id": "Ramp_03_005"}, {"id": "Txy_A_G"}, {"id": "Txy_A_007"}, {"id": "Txy_A_006"}, {"id": "Txy_A_005"}, {"id": "Txy_A_H"}, {"id": "Txy_A_004"}, {"id": "Txy_A_M"}, {"id": "Txy_A_003"}, {"id": "Txy_A_002"}, {"id": "Txy_A_A1"}, {"id": "Txy_A_001"}, {"id": "Rwy_02_001"}, {"id": "Rwy_02_002"}>.RW01R.OFFSH1.KSFO.SUNSS8.I25L.RW25L.<{"id": "Rwy_03_001"}, {"id": "Txy_G3_001"}, {"id": "Txy_F_001"}, {"id": "Txy_F_002"}, {"id": "Txy_F4_001"}, {"id": "Rwy_02_002"}, {"id": "Txy_E4_001"}, {"id": "Txy_E_003"}, {"id": "Txy_D_002"}, {"id": "Txy_D_003"}, {"id": "Txy_D_004"}, {"id": "Txy_D_005"}, {"id": "Txy_D_006"}, {"id": "Txy_D_007"}, {"id": "Txy_D_008"}, {"id": "Txy_D_009"}, {"id": "Txy_D_010"}, {"id": "Txy_D_011"}, {"id": "Txy_T_003"}, {"id": "Txy_T_002"}, {"id": "Txy_T_001"}, {"id": "Txy_C_009"}, {"id": "Txy_C_010"}, {"id": "Ramp_04_009"}, {"id": "Ramp_04_008"}, {"id": "Ramp_04_007"}, {"id": "Txy_C_011"}, {"id": "Txy_C_012"}, {"id": "Ramp_03_007"}, {"id": "Ramp_03_006"}, {"id": "Txy_C_013"}, {"id": "Txy_C_014"}, {"id": "Ramp_02_007"}, {"id": "Ramp_02_006"}, {"id": "Txy_C_016"}, {"id": "Ramp_02_005"}, {"id": "Ramp_02_004"}, {"id": "Ramp_02_003"}, {"id": "Ramp_02_002"}, {"id": "Ramp_02_001"}, {"id": "Gate_04_0B3"}>.KPHX

TRACK_TIME 1121250599
TRACK SWA1987 B733 373638 1222286 130 0 28 ZOA ZOA46
    FP_ROUTE KSFO.<{"id": "Gate_F_086"}, {"id": "Ramp_06_011"}, {"id": "Txy_A_B1"}, {"id": "Txy_A_016"}, {"id": "Txy_A_015"}, {"id": "Txy_A_012"}, {"id": "Txy_A_011"}, {"id": "Txy_A_D"}, {"id": "Txy_A_010"}, {"id": "Txy_A_E"}, {"id": "Txy_A_009"}, {"id": "Txy_A_F1"}, {"id": "Txy_A_008"}, {"id": "Txy_A_G"}, {"id": "Txy_A_007"}, {"id": "Txy_A_006"}, {"id": "Txy_A_005"}, {"id": "Txy_A_H"}, {"id": "Txy_A_004"}, {"id": "Txy_A_M"}, {"id": "Txy_A_003"}, {"id": "Txy_A_002"}, {"id": "Txy_A_A1"}, {"id": "Txy_A_001"}, {"id": "Rwy_02_001"}, {"id": "Rwy_02_002"}>.RW01R.OFFSH1.KSFO.SUNSS8.I26.RW26.<{"id": "Rwy_01_003"}, {"id": "Txy_B3_001"}, {"id": "Txy_B_003"}, {"id": "Txy_B_004"}, {"id": "Txy_B_005"}, {"id": "Txy_B_006"}, {"id": "Txy_B_007"}, {"id": "Txy_B_008"}, {"id": "Txy_B_009"}, {"id": "Txy_B_010"}, {"id": "Txy_B_011"}, {"id": "Txy_B_012"}, {"id": "Txy_C_009"}, {"id": "Txy_T_001"}, {"id": "Txy_T_002"}, {"id": "Txy_T_003"}, {"id": "Txy_D_011"}, {"id": "Txy_D_010"}, {"id": "Txy_D_009"}, {"id": "Txy_D_008"}, {"id": "Txy_D_007"}, {"id": "Txy_D_006"}, {"id": "Txy_D_005"}, {"id": "Txy_D_004"}, {"id": "Txy_D_003"}, {"id": "Txy_D_002"}, {"id": "Txy_D_001"}, {"id": "Ramp_14_003"}, {"id": "Parking_14_001"}>.KPHX

TRACK_TIME 1121250742
TRACK SWA1988 B733 373638 1222286 130 0 28 ZOA ZOA46
    FP_ROUTE KSFO.<{"id": "Gate_B_025"}, {"id": "Ramp_03_003"}, {"id": "Ramp_03_004"}, {"id": "Txy_A_007"}, {"id": "Txy_A_G"}, {"id": "Txy_A_008"}, {"id": "Txy_A_F1"}, {"id": "Txy_B_F1"}, {"id": "Txy_F1_001"}, {"id": "Rwy_01_004"}, {"id": "Txy_F1_002"}, {"id": "Txy_F1_003"}, {"id": "Rwy_02_005"}, {"id": "Txy_F1_004"}, {"id": "Txy_F_L"}, {"id": "Txy_F_005"}, {"id": "Txy_F_N"}, {"id": "Txy_F_004"}, {"id": "Txy_F_003"}, {"id": "Txy_F_002"}, {"id": "Txy_F_001"}, {"id": "Rwy_03_001"}, {"id": "Txy_C_001"}, {"id": "Txy_C_002"}, {"id": "Rwy_04_001"}>.RW28R.OFFSH1.KSFO.SUNSS8.I26.RW26.<{"id": "Rwy_01_003"}, {"id": "Txy_B3_001"}, {"id": "Txy_B_003"}, {"id": "Txy_B_004"}, {"id": "Txy_B_005"}, {"id": "Txy_B_006"}, {"id": "Txy_B_007"}, {"id": "Txy_B_008"}, {"id": "Txy_B_009"}, {"id": "Txy_B_010"}, {"id": "Txy_B_011"}, {"id": "Txy_B_012"}, {"id": "Txy_B_013"}, {"id": "Txy_B_014"}, {"id": "Txy_C_011"}, {"id": "Ramp_04_006"}, {"id": "Ramp_04_005"}, {"id": "Ramp_04_004"}, {"id": "Ramp_04_003"}, {"id": "Ramp_04_002"}, {"id": "Gate_04_A17"}>.KPHX

TRACK_TIME 1121250834
TRACK SWA1989 B733 373638 1222286 130 0 28 ZOA ZOA46
    FP_ROUTE KSFO.<{"id": "Gate_G_095"}, {"id": "Ramp_07_013"}, {"id": "Ramp_07_012"}, {"id": "Ramp_07_011"}, {"id": "Ramp_07_010"}, {"id": "Ramp_07_008"}, {"id": "Txy_B_B5"}, {"id": "Txy_B5_001"}, {"id": "Txy_A_B4"}, {"id": "Txy_A_B3"}, {"id": "Txy_A_B2"}, {"id": "Txy_A_B1"}, {"id": "Txy_A_016"}, {"id": "Txy_A_015"}, {"id": "Txy_A_012"}, {"id": "Txy_A_011"}, {"id": "Txy_A_D"}, {"id": "Txy_A_010"}, {"id": "Txy_A_E"}, {"id": "Txy_A_009"}, {"id": "Txy_A_F1"}, {"id": "Txy_A_008"}, {"id": "Txy_A_G"}, {"id": "Txy_A_007"}, {"id": "Txy_A_006"}, {"id": "Txy_A_005"}, {"id": "Txy_A_H"}, {"id": "Txy_A_004"}, {"id": "Txy_A_M"}, {"id": "Txy_A_003"}, {"id": "Txy_A_002"}, {"id": "Txy_A_A1"}, {"id": "Txy_A_001"}, {"id": "Rwy_02_001"}, {"id": "Rwy_02_002"}>.RW01R.OFFSH1.KSFO.SUNSS8.I26.RW26.<{"id": "Rwy_01_003"}, {"id": "Txy_B3_001"}, {"id": "Txy_B_003"}, {"id": "Txy_B_004"}, {"id": "Txy_B_005"}, {"id": "Txy_B_006"}, {"id": "Txy_B_007"}, {"id": "Txy_B_008"}, {"id": "Txy_B_009"}, {"id": "Txy_B_010"}, {"id": "Txy_B_011"}, {"id": "Txy_B_012"}, {"id": "Txy_B_013"}, {"id": "Txy_B_014"}, {"id": "Txy_C_011"}, {"id": "Txy_C_012"}, {"id": "Ramp_03_007"}, {"id": "Ramp_03_006"}, {"id": "Txy_C_013"}, {"id": "Txy_C_014"}, {"id": "Ramp_02_008"}, {"id": "Gate_04_B12"}>.KPHX

TRACK_TIME 1121250939
TRACK SWA1990 B733 373638 1222286 130 0 28 ZOA ZOA46
    FP_ROUTE KSFO.<{"id": "Gate_B_021"}, {"id": "Ramp_03_001"}, {"id": "Ramp_03_002"}, {"id": "Ramp_03_003"}, {"id": "Ramp_03_004"}, {"id": "Txy_A_007"}, {"id": "Txy_A_006"}, {"id": "Txy_A_005"}, {"id": "Txy_A_H"}, {"id": "Txy_B_H"}, {"id": "Txy_B_M"}, {"id": "Txy_M_002"}, {"id": "Rwy_01_001"}>.RW01L.OFFSH1.KSFO.SUNSS8.I25L.RW25L.<{"id": "Rwy_03_001"}, {"id": "Txy_G3_001"}, {"id": "Txy_F_001"}, {"id": "Txy_F_002"}, {"id": "Txy_F_003"}, {"id": "Txy_F_004"}, {"id": "Txy_F_005"}, {"id": "Txy_F6_001"}, {"id": "Rwy_02_005"}, {"id": "Txy_E6_001"}, {"id": "Txy_E_007"}, {"id": "Txy_E_008"}, {"id": "Txy_E_009"}, {"id": "Txy_E_010"}, {"id": "Txy_E_011"}, {"id": "Txy_E_012"}, {"id": "Txy_E_013"}, {"id": "Txy_E_014"}, {"id": "Txy_E_015"}, {"id": "Txy_E_016"}, {"id": "Txy_E_017"}, {"id": "Txy_D_013"}, {"id": "Ramp_08_004"}, {"id": "Ramp_08_005"}, {"id": "Txy_D_014"}, {"id": "Ramp_09_004"}, {"id": "Gate_04_0C7"}>.KPHX

TRACK_TIME 1121251136
TRACK SWA1991 B733 373638 1222286 130 0 28 ZOA ZOA46
    FP_ROUTE KSFO.<{"id": "Gate_G_099"}, {"id": "Ramp_07_011"}, {"id": "Ramp_07_010"}, {"id": "Ramp_07_008"}, {"id": "Txy_B_B5"}, {"id": "Txy_B5_001"}, {"id": "Txy_A_B4"}, {"id": "Txy_A_B3"}, {"id": "Txy_A_B2"}, {"id": "Txy_A_B1"}, {"id": "Txy_A_016"}, {"id": "Txy_A_015"}, {"id": "Txy_A_012"}, {"id": "Txy_A_011"}, {"id": "Txy_A_D"}, {"id": "Txy_A_010"}, {"id": "Txy_A_E"}, {"id": "Txy_A_009"}, {"id": "Txy_A_F1"}, {"id": "Txy_A_008"}, {"id": "Txy_A_G"}, {"id": "Txy_B_G"}, {"id": "Txy_B_H"}, {"id": "Txy_B_M"}, {"id": "Txy_M_002"}, {"id": "Rwy_01_001"}>.RW01L.OFFSH1.KSFO.SUNSS8.I26.RW26.<{"id": "Rwy_01_003"}, {"id": "Txy_B3_001"}, {"id": "Txy_B_003"}, {"id": "Txy_B_004"}, {"id": "Txy_B_005"}, {"id": "Txy_B_006"}, {"id": "Txy_B_007"}, {"id": "Txy_B_008"}, {"id": "Txy_B_009"}, {"id": "Txy_B_010"}, {"id": "Txy_B_011"}, {"id": "Txy_B_012"}, {"id": "Txy_B_013"}, {"id": "Txy_C_010"}, {"id": "Ramp_04_009"}, {"id": "Gate_04_A30"}>.KPHX

TRACK_TIME 1121251200
TRACK SWA1992 B733 373638 1222286 130 0 28 ZOA ZOA46
    FP_ROUTE KSFO.<{"id": "Gate_E_062"}, {"id": "Ramp_05_002"}, {"id": "Ramp_05_003"}, {"id": "Txy_A_010"}, {"id": "Txy_A_E"}, {"id": "Txy_A_009"}, {"id": "Txy_A_F1"}, {"id": "Txy_A_008"}, {"id": "Txy_A_G"}, {"id": "Txy_B_G"}, {"id": "Txy_B_H"}, {"id": "Txy_B_M"}, {"id": "Txy_M_002"}, {"id": "Rwy_01_001"}>.RW01L.OFFSH1.KSFO.SUNSS8.I25L.RW25L.<{"id": "Rwy_03_001"}, {"id": "Txy_G3_001"}, {"id": "Txy_F_001"}, {"id": "Txy_F_002"}, {"id": "Txy_F4_001"}, {"id": "Rwy_02_002"}, {"id": "Txy_E4_001"}, {"id": "Txy_E_003"}, {"id": "Txy_D_002"}, {"id": "Txy_D_003"}, {"id": "Txy_D_004"}, {"id": "Txy_D_005"}, {"id": "Txy_D_006"}, {"id": "Txy_D_007"}, {"id": "Txy_D_008"}, {"id": "Txy_D_009"}, {"id": "Txy_D_010"}, {"id": "Txy_D_011"}, {"id": "Txy_T_003"}, {"id": "Txy_T_002"}, {"id": "Txy_T_001"}, {"id": "Txy_C_009"}, {"id": "Txy_C_010"}, {"id": "Ramp_04_009"}, {"id": "Ramp_04_008"}, {"id": "Ramp_04_007"}, {"id": "Txy_C_011"}, {"id": "Txy_C_012"}, {"id": "Ramp_03_007"}, {"id": "Ramp_03_006"}, {"id": "Txy_C_013"}, {"id": "Txy_C_014"}, {"id": "Ramp_02_007"}, {"id": "Ramp_02_006"}, {"id": "Txy_C_016"}, {"id": "Ramp_02_005"}, {"id": "Ramp_02_004"}, {"id": "Ramp_02_003"}, {"id": "Gate_04_0B7"}>.KPHX

TRACK_TIME 1121251402
TRACK SWA1993 B733 373638 1222286 130 0 28 ZOA ZOA46
    FP_ROUTE KSFO.<{"id": "Gate_06_003"}, {"id": "Ramp_06_001"}, {"id": "Ramp_06_002"}, {"id": "Ramp_06_003"}, {"id": "Ramp_06_004"}, {"id": "Txy_A_012"}, {"id": "Txy_A_011"}, {"id": "Txy_A_D"}, {"id": "Txy_A_010"}, {"id": "Txy_A_E"}, {"id": "Txy_A_B"}, {"id": "Txy_F_010"}, {"id": "Txy_F_009"}, {"id": "Rwy_01_005"}, {"id": "Txy_F_008"}, {"id": "Txy_F_007"}, {"id": "Rwy_02_006"}, {"id": "Txy_F_006"}, {"id": "Txy_F_L"}, {"id": "Txy_F_005"}, {"id": "Txy_F_N"}, {"id": "Txy_F_004"}, {"id": "Txy_F_003"}, {"id": "Txy_F_002"}, {"id": "Txy_F_001"}, {"id": "Rwy_03_001"}>.RW28L.OFFSH1.KSFO.SUNSS8.I26.RW26.<{"id": "Rwy_01_003"}, {"id": "Txy_B3_001"}, {"id": "Txy_B_003"}, {"id": "Txy_B_004"}, {"id": "Txy_B_005"}, {"id": "Txy_B_006"}, {"id": "Txy_B_007"}, {"id": "Txy_B_008"}, {"id": "Txy_B_009"}, {"id": "Txy_B_010"}, {"id": "Txy_B_011"}, {"id": "Txy_B_012"}, {"id": "Txy_B_013"}, {"id": "Txy_B_014"}, {"id": "Txy_C_011"}, {"id": "Txy_C_012"}, {"id": "Ramp_03_007"}, {"id": "Ramp_03_006"}, {"id": "Txy_C_013"}, {"id": "Txy_C_014"}, {"id": "Ramp_02_008"}, {"id": "Ramp_02_009"}, {"id": "Gate_04_B10"}>.KPHX

TRACK_TIME 1121251449
TRACK SWA1994 B733 373638 1222286 130 0 28 ZOA ZOA46
    FP_ROUTE KSFO.<{"id": "Gate_G_094"}, {"id": "Ramp_07_003"}, {"id": "Ramp_07_004"}, {"id": "Ramp_07_005"}, {"id": "Ramp_07_006"}, {"id": "Ramp_07_007"}, {"id": "Txy_B_B5"}, {"id": "Txy_B5_001"}, {"id": "Txy_A_B4"}, {"id": "Txy_A_B3"}, {"id": "Txy_A_B2"}, {"id": "Txy_A_B1"}, {"id": "Txy_A_016"}, {"id": "Txy_A_015"}, {"id": "Txy_A_012"}, {"id": "Txy_A_011"}, {"id": "Txy_A_D"}, {"id": "Txy_A_010"}, {"id": "Txy_A_E"}, {"id": "Txy_A_B"}, {"id": "Txy_F_010"}, {"id": "Txy_F_009"}, {"id": "Rwy_01_005"}, {"id": "Txy_F_008"}, {"id": "Txy_F_007"}, {"id": "Rwy_02_006"}, {"id": "Txy_F_006"}, {"id": "Txy_F_L"}, {"id": "Txy_F_005"}, {"id": "Txy_F_N"}, {"id": "Txy_F_004"}, {"id": "Txy_F_003"}, {"id": "Txy_F_002"}, {"id": "Txy_F_001"}, {"id": "Rwy_03_001"}, {"id": "Txy_C_001"}, {"id": "Txy_C_002"}, {"id": "Rwy_04_001"}>.RW28R.OFFSH1.KSFO.SUNSS8.I25L.RW25L.<{"id": "Rwy_03_001"}, {"id": "Txy_G3_001"}, {"id": "Txy_F_001"}, {"id": "Txy_F_002"}, {"id": "Txy_F4_001"}, {"id": "Rwy_02_002"}, {"id": "Txy_E4_001"}, {"id": "Txy_E_003"}, {"id": "Txy_D_002"}, {"id": "Txy_D_003"}, {"id": "Txy_D_004"}, {"id": "Txy_D_005"}, {"id": "Txy_D_006"}, {"id": "Txy_D_007"}, {"id": "Txy_D_008"}, {"id": "Txy_D_009"}, {"id": "Txy_D_010"}, {"id": "Txy_D_011"}, {"id": "Txy_T_003"}, {"id": "Txy_T_002"}, {"id": "Txy_T_001"}, {"id": "Txy_C_009"}, {"id": "Txy_C_010"}, {"id": "Ramp_04_009"}, {"id": "Ramp_04_008"}, {"id": "Ramp_04_007"}, {"id": "Txy_C_011"}, {"id": "Ramp_04_006"}, {"id": "Ramp_04_005"}, {"id": "Ramp_04_004"}, {"id": "Ramp_04_003"}, {"id": "Gate_04_A19"}>.KPHX

TRACK_TIME 1121251502
TRACK SWA1995 B733 373638 1222286 130 0 28 ZOA ZOA46
    FP_ROUTE KSFO.<{"id": "Gate_G_097"}, {"id": "Ramp_07_012"}, {"id": "Ramp_07_011"}, {"id": "Ramp_07_010"}, {"id": "Ramp_07_008"}, {"id": "Txy_B_B5"}, {"id": "Txy_B5_001"}, {"id": "Txy_A_B4"}, {"id": "Txy_A_B3"}, {"id": "Txy_A_B2"}, {"id": "Txy_A_B1"}, {"id": "Txy_A_016"}, {"id": "Txy_A_015"}, {"id": "Txy_A_012"}, {"id": "Txy_A_011"}, {"id": "Txy_A_D"}, {"id": "Txy_A_010"}, {"id": "Txy_A_E"}, {"id": "Txy_A_009"}, {"id": "Txy_A_F1"}, {"id": "Txy_A_008"}, {"id": "Txy_A_G"}, {"id": "Txy_B_G"}, {"id": "Txy_B_H"}, {"id": "Txy_B_M"}, {"id": "Txy_M_002"}, {"id": "Rwy_01_001"}>.RW01L.OFFSH1.KSFO.SUNSS8.I26.RW26.<{"id": "Rwy_01_003"}, {"id": "Txy_B3_001"}, {"id": "Txy_B_003"}, {"id": "Txy_B_004"}, {"id": "Txy_B_005"}, {"id": "Txy_B_006"}, {"id": "Txy_B_007"}, {"id": "Txy_B_008"}, {"id": "Txy_B_009"}, {"id": "Txy_B_010"}, {"id": "Txy_B_011"}, {"id": "Txy_B_012"}, {"id": "Txy_B_013"}, {"id": "Txy_B_014"}, {"id": "Txy_C_011"}, {"id": "Txy_C_012"}, {"id": "Ramp_03_007"}, {"id": "Ramp_03_006"}, {"id": "Txy_C_013"}, {"id": "Txy_C_014"}, {"id": "Ramp_02_007"}, {"id": "Ramp_02_006"}, {"id": "Txy_C_016"}, {"id": "Ramp_01_005"}, {"id": "Ramp_01_004"}, {"id": "Txy_C_017"}, {"id": "Txy_R_001"}, {"id": "Txy_R_002"}, {"id": "Ramp_11_002"}, {"id": "Parking_11_001"}>.KPHX

TRACK_TIME 1121251670
TRACK SWA1996 B733 373638 1222286 130 0 28 ZOA ZOA46
    FP_ROUTE KSFO.<{"id": "Parking_03_002"}, {"id": "Txy_Y_001"}, {"id": "Txy_Z_Y"}, {"id": "Txy_Z_R"}, {"id": "Txy_Z_S1"}, {"id": "Txy_Z_B1"}, {"id": "Txy_Z_Q"}, {"id": "Txy_B_003"}, {"id": "Txy_Q1_001"}, {"id": "Txy_A_014"}, {"id": "Txy_A_K"}, {"id": "Txy_A_013"}, {"id": "Txy_A_012"}, {"id": "Txy_A_011"}, {"id": "Txy_A_D"}, {"id": "Txy_A_010"}, {"id": "Txy_A_E"}, {"id": "Txy_A_009"}, {"id": "Txy_A_F1"}, {"id": "Txy_A_008"}, {"id": "Txy_A_G"}, {"id": "Txy_A_007"}, {"id": "Txy_A_006"}, {"id": "Txy_A_005"}, {"id": "Txy_A_H"}, {"id": "Txy_A_004"}, {"id": "Txy_A_M"}, {"id": "Txy_A_003"}, {"id": "Txy_A_002"}, {"id": "Txy_A_A1"}, {"id": "Txy_A_001"}, {"id": "Rwy_02_001"}, {"id": "Rwy_02_002"}>.RW01R.OFFSH1.KSFO.SUNSS8.I25L.RW25L.<{"id": "Rwy_03_001"}, {"id": "Txy_G3_001"}, {"id": "Txy_F_001"}, {"id": "Txy_F_002"}, {"id": "Txy_F_003"}, {"id": "Txy_F_004"}, {"id": "Txy_F_005"}, {"id": "Txy_F6_001"}, {"id": "Rwy_02_005"}, {"id": "Txy_E6_001"}, {"id": "Txy_E_007"}, {"id": "Txy_E_008"}, {"id": "Txy_E_009"}, {"id": "Txy_E_010"}, {"id": "Txy_E_011"}, {"id": "Txy_E_012"}, {"id": "Txy_E_013"}, {"id": "Txy_E_014"}, {"id": "Txy_E_015"}, {"id": "Txy_E_016"}, {"id": "Txy_E_017"}, {"id": "Txy_D_013"}, {"id": "Ramp_08_004"}, {"id": "Ramp_08_005"}, {"id": "Txy_D_014"}, {"id": "Ramp_08_007"}, {"id": "Ramp_08_008"}, {"id": "Gate_04_0D4"}>.KPHX

TRACK_TIME 1121251871
TRACK SWA1997 B733 373638 1222286 130 0 28 ZOA ZOA46
    FP_ROUTE KSFO.<{"id": "Gate_A_005"}, {"id": "Txy_H_001"}, {"id": "Txy_M_H"}, {"id": "Txy_M_001"}, {"id": "Txy_A_M"}, {"id": "Txy_A_003"}, {"id": "Txy_A_002"}, {"id": "Txy_A_A1"}, {"id": "Txy_A_001"}, {"id": "Rwy_02_001"}, {"id": "Rwy_02_002"}>.RW01R.OFFSH1.KSFO.SUNSS8.I26.RW26.<{"id": "Rwy_01_003"}, {"id": "Txy_B3_001"}, {"id": "Txy_B_003"}, {"id": "Txy_B_004"}, {"id": "Txy_B_005"}, {"id": "Txy_B_006"}, {"id": "Txy_B_007"}, {"id": "Txy_B_008"}, {"id": "Txy_B_009"}, {"id": "Txy_B_010"}, {"id": "Txy_B_011"}, {"id": "Txy_B_012"}, {"id": "Txy_B_013"}, {"id": "Txy_B_014"}, {"id": "Txy_C_011"}, {"id": "Txy_C_012"}, {"id": "Ramp_03_007"}, {"id": "Ramp_03_006"}, {"id": "Txy_C_013"}, {"id": "Txy_C_014"}, {"id": "Ramp_02_008"}, {"id": "Ramp_02_009"}, {"id": "Ramp_02_010"}, {"id": "Ramp_02_011"}, {"id": "Ramp_02_012"}, {"id": "Gate_04_0B4"}>.KPHX

