TRACK_TIME 1121239000
TRACK SWA732 B737 360448N 1150908W 150 21.81 0 ZLA ZLA33
    FP_ROUTE KLAS.<>.<>.KBUR


